CRITICAL - 2022-12-23 00:25:12 --> syntax error, unexpected token "?"
#0 /opt/bitnami/apache/htdocs/vh/vendor/codeigniter4/framework/system/View/View.php(213): CodeIgniter\View\View->CodeIgniter\View\{closure}()
#1 /opt/bitnami/apache/htdocs/vh/vendor/codeigniter4/framework/system/Common.php(1089): CodeIgniter\View\View->render()
#2 /opt/bitnami/apache/htdocs/vh/app/Controllers/Contracts.php(69): view()
#3 /opt/bitnami/apache/htdocs/vh/vendor/codeigniter4/framework/system/CodeIgniter.php(832): App\Controllers\Contracts->edit()
#4 /opt/bitnami/apache/htdocs/vh/vendor/codeigniter4/framework/system/CodeIgniter.php(419): CodeIgniter\CodeIgniter->runController()
#5 /opt/bitnami/apache/htdocs/vh/vendor/codeigniter4/framework/system/CodeIgniter.php(326): CodeIgniter\CodeIgniter->handleRequest()
#6 /opt/bitnami/apache/htdocs/vh/index.php(37): CodeIgniter\CodeIgniter->run()
#7 {main}
CRITICAL - 2022-12-23 10:16:35 --> Unclosed '{' on line 365
#0 /opt/bitnami/apache/htdocs/vh/vendor/codeigniter4/framework/system/View/View.php(213): CodeIgniter\View\View->CodeIgniter\View\{closure}()
#1 /opt/bitnami/apache/htdocs/vh/vendor/codeigniter4/framework/system/Common.php(1089): CodeIgniter\View\View->render()
#2 /opt/bitnami/apache/htdocs/vh/app/Controllers/Contracts.php(123): view()
#3 /opt/bitnami/apache/htdocs/vh/vendor/codeigniter4/framework/system/CodeIgniter.php(832): App\Controllers\Contracts->create()
#4 /opt/bitnami/apache/htdocs/vh/vendor/codeigniter4/framework/system/CodeIgniter.php(419): CodeIgniter\CodeIgniter->runController()
#5 /opt/bitnami/apache/htdocs/vh/vendor/codeigniter4/framework/system/CodeIgniter.php(326): CodeIgniter\CodeIgniter->handleRequest()
#6 /opt/bitnami/apache/htdocs/vh/index.php(37): CodeIgniter\CodeIgniter->run()
#7 {main}
CRITICAL - 2022-12-23 10:42:30 --> Array to string conversion
#0 /opt/bitnami/apache/htdocs/vh/app/Views/exchange/contracts/create.php(360): CodeIgniter\Debug\Exceptions->errorHandler()
#1 /opt/bitnami/apache/htdocs/vh/vendor/codeigniter4/framework/system/View/View.php(210): include('...')
#2 /opt/bitnami/apache/htdocs/vh/vendor/codeigniter4/framework/system/View/View.php(213): CodeIgniter\View\View->CodeIgniter\View\{closure}()
#3 /opt/bitnami/apache/htdocs/vh/vendor/codeigniter4/framework/system/Common.php(1089): CodeIgniter\View\View->render()
#4 /opt/bitnami/apache/htdocs/vh/app/Controllers/Contracts.php(197): view()
#5 /opt/bitnami/apache/htdocs/vh/vendor/codeigniter4/framework/system/CodeIgniter.php(832): App\Controllers\Contracts->save()
#6 /opt/bitnami/apache/htdocs/vh/vendor/codeigniter4/framework/system/CodeIgniter.php(419): CodeIgniter\CodeIgniter->runController()
#7 /opt/bitnami/apache/htdocs/vh/vendor/codeigniter4/framework/system/CodeIgniter.php(326): CodeIgniter\CodeIgniter->handleRequest()
#8 /opt/bitnami/apache/htdocs/vh/index.php(37): CodeIgniter\CodeIgniter->run()
#9 {main}
CRITICAL - 2022-12-23 10:43:35 --> Array to string conversion
#0 /opt/bitnami/apache/htdocs/vh/app/Views/exchange/contracts/create.php(360): CodeIgniter\Debug\Exceptions->errorHandler()
#1 /opt/bitnami/apache/htdocs/vh/vendor/codeigniter4/framework/system/View/View.php(210): include('...')
#2 /opt/bitnami/apache/htdocs/vh/vendor/codeigniter4/framework/system/View/View.php(213): CodeIgniter\View\View->CodeIgniter\View\{closure}()
#3 /opt/bitnami/apache/htdocs/vh/vendor/codeigniter4/framework/system/Common.php(1089): CodeIgniter\View\View->render()
#4 /opt/bitnami/apache/htdocs/vh/app/Controllers/Contracts.php(197): view()
#5 /opt/bitnami/apache/htdocs/vh/vendor/codeigniter4/framework/system/CodeIgniter.php(832): App\Controllers\Contracts->save()
#6 /opt/bitnami/apache/htdocs/vh/vendor/codeigniter4/framework/system/CodeIgniter.php(419): CodeIgniter\CodeIgniter->runController()
#7 /opt/bitnami/apache/htdocs/vh/vendor/codeigniter4/framework/system/CodeIgniter.php(326): CodeIgniter\CodeIgniter->handleRequest()
#8 /opt/bitnami/apache/htdocs/vh/index.php(37): CodeIgniter\CodeIgniter->run()
#9 {main}
CRITICAL - 2022-12-23 10:44:28 --> Array to string conversion
#0 /opt/bitnami/apache/htdocs/vh/app/Views/exchange/contracts/create.php(360): CodeIgniter\Debug\Exceptions->errorHandler()
#1 /opt/bitnami/apache/htdocs/vh/vendor/codeigniter4/framework/system/View/View.php(210): include('...')
#2 /opt/bitnami/apache/htdocs/vh/vendor/codeigniter4/framework/system/View/View.php(213): CodeIgniter\View\View->CodeIgniter\View\{closure}()
#3 /opt/bitnami/apache/htdocs/vh/vendor/codeigniter4/framework/system/Common.php(1089): CodeIgniter\View\View->render()
#4 /opt/bitnami/apache/htdocs/vh/app/Controllers/Contracts.php(197): view()
#5 /opt/bitnami/apache/htdocs/vh/vendor/codeigniter4/framework/system/CodeIgniter.php(832): App\Controllers\Contracts->save()
#6 /opt/bitnami/apache/htdocs/vh/vendor/codeigniter4/framework/system/CodeIgniter.php(419): CodeIgniter\CodeIgniter->runController()
#7 /opt/bitnami/apache/htdocs/vh/vendor/codeigniter4/framework/system/CodeIgniter.php(326): CodeIgniter\CodeIgniter->handleRequest()
#8 /opt/bitnami/apache/htdocs/vh/index.php(37): CodeIgniter\CodeIgniter->run()
#9 {main}
CRITICAL - 2022-12-23 11:05:28 --> Array to string conversion
#0 /opt/bitnami/apache/htdocs/vh/app/Views/exchange/contracts/create.php(363): CodeIgniter\Debug\Exceptions->errorHandler()
#1 /opt/bitnami/apache/htdocs/vh/vendor/codeigniter4/framework/system/View/View.php(210): include('...')
#2 /opt/bitnami/apache/htdocs/vh/vendor/codeigniter4/framework/system/View/View.php(213): CodeIgniter\View\View->CodeIgniter\View\{closure}()
#3 /opt/bitnami/apache/htdocs/vh/vendor/codeigniter4/framework/system/Common.php(1089): CodeIgniter\View\View->render()
#4 /opt/bitnami/apache/htdocs/vh/app/Controllers/Contracts.php(197): view()
#5 /opt/bitnami/apache/htdocs/vh/vendor/codeigniter4/framework/system/CodeIgniter.php(832): App\Controllers\Contracts->save()
#6 /opt/bitnami/apache/htdocs/vh/vendor/codeigniter4/framework/system/CodeIgniter.php(419): CodeIgniter\CodeIgniter->runController()
#7 /opt/bitnami/apache/htdocs/vh/vendor/codeigniter4/framework/system/CodeIgniter.php(326): CodeIgniter\CodeIgniter->handleRequest()
#8 /opt/bitnami/apache/htdocs/vh/index.php(37): CodeIgniter\CodeIgniter->run()
#9 {main}
CRITICAL - 2022-12-23 11:13:54 --> Undefined array key "leverage"
#0 /opt/bitnami/apache/htdocs/vh/app/Models/PortfolioModel.php(130): CodeIgniter\Debug\Exceptions->errorHandler()
#1 /opt/bitnami/apache/htdocs/vh/app/Controllers/Portfolio.php(105): App\Models\PortfolioModel->add_open_position()
#2 /opt/bitnami/apache/htdocs/vh/vendor/codeigniter4/framework/system/CodeIgniter.php(832): App\Controllers\Portfolio->open_position()
#3 /opt/bitnami/apache/htdocs/vh/vendor/codeigniter4/framework/system/CodeIgniter.php(419): CodeIgniter\CodeIgniter->runController()
#4 /opt/bitnami/apache/htdocs/vh/vendor/codeigniter4/framework/system/CodeIgniter.php(326): CodeIgniter\CodeIgniter->handleRequest()
#5 /opt/bitnami/apache/htdocs/vh/index.php(37): CodeIgniter\CodeIgniter->run()
#6 {main}
CRITICAL - 2022-12-23 11:13:57 --> Undefined array key "leverage"
#0 /opt/bitnami/apache/htdocs/vh/app/Models/PortfolioModel.php(130): CodeIgniter\Debug\Exceptions->errorHandler()
#1 /opt/bitnami/apache/htdocs/vh/app/Controllers/Portfolio.php(105): App\Models\PortfolioModel->add_open_position()
#2 /opt/bitnami/apache/htdocs/vh/vendor/codeigniter4/framework/system/CodeIgniter.php(832): App\Controllers\Portfolio->open_position()
#3 /opt/bitnami/apache/htdocs/vh/vendor/codeigniter4/framework/system/CodeIgniter.php(419): CodeIgniter\CodeIgniter->runController()
#4 /opt/bitnami/apache/htdocs/vh/vendor/codeigniter4/framework/system/CodeIgniter.php(326): CodeIgniter\CodeIgniter->handleRequest()
#5 /opt/bitnami/apache/htdocs/vh/index.php(37): CodeIgniter\CodeIgniter->run()
#6 {main}
CRITICAL - 2022-12-23 11:14:04 --> Undefined array key "leverage"
#0 /opt/bitnami/apache/htdocs/vh/app/Models/PortfolioModel.php(130): CodeIgniter\Debug\Exceptions->errorHandler()
#1 /opt/bitnami/apache/htdocs/vh/app/Controllers/Portfolio.php(105): App\Models\PortfolioModel->add_open_position()
#2 /opt/bitnami/apache/htdocs/vh/vendor/codeigniter4/framework/system/CodeIgniter.php(832): App\Controllers\Portfolio->open_position()
#3 /opt/bitnami/apache/htdocs/vh/vendor/codeigniter4/framework/system/CodeIgniter.php(419): CodeIgniter\CodeIgniter->runController()
#4 /opt/bitnami/apache/htdocs/vh/vendor/codeigniter4/framework/system/CodeIgniter.php(326): CodeIgniter\CodeIgniter->handleRequest()
#5 /opt/bitnami/apache/htdocs/vh/index.php(37): CodeIgniter\CodeIgniter->run()
#6 {main}
CRITICAL - 2022-12-23 11:14:12 --> Undefined array key "leverage"
#0 /opt/bitnami/apache/htdocs/vh/app/Models/PortfolioModel.php(130): CodeIgniter\Debug\Exceptions->errorHandler()
#1 /opt/bitnami/apache/htdocs/vh/app/Controllers/Portfolio.php(105): App\Models\PortfolioModel->add_open_position()
#2 /opt/bitnami/apache/htdocs/vh/vendor/codeigniter4/framework/system/CodeIgniter.php(832): App\Controllers\Portfolio->open_position()
#3 /opt/bitnami/apache/htdocs/vh/vendor/codeigniter4/framework/system/CodeIgniter.php(419): CodeIgniter\CodeIgniter->runController()
#4 /opt/bitnami/apache/htdocs/vh/vendor/codeigniter4/framework/system/CodeIgniter.php(326): CodeIgniter\CodeIgniter->handleRequest()
#5 /opt/bitnami/apache/htdocs/vh/index.php(37): CodeIgniter\CodeIgniter->run()
#6 {main}
CRITICAL - 2022-12-23 11:16:10 --> Undefined array key "leverage"
#0 /opt/bitnami/apache/htdocs/vh/app/Models/PortfolioModel.php(130): CodeIgniter\Debug\Exceptions->errorHandler()
#1 /opt/bitnami/apache/htdocs/vh/app/Controllers/Portfolio.php(105): App\Models\PortfolioModel->add_open_position()
#2 /opt/bitnami/apache/htdocs/vh/vendor/codeigniter4/framework/system/CodeIgniter.php(832): App\Controllers\Portfolio->open_position()
#3 /opt/bitnami/apache/htdocs/vh/vendor/codeigniter4/framework/system/CodeIgniter.php(419): CodeIgniter\CodeIgniter->runController()
#4 /opt/bitnami/apache/htdocs/vh/vendor/codeigniter4/framework/system/CodeIgniter.php(326): CodeIgniter\CodeIgniter->handleRequest()
#5 /opt/bitnami/apache/htdocs/vh/index.php(37): CodeIgniter\CodeIgniter->run()
#6 {main}
CRITICAL - 2022-12-23 11:16:36 --> Undefined array key "leverage"
#0 /opt/bitnami/apache/htdocs/vh/app/Models/PortfolioModel.php(130): CodeIgniter\Debug\Exceptions->errorHandler()
#1 /opt/bitnami/apache/htdocs/vh/app/Controllers/Portfolio.php(105): App\Models\PortfolioModel->add_open_position()
#2 /opt/bitnami/apache/htdocs/vh/vendor/codeigniter4/framework/system/CodeIgniter.php(832): App\Controllers\Portfolio->open_position()
#3 /opt/bitnami/apache/htdocs/vh/vendor/codeigniter4/framework/system/CodeIgniter.php(419): CodeIgniter\CodeIgniter->runController()
#4 /opt/bitnami/apache/htdocs/vh/vendor/codeigniter4/framework/system/CodeIgniter.php(326): CodeIgniter\CodeIgniter->handleRequest()
#5 /opt/bitnami/apache/htdocs/vh/index.php(37): CodeIgniter\CodeIgniter->run()
#6 {main}
CRITICAL - 2022-12-23 11:17:40 --> Undefined variable $positions
#0 /opt/bitnami/apache/htdocs/vh/app/Controllers/Portfolio.php(108): CodeIgniter\Debug\Exceptions->errorHandler()
#1 /opt/bitnami/apache/htdocs/vh/vendor/codeigniter4/framework/system/CodeIgniter.php(832): App\Controllers\Portfolio->open_position()
#2 /opt/bitnami/apache/htdocs/vh/vendor/codeigniter4/framework/system/CodeIgniter.php(419): CodeIgniter\CodeIgniter->runController()
#3 /opt/bitnami/apache/htdocs/vh/vendor/codeigniter4/framework/system/CodeIgniter.php(326): CodeIgniter\CodeIgniter->handleRequest()
#4 /opt/bitnami/apache/htdocs/vh/index.php(37): CodeIgniter\CodeIgniter->run()
#5 {main}
CRITICAL - 2022-12-23 11:20:22 --> Undefined array key "leverage"
#0 /opt/bitnami/apache/htdocs/vh/app/Models/PortfolioModel.php(130): CodeIgniter\Debug\Exceptions->errorHandler()
#1 /opt/bitnami/apache/htdocs/vh/app/Controllers/Portfolio.php(105): App\Models\PortfolioModel->add_open_position()
#2 /opt/bitnami/apache/htdocs/vh/vendor/codeigniter4/framework/system/CodeIgniter.php(832): App\Controllers\Portfolio->open_position()
#3 /opt/bitnami/apache/htdocs/vh/vendor/codeigniter4/framework/system/CodeIgniter.php(419): CodeIgniter\CodeIgniter->runController()
#4 /opt/bitnami/apache/htdocs/vh/vendor/codeigniter4/framework/system/CodeIgniter.php(326): CodeIgniter\CodeIgniter->handleRequest()
#5 /opt/bitnami/apache/htdocs/vh/index.php(37): CodeIgniter\CodeIgniter->run()
#6 {main}
CRITICAL - 2022-12-23 11:24:03 --> Undefined array key "leverage"
#0 /opt/bitnami/apache/htdocs/vh/app/Models/PortfolioModel.php(130): CodeIgniter\Debug\Exceptions->errorHandler()
#1 /opt/bitnami/apache/htdocs/vh/app/Controllers/Portfolio.php(105): App\Models\PortfolioModel->add_open_position()
#2 /opt/bitnami/apache/htdocs/vh/vendor/codeigniter4/framework/system/CodeIgniter.php(832): App\Controllers\Portfolio->open_position()
#3 /opt/bitnami/apache/htdocs/vh/vendor/codeigniter4/framework/system/CodeIgniter.php(419): CodeIgniter\CodeIgniter->runController()
#4 /opt/bitnami/apache/htdocs/vh/vendor/codeigniter4/framework/system/CodeIgniter.php(326): CodeIgniter\CodeIgniter->handleRequest()
#5 /opt/bitnami/apache/htdocs/vh/index.php(37): CodeIgniter\CodeIgniter->run()
#6 {main}
CRITICAL - 2022-12-23 11:26:10 --> Undefined array key "leverage"
#0 /opt/bitnami/apache/htdocs/vh/app/Models/PortfolioModel.php(130): CodeIgniter\Debug\Exceptions->errorHandler()
#1 /opt/bitnami/apache/htdocs/vh/app/Controllers/Portfolio.php(105): App\Models\PortfolioModel->add_open_position()
#2 /opt/bitnami/apache/htdocs/vh/vendor/codeigniter4/framework/system/CodeIgniter.php(832): App\Controllers\Portfolio->open_position()
#3 /opt/bitnami/apache/htdocs/vh/vendor/codeigniter4/framework/system/CodeIgniter.php(419): CodeIgniter\CodeIgniter->runController()
#4 /opt/bitnami/apache/htdocs/vh/vendor/codeigniter4/framework/system/CodeIgniter.php(326): CodeIgniter\CodeIgniter->handleRequest()
#5 /opt/bitnami/apache/htdocs/vh/index.php(37): CodeIgniter\CodeIgniter->run()
#6 {main}
CRITICAL - 2022-12-23 11:26:44 --> Undefined array key "leverage"
#0 /opt/bitnami/apache/htdocs/vh/app/Models/PortfolioModel.php(130): CodeIgniter\Debug\Exceptions->errorHandler()
#1 /opt/bitnami/apache/htdocs/vh/app/Controllers/Portfolio.php(105): App\Models\PortfolioModel->add_open_position()
#2 /opt/bitnami/apache/htdocs/vh/vendor/codeigniter4/framework/system/CodeIgniter.php(832): App\Controllers\Portfolio->open_position()
#3 /opt/bitnami/apache/htdocs/vh/vendor/codeigniter4/framework/system/CodeIgniter.php(419): CodeIgniter\CodeIgniter->runController()
#4 /opt/bitnami/apache/htdocs/vh/vendor/codeigniter4/framework/system/CodeIgniter.php(326): CodeIgniter\CodeIgniter->handleRequest()
#5 /opt/bitnami/apache/htdocs/vh/index.php(37): CodeIgniter\CodeIgniter->run()
#6 {main}
CRITICAL - 2022-12-23 11:26:45 --> Undefined array key "leverage"
#0 /opt/bitnami/apache/htdocs/vh/app/Models/PortfolioModel.php(130): CodeIgniter\Debug\Exceptions->errorHandler()
#1 /opt/bitnami/apache/htdocs/vh/app/Controllers/Portfolio.php(105): App\Models\PortfolioModel->add_open_position()
#2 /opt/bitnami/apache/htdocs/vh/vendor/codeigniter4/framework/system/CodeIgniter.php(832): App\Controllers\Portfolio->open_position()
#3 /opt/bitnami/apache/htdocs/vh/vendor/codeigniter4/framework/system/CodeIgniter.php(419): CodeIgniter\CodeIgniter->runController()
#4 /opt/bitnami/apache/htdocs/vh/vendor/codeigniter4/framework/system/CodeIgniter.php(326): CodeIgniter\CodeIgniter->handleRequest()
#5 /opt/bitnami/apache/htdocs/vh/index.php(37): CodeIgniter\CodeIgniter->run()
#6 {main}
CRITICAL - 2022-12-23 11:28:42 --> Undefined array key "leverage"
#0 /opt/bitnami/apache/htdocs/vh/app/Models/PortfolioModel.php(130): CodeIgniter\Debug\Exceptions->errorHandler()
#1 /opt/bitnami/apache/htdocs/vh/app/Controllers/Portfolio.php(105): App\Models\PortfolioModel->add_open_position()
#2 /opt/bitnami/apache/htdocs/vh/vendor/codeigniter4/framework/system/CodeIgniter.php(832): App\Controllers\Portfolio->open_position()
#3 /opt/bitnami/apache/htdocs/vh/vendor/codeigniter4/framework/system/CodeIgniter.php(419): CodeIgniter\CodeIgniter->runController()
#4 /opt/bitnami/apache/htdocs/vh/vendor/codeigniter4/framework/system/CodeIgniter.php(326): CodeIgniter\CodeIgniter->handleRequest()
#5 /opt/bitnami/apache/htdocs/vh/index.php(37): CodeIgniter\CodeIgniter->run()
#6 {main}
CRITICAL - 2022-12-23 11:30:03 --> Undefined array key "stop_loss"
#0 /opt/bitnami/apache/htdocs/vh/app/Models/PortfolioModel.php(128): CodeIgniter\Debug\Exceptions->errorHandler()
#1 /opt/bitnami/apache/htdocs/vh/app/Controllers/Portfolio.php(105): App\Models\PortfolioModel->add_open_position()
#2 /opt/bitnami/apache/htdocs/vh/vendor/codeigniter4/framework/system/CodeIgniter.php(832): App\Controllers\Portfolio->open_position()
#3 /opt/bitnami/apache/htdocs/vh/vendor/codeigniter4/framework/system/CodeIgniter.php(419): CodeIgniter\CodeIgniter->runController()
#4 /opt/bitnami/apache/htdocs/vh/vendor/codeigniter4/framework/system/CodeIgniter.php(326): CodeIgniter\CodeIgniter->handleRequest()
#5 /opt/bitnami/apache/htdocs/vh/index.php(37): CodeIgniter\CodeIgniter->run()
#6 {main}
CRITICAL - 2022-12-23 11:31:33 --> Undefined array key "stop_loss"
#0 /opt/bitnami/apache/htdocs/vh/app/Models/PortfolioModel.php(128): CodeIgniter\Debug\Exceptions->errorHandler()
#1 /opt/bitnami/apache/htdocs/vh/app/Controllers/Portfolio.php(105): App\Models\PortfolioModel->add_open_position()
#2 /opt/bitnami/apache/htdocs/vh/vendor/codeigniter4/framework/system/CodeIgniter.php(832): App\Controllers\Portfolio->open_position()
#3 /opt/bitnami/apache/htdocs/vh/vendor/codeigniter4/framework/system/CodeIgniter.php(419): CodeIgniter\CodeIgniter->runController()
#4 /opt/bitnami/apache/htdocs/vh/vendor/codeigniter4/framework/system/CodeIgniter.php(326): CodeIgniter\CodeIgniter->handleRequest()
#5 /opt/bitnami/apache/htdocs/vh/index.php(37): CodeIgniter\CodeIgniter->run()
#6 {main}
CRITICAL - 2022-12-23 11:35:53 --> Undefined array key "leverage"
#0 /opt/bitnami/apache/htdocs/vh/app/Models/PortfolioModel.php(130): CodeIgniter\Debug\Exceptions->errorHandler()
#1 /opt/bitnami/apache/htdocs/vh/app/Controllers/Portfolio.php(105): App\Models\PortfolioModel->add_open_position()
#2 /opt/bitnami/apache/htdocs/vh/vendor/codeigniter4/framework/system/CodeIgniter.php(832): App\Controllers\Portfolio->open_position()
#3 /opt/bitnami/apache/htdocs/vh/vendor/codeigniter4/framework/system/CodeIgniter.php(419): CodeIgniter\CodeIgniter->runController()
#4 /opt/bitnami/apache/htdocs/vh/vendor/codeigniter4/framework/system/CodeIgniter.php(326): CodeIgniter\CodeIgniter->handleRequest()
#5 /opt/bitnami/apache/htdocs/vh/index.php(37): CodeIgniter\CodeIgniter->run()
#6 {main}
CRITICAL - 2022-12-23 11:36:09 --> Undefined array key "leverage"
#0 /opt/bitnami/apache/htdocs/vh/app/Models/PortfolioModel.php(130): CodeIgniter\Debug\Exceptions->errorHandler()
#1 /opt/bitnami/apache/htdocs/vh/app/Controllers/Portfolio.php(105): App\Models\PortfolioModel->add_open_position()
#2 /opt/bitnami/apache/htdocs/vh/vendor/codeigniter4/framework/system/CodeIgniter.php(832): App\Controllers\Portfolio->open_position()
#3 /opt/bitnami/apache/htdocs/vh/vendor/codeigniter4/framework/system/CodeIgniter.php(419): CodeIgniter\CodeIgniter->runController()
#4 /opt/bitnami/apache/htdocs/vh/vendor/codeigniter4/framework/system/CodeIgniter.php(326): CodeIgniter\CodeIgniter->handleRequest()
#5 /opt/bitnami/apache/htdocs/vh/index.php(37): CodeIgniter\CodeIgniter->run()
#6 {main}
CRITICAL - 2022-12-23 11:40:27 --> Undefined array key "leverage"
#0 /opt/bitnami/apache/htdocs/vh/app/Models/PortfolioModel.php(130): CodeIgniter\Debug\Exceptions->errorHandler()
#1 /opt/bitnami/apache/htdocs/vh/app/Controllers/Portfolio.php(105): App\Models\PortfolioModel->add_open_position()
#2 /opt/bitnami/apache/htdocs/vh/vendor/codeigniter4/framework/system/CodeIgniter.php(832): App\Controllers\Portfolio->open_position()
#3 /opt/bitnami/apache/htdocs/vh/vendor/codeigniter4/framework/system/CodeIgniter.php(419): CodeIgniter\CodeIgniter->runController()
#4 /opt/bitnami/apache/htdocs/vh/vendor/codeigniter4/framework/system/CodeIgniter.php(326): CodeIgniter\CodeIgniter->handleRequest()
#5 /opt/bitnami/apache/htdocs/vh/index.php(37): CodeIgniter\CodeIgniter->run()
#6 {main}
CRITICAL - 2022-12-23 11:41:04 --> Undefined array key "leverage"
#0 /opt/bitnami/apache/htdocs/vh/app/Models/PortfolioModel.php(130): CodeIgniter\Debug\Exceptions->errorHandler()
#1 /opt/bitnami/apache/htdocs/vh/app/Controllers/Portfolio.php(105): App\Models\PortfolioModel->add_open_position()
#2 /opt/bitnami/apache/htdocs/vh/vendor/codeigniter4/framework/system/CodeIgniter.php(832): App\Controllers\Portfolio->open_position()
#3 /opt/bitnami/apache/htdocs/vh/vendor/codeigniter4/framework/system/CodeIgniter.php(419): CodeIgniter\CodeIgniter->runController()
#4 /opt/bitnami/apache/htdocs/vh/vendor/codeigniter4/framework/system/CodeIgniter.php(326): CodeIgniter\CodeIgniter->handleRequest()
#5 /opt/bitnami/apache/htdocs/vh/index.php(37): CodeIgniter\CodeIgniter->run()
#6 {main}
CRITICAL - 2022-12-23 11:42:59 --> Undefined array key "leverage"
#0 /opt/bitnami/apache/htdocs/vh/app/Models/PortfolioModel.php(130): CodeIgniter\Debug\Exceptions->errorHandler()
#1 /opt/bitnami/apache/htdocs/vh/app/Controllers/Portfolio.php(105): App\Models\PortfolioModel->add_open_position()
#2 /opt/bitnami/apache/htdocs/vh/vendor/codeigniter4/framework/system/CodeIgniter.php(832): App\Controllers\Portfolio->open_position()
#3 /opt/bitnami/apache/htdocs/vh/vendor/codeigniter4/framework/system/CodeIgniter.php(419): CodeIgniter\CodeIgniter->runController()
#4 /opt/bitnami/apache/htdocs/vh/vendor/codeigniter4/framework/system/CodeIgniter.php(326): CodeIgniter\CodeIgniter->handleRequest()
#5 /opt/bitnami/apache/htdocs/vh/index.php(37): CodeIgniter\CodeIgniter->run()
#6 {main}
CRITICAL - 2022-12-23 11:50:15 --> syntax error, unexpected token "return"
#0 /opt/bitnami/apache/htdocs/vh/vendor/codeigniter4/framework/system/Language/Language.php(223): CodeIgniter\Language\Language->requireFile()
#1 /opt/bitnami/apache/htdocs/vh/vendor/codeigniter4/framework/system/Language/Language.php(164): CodeIgniter\Language\Language->load()
#2 /opt/bitnami/apache/htdocs/vh/vendor/codeigniter4/framework/system/Language/Language.php(113): CodeIgniter\Language\Language->parseLine()
#3 /opt/bitnami/apache/htdocs/vh/vendor/codeigniter4/framework/system/Common.php(721): CodeIgniter\Language\Language->getLine()
#4 /opt/bitnami/apache/htdocs/vh/app/Views/exchange/portfolio.php(135): lang()
#5 /opt/bitnami/apache/htdocs/vh/vendor/codeigniter4/framework/system/View/View.php(210): include('...')
#6 /opt/bitnami/apache/htdocs/vh/vendor/codeigniter4/framework/system/View/View.php(213): CodeIgniter\View\View->CodeIgniter\View\{closure}()
#7 /opt/bitnami/apache/htdocs/vh/vendor/codeigniter4/framework/system/Common.php(1089): CodeIgniter\View\View->render()
#8 /opt/bitnami/apache/htdocs/vh/app/Controllers/Portfolio.php(21): view()
#9 /opt/bitnami/apache/htdocs/vh/vendor/codeigniter4/framework/system/CodeIgniter.php(832): App\Controllers\Portfolio->index()
#10 /opt/bitnami/apache/htdocs/vh/vendor/codeigniter4/framework/system/CodeIgniter.php(419): CodeIgniter\CodeIgniter->runController()
#11 /opt/bitnami/apache/htdocs/vh/vendor/codeigniter4/framework/system/CodeIgniter.php(326): CodeIgniter\CodeIgniter->handleRequest()
#12 /opt/bitnami/apache/htdocs/vh/index.php(37): CodeIgniter\CodeIgniter->run()
#13 {main}
CRITICAL - 2022-12-23 12:12:37 --> Archivo inválido: exchange/modal_open_positionl.php
#0 /opt/bitnami/apache/htdocs/vh/vendor/codeigniter4/framework/system/View/View.php(198): CodeIgniter\Exceptions\FrameworkException::forInvalidFile()
#1 /opt/bitnami/apache/htdocs/vh/vendor/codeigniter4/framework/system/Common.php(1089): CodeIgniter\View\View->render()
#2 /opt/bitnami/apache/htdocs/vh/app/Views/exchange/contracts/list.php(162): view()
#3 /opt/bitnami/apache/htdocs/vh/vendor/codeigniter4/framework/system/View/View.php(210): include('...')
#4 /opt/bitnami/apache/htdocs/vh/vendor/codeigniter4/framework/system/View/View.php(213): CodeIgniter\View\View->CodeIgniter\View\{closure}()
#5 /opt/bitnami/apache/htdocs/vh/vendor/codeigniter4/framework/system/Common.php(1089): CodeIgniter\View\View->render()
#6 /opt/bitnami/apache/htdocs/vh/app/Controllers/Contracts.php(25): view()
#7 /opt/bitnami/apache/htdocs/vh/vendor/codeigniter4/framework/system/CodeIgniter.php(832): App\Controllers\Contracts->index()
#8 /opt/bitnami/apache/htdocs/vh/vendor/codeigniter4/framework/system/CodeIgniter.php(419): CodeIgniter\CodeIgniter->runController()
#9 /opt/bitnami/apache/htdocs/vh/vendor/codeigniter4/framework/system/CodeIgniter.php(326): CodeIgniter\CodeIgniter->handleRequest()
#10 /opt/bitnami/apache/htdocs/vh/index.php(37): CodeIgniter\CodeIgniter->run()
#11 {main}
CRITICAL - 2022-12-23 12:12:56 --> Archivo inválido: exchange/modal_open_positionl.php
#0 /opt/bitnami/apache/htdocs/vh/vendor/codeigniter4/framework/system/View/View.php(198): CodeIgniter\Exceptions\FrameworkException::forInvalidFile()
#1 /opt/bitnami/apache/htdocs/vh/vendor/codeigniter4/framework/system/Common.php(1089): CodeIgniter\View\View->render()
#2 /opt/bitnami/apache/htdocs/vh/app/Views/exchange/contracts/list.php(162): view()
#3 /opt/bitnami/apache/htdocs/vh/vendor/codeigniter4/framework/system/View/View.php(210): include('...')
#4 /opt/bitnami/apache/htdocs/vh/vendor/codeigniter4/framework/system/View/View.php(213): CodeIgniter\View\View->CodeIgniter\View\{closure}()
#5 /opt/bitnami/apache/htdocs/vh/vendor/codeigniter4/framework/system/Common.php(1089): CodeIgniter\View\View->render()
#6 /opt/bitnami/apache/htdocs/vh/app/Controllers/Contracts.php(25): view()
#7 /opt/bitnami/apache/htdocs/vh/vendor/codeigniter4/framework/system/CodeIgniter.php(832): App\Controllers\Contracts->index()
#8 /opt/bitnami/apache/htdocs/vh/vendor/codeigniter4/framework/system/CodeIgniter.php(419): CodeIgniter\CodeIgniter->runController()
#9 /opt/bitnami/apache/htdocs/vh/vendor/codeigniter4/framework/system/CodeIgniter.php(326): CodeIgniter\CodeIgniter->handleRequest()
#10 /opt/bitnami/apache/htdocs/vh/index.php(37): CodeIgniter\CodeIgniter->run()
#11 {main}
CRITICAL - 2022-12-23 12:13:03 --> Archivo inválido: exchange/modal_open_positionl.php
#0 /opt/bitnami/apache/htdocs/vh/vendor/codeigniter4/framework/system/View/View.php(198): CodeIgniter\Exceptions\FrameworkException::forInvalidFile()
#1 /opt/bitnami/apache/htdocs/vh/vendor/codeigniter4/framework/system/Common.php(1089): CodeIgniter\View\View->render()
#2 /opt/bitnami/apache/htdocs/vh/app/Views/exchange/contracts/list.php(162): view()
#3 /opt/bitnami/apache/htdocs/vh/vendor/codeigniter4/framework/system/View/View.php(210): include('...')
#4 /opt/bitnami/apache/htdocs/vh/vendor/codeigniter4/framework/system/View/View.php(213): CodeIgniter\View\View->CodeIgniter\View\{closure}()
#5 /opt/bitnami/apache/htdocs/vh/vendor/codeigniter4/framework/system/Common.php(1089): CodeIgniter\View\View->render()
#6 /opt/bitnami/apache/htdocs/vh/app/Controllers/Contracts.php(25): view()
#7 /opt/bitnami/apache/htdocs/vh/vendor/codeigniter4/framework/system/CodeIgniter.php(832): App\Controllers\Contracts->index()
#8 /opt/bitnami/apache/htdocs/vh/vendor/codeigniter4/framework/system/CodeIgniter.php(419): CodeIgniter\CodeIgniter->runController()
#9 /opt/bitnami/apache/htdocs/vh/vendor/codeigniter4/framework/system/CodeIgniter.php(326): CodeIgniter\CodeIgniter->handleRequest()
#10 /opt/bitnami/apache/htdocs/vh/index.php(37): CodeIgniter\CodeIgniter->run()
#11 {main}
CRITICAL - 2022-12-23 12:13:21 --> Archivo inválido: exchange/modal_open_positionl.php
#0 /opt/bitnami/apache/htdocs/vh/vendor/codeigniter4/framework/system/View/View.php(198): CodeIgniter\Exceptions\FrameworkException::forInvalidFile()
#1 /opt/bitnami/apache/htdocs/vh/vendor/codeigniter4/framework/system/Common.php(1089): CodeIgniter\View\View->render()
#2 /opt/bitnami/apache/htdocs/vh/app/Views/exchange/contracts/list.php(162): view()
#3 /opt/bitnami/apache/htdocs/vh/vendor/codeigniter4/framework/system/View/View.php(210): include('...')
#4 /opt/bitnami/apache/htdocs/vh/vendor/codeigniter4/framework/system/View/View.php(213): CodeIgniter\View\View->CodeIgniter\View\{closure}()
#5 /opt/bitnami/apache/htdocs/vh/vendor/codeigniter4/framework/system/Common.php(1089): CodeIgniter\View\View->render()
#6 /opt/bitnami/apache/htdocs/vh/app/Controllers/Contracts.php(25): view()
#7 /opt/bitnami/apache/htdocs/vh/vendor/codeigniter4/framework/system/CodeIgniter.php(832): App\Controllers\Contracts->index()
#8 /opt/bitnami/apache/htdocs/vh/vendor/codeigniter4/framework/system/CodeIgniter.php(419): CodeIgniter\CodeIgniter->runController()
#9 /opt/bitnami/apache/htdocs/vh/vendor/codeigniter4/framework/system/CodeIgniter.php(326): CodeIgniter\CodeIgniter->handleRequest()
#10 /opt/bitnami/apache/htdocs/vh/index.php(37): CodeIgniter\CodeIgniter->run()
#11 {main}
CRITICAL - 2022-12-23 12:43:20 --> Trying to access array offset on value of type null
#0 /opt/bitnami/apache/htdocs/vh/app/Controllers/Contracts.php(77): CodeIgniter\Debug\Exceptions->errorHandler()
#1 /opt/bitnami/apache/htdocs/vh/vendor/codeigniter4/framework/system/CodeIgniter.php(832): App\Controllers\Contracts->contract_data()
#2 /opt/bitnami/apache/htdocs/vh/vendor/codeigniter4/framework/system/CodeIgniter.php(419): CodeIgniter\CodeIgniter->runController()
#3 /opt/bitnami/apache/htdocs/vh/vendor/codeigniter4/framework/system/CodeIgniter.php(326): CodeIgniter\CodeIgniter->handleRequest()
#4 /opt/bitnami/apache/htdocs/vh/index.php(37): CodeIgniter\CodeIgniter->run()
#5 {main}
CRITICAL - 2022-12-23 12:43:24 --> Trying to access array offset on value of type null
#0 /opt/bitnami/apache/htdocs/vh/app/Controllers/Contracts.php(77): CodeIgniter\Debug\Exceptions->errorHandler()
#1 /opt/bitnami/apache/htdocs/vh/vendor/codeigniter4/framework/system/CodeIgniter.php(832): App\Controllers\Contracts->contract_data()
#2 /opt/bitnami/apache/htdocs/vh/vendor/codeigniter4/framework/system/CodeIgniter.php(419): CodeIgniter\CodeIgniter->runController()
#3 /opt/bitnami/apache/htdocs/vh/vendor/codeigniter4/framework/system/CodeIgniter.php(326): CodeIgniter\CodeIgniter->handleRequest()
#4 /opt/bitnami/apache/htdocs/vh/index.php(37): CodeIgniter\CodeIgniter->run()
#5 {main}
CRITICAL - 2022-12-23 12:43:48 --> Trying to access array offset on value of type null
#0 /opt/bitnami/apache/htdocs/vh/app/Controllers/Contracts.php(77): CodeIgniter\Debug\Exceptions->errorHandler()
#1 /opt/bitnami/apache/htdocs/vh/vendor/codeigniter4/framework/system/CodeIgniter.php(832): App\Controllers\Contracts->contract_data()
#2 /opt/bitnami/apache/htdocs/vh/vendor/codeigniter4/framework/system/CodeIgniter.php(419): CodeIgniter\CodeIgniter->runController()
#3 /opt/bitnami/apache/htdocs/vh/vendor/codeigniter4/framework/system/CodeIgniter.php(326): CodeIgniter\CodeIgniter->handleRequest()
#4 /opt/bitnami/apache/htdocs/vh/index.php(37): CodeIgniter\CodeIgniter->run()
#5 {main}
CRITICAL - 2022-12-23 12:43:55 --> Trying to access array offset on value of type null
#0 /opt/bitnami/apache/htdocs/vh/app/Controllers/Contracts.php(77): CodeIgniter\Debug\Exceptions->errorHandler()
#1 /opt/bitnami/apache/htdocs/vh/vendor/codeigniter4/framework/system/CodeIgniter.php(832): App\Controllers\Contracts->contract_data()
#2 /opt/bitnami/apache/htdocs/vh/vendor/codeigniter4/framework/system/CodeIgniter.php(419): CodeIgniter\CodeIgniter->runController()
#3 /opt/bitnami/apache/htdocs/vh/vendor/codeigniter4/framework/system/CodeIgniter.php(326): CodeIgniter\CodeIgniter->handleRequest()
#4 /opt/bitnami/apache/htdocs/vh/index.php(37): CodeIgniter\CodeIgniter->run()
#5 {main}
CRITICAL - 2022-12-23 12:44:15 --> Trying to access array offset on value of type null
#0 /opt/bitnami/apache/htdocs/vh/app/Controllers/Contracts.php(77): CodeIgniter\Debug\Exceptions->errorHandler()
#1 /opt/bitnami/apache/htdocs/vh/vendor/codeigniter4/framework/system/CodeIgniter.php(832): App\Controllers\Contracts->contract_data()
#2 /opt/bitnami/apache/htdocs/vh/vendor/codeigniter4/framework/system/CodeIgniter.php(419): CodeIgniter\CodeIgniter->runController()
#3 /opt/bitnami/apache/htdocs/vh/vendor/codeigniter4/framework/system/CodeIgniter.php(326): CodeIgniter\CodeIgniter->handleRequest()
#4 /opt/bitnami/apache/htdocs/vh/index.php(37): CodeIgniter\CodeIgniter->run()
#5 {main}
CRITICAL - 2022-12-23 12:44:40 --> Trying to access array offset on value of type null
#0 /opt/bitnami/apache/htdocs/vh/app/Controllers/Contracts.php(77): CodeIgniter\Debug\Exceptions->errorHandler()
#1 /opt/bitnami/apache/htdocs/vh/vendor/codeigniter4/framework/system/CodeIgniter.php(832): App\Controllers\Contracts->contract_data()
#2 /opt/bitnami/apache/htdocs/vh/vendor/codeigniter4/framework/system/CodeIgniter.php(419): CodeIgniter\CodeIgniter->runController()
#3 /opt/bitnami/apache/htdocs/vh/vendor/codeigniter4/framework/system/CodeIgniter.php(326): CodeIgniter\CodeIgniter->handleRequest()
#4 /opt/bitnami/apache/htdocs/vh/index.php(37): CodeIgniter\CodeIgniter->run()
#5 {main}
CRITICAL - 2022-12-23 14:28:56 --> Undefined array key "leverage"
#0 /opt/bitnami/apache/htdocs/vh/app/Models/PortfolioModel.php(130): CodeIgniter\Debug\Exceptions->errorHandler()
#1 /opt/bitnami/apache/htdocs/vh/app/Controllers/Portfolio.php(105): App\Models\PortfolioModel->add_open_position()
#2 /opt/bitnami/apache/htdocs/vh/vendor/codeigniter4/framework/system/CodeIgniter.php(832): App\Controllers\Portfolio->open_position()
#3 /opt/bitnami/apache/htdocs/vh/vendor/codeigniter4/framework/system/CodeIgniter.php(419): CodeIgniter\CodeIgniter->runController()
#4 /opt/bitnami/apache/htdocs/vh/vendor/codeigniter4/framework/system/CodeIgniter.php(326): CodeIgniter\CodeIgniter->handleRequest()
#5 /opt/bitnami/apache/htdocs/vh/index.php(37): CodeIgniter\CodeIgniter->run()
#6 {main}
CRITICAL - 2022-12-23 20:19:24 --> La acción que solicitaste no está permitida
#0 /opt/bitnami/apache/htdocs/vh/vendor/codeigniter4/framework/system/Security/Security.php(289): CodeIgniter\Security\Exceptions\SecurityException::forDisallowedAction()
#1 /opt/bitnami/apache/htdocs/vh/vendor/codeigniter4/framework/system/Filters/CSRF.php(53): CodeIgniter\Security\Security->verify()
#2 /opt/bitnami/apache/htdocs/vh/vendor/codeigniter4/framework/system/Filters/Filters.php(173): CodeIgniter\Filters\CSRF->before()
#3 /opt/bitnami/apache/htdocs/vh/vendor/codeigniter4/framework/system/CodeIgniter.php(393): CodeIgniter\Filters\Filters->run()
#4 /opt/bitnami/apache/htdocs/vh/vendor/codeigniter4/framework/system/CodeIgniter.php(326): CodeIgniter\CodeIgniter->handleRequest()
#5 /opt/bitnami/apache/htdocs/vh/index.php(37): CodeIgniter\CodeIgniter->run()
#6 {main}
CRITICAL - 2022-12-23 20:21:48 --> Trying to access array offset on value of type null
#0 /opt/bitnami/apache/htdocs/vh/app/Controllers/Contracts.php(77): CodeIgniter\Debug\Exceptions->errorHandler()
#1 /opt/bitnami/apache/htdocs/vh/vendor/codeigniter4/framework/system/CodeIgniter.php(832): App\Controllers\Contracts->contract_data()
#2 /opt/bitnami/apache/htdocs/vh/vendor/codeigniter4/framework/system/CodeIgniter.php(419): CodeIgniter\CodeIgniter->runController()
#3 /opt/bitnami/apache/htdocs/vh/vendor/codeigniter4/framework/system/CodeIgniter.php(326): CodeIgniter\CodeIgniter->handleRequest()
#4 /opt/bitnami/apache/htdocs/vh/index.php(37): CodeIgniter\CodeIgniter->run()
#5 {main}
CRITICAL - 2022-12-23 20:21:58 --> La acción que solicitaste no está permitida
#0 /opt/bitnami/apache/htdocs/vh/vendor/codeigniter4/framework/system/Security/Security.php(289): CodeIgniter\Security\Exceptions\SecurityException::forDisallowedAction()
#1 /opt/bitnami/apache/htdocs/vh/vendor/codeigniter4/framework/system/Filters/CSRF.php(53): CodeIgniter\Security\Security->verify()
#2 /opt/bitnami/apache/htdocs/vh/vendor/codeigniter4/framework/system/Filters/Filters.php(173): CodeIgniter\Filters\CSRF->before()
#3 /opt/bitnami/apache/htdocs/vh/vendor/codeigniter4/framework/system/CodeIgniter.php(393): CodeIgniter\Filters\Filters->run()
#4 /opt/bitnami/apache/htdocs/vh/vendor/codeigniter4/framework/system/CodeIgniter.php(326): CodeIgniter\CodeIgniter->handleRequest()
#5 /opt/bitnami/apache/htdocs/vh/index.php(37): CodeIgniter\CodeIgniter->run()
#6 {main}
CRITICAL - 2022-12-23 20:22:05 --> La acción que solicitaste no está permitida
#0 /opt/bitnami/apache/htdocs/vh/vendor/codeigniter4/framework/system/Security/Security.php(289): CodeIgniter\Security\Exceptions\SecurityException::forDisallowedAction()
#1 /opt/bitnami/apache/htdocs/vh/vendor/codeigniter4/framework/system/Filters/CSRF.php(53): CodeIgniter\Security\Security->verify()
#2 /opt/bitnami/apache/htdocs/vh/vendor/codeigniter4/framework/system/Filters/Filters.php(173): CodeIgniter\Filters\CSRF->before()
#3 /opt/bitnami/apache/htdocs/vh/vendor/codeigniter4/framework/system/CodeIgniter.php(393): CodeIgniter\Filters\Filters->run()
#4 /opt/bitnami/apache/htdocs/vh/vendor/codeigniter4/framework/system/CodeIgniter.php(326): CodeIgniter\CodeIgniter->handleRequest()
#5 /opt/bitnami/apache/htdocs/vh/index.php(37): CodeIgniter\CodeIgniter->run()
#6 {main}
CRITICAL - 2022-12-23 20:22:09 --> La acción que solicitaste no está permitida
#0 /opt/bitnami/apache/htdocs/vh/vendor/codeigniter4/framework/system/Security/Security.php(289): CodeIgniter\Security\Exceptions\SecurityException::forDisallowedAction()
#1 /opt/bitnami/apache/htdocs/vh/vendor/codeigniter4/framework/system/Filters/CSRF.php(53): CodeIgniter\Security\Security->verify()
#2 /opt/bitnami/apache/htdocs/vh/vendor/codeigniter4/framework/system/Filters/Filters.php(173): CodeIgniter\Filters\CSRF->before()
#3 /opt/bitnami/apache/htdocs/vh/vendor/codeigniter4/framework/system/CodeIgniter.php(393): CodeIgniter\Filters\Filters->run()
#4 /opt/bitnami/apache/htdocs/vh/vendor/codeigniter4/framework/system/CodeIgniter.php(326): CodeIgniter\CodeIgniter->handleRequest()
#5 /opt/bitnami/apache/htdocs/vh/index.php(37): CodeIgniter\CodeIgniter->run()
#6 {main}
CRITICAL - 2022-12-23 20:22:55 --> La acción que solicitaste no está permitida
#0 /opt/bitnami/apache/htdocs/vh/vendor/codeigniter4/framework/system/Security/Security.php(289): CodeIgniter\Security\Exceptions\SecurityException::forDisallowedAction()
#1 /opt/bitnami/apache/htdocs/vh/vendor/codeigniter4/framework/system/Filters/CSRF.php(53): CodeIgniter\Security\Security->verify()
#2 /opt/bitnami/apache/htdocs/vh/vendor/codeigniter4/framework/system/Filters/Filters.php(173): CodeIgniter\Filters\CSRF->before()
#3 /opt/bitnami/apache/htdocs/vh/vendor/codeigniter4/framework/system/CodeIgniter.php(393): CodeIgniter\Filters\Filters->run()
#4 /opt/bitnami/apache/htdocs/vh/vendor/codeigniter4/framework/system/CodeIgniter.php(326): CodeIgniter\CodeIgniter->handleRequest()
#5 /opt/bitnami/apache/htdocs/vh/index.php(37): CodeIgniter\CodeIgniter->run()
#6 {main}
CRITICAL - 2022-12-23 20:23:04 --> La acción que solicitaste no está permitida
#0 /opt/bitnami/apache/htdocs/vh/vendor/codeigniter4/framework/system/Security/Security.php(289): CodeIgniter\Security\Exceptions\SecurityException::forDisallowedAction()
#1 /opt/bitnami/apache/htdocs/vh/vendor/codeigniter4/framework/system/Filters/CSRF.php(53): CodeIgniter\Security\Security->verify()
#2 /opt/bitnami/apache/htdocs/vh/vendor/codeigniter4/framework/system/Filters/Filters.php(173): CodeIgniter\Filters\CSRF->before()
#3 /opt/bitnami/apache/htdocs/vh/vendor/codeigniter4/framework/system/CodeIgniter.php(393): CodeIgniter\Filters\Filters->run()
#4 /opt/bitnami/apache/htdocs/vh/vendor/codeigniter4/framework/system/CodeIgniter.php(326): CodeIgniter\CodeIgniter->handleRequest()
#5 /opt/bitnami/apache/htdocs/vh/index.php(37): CodeIgniter\CodeIgniter->run()
#6 {main}
CRITICAL - 2022-12-23 20:24:24 --> Trying to access array offset on value of type null
#0 /opt/bitnami/apache/htdocs/vh/app/Controllers/Contracts.php(77): CodeIgniter\Debug\Exceptions->errorHandler()
#1 /opt/bitnami/apache/htdocs/vh/vendor/codeigniter4/framework/system/CodeIgniter.php(832): App\Controllers\Contracts->contract_data()
#2 /opt/bitnami/apache/htdocs/vh/vendor/codeigniter4/framework/system/CodeIgniter.php(419): CodeIgniter\CodeIgniter->runController()
#3 /opt/bitnami/apache/htdocs/vh/vendor/codeigniter4/framework/system/CodeIgniter.php(326): CodeIgniter\CodeIgniter->handleRequest()
#4 /opt/bitnami/apache/htdocs/vh/index.php(37): CodeIgniter\CodeIgniter->run()
#5 {main}
CRITICAL - 2022-12-23 20:30:27 --> Trying to access array offset on value of type null
#0 /opt/bitnami/apache/htdocs/vh/app/Controllers/Contracts.php(77): CodeIgniter\Debug\Exceptions->errorHandler()
#1 /opt/bitnami/apache/htdocs/vh/vendor/codeigniter4/framework/system/CodeIgniter.php(832): App\Controllers\Contracts->contract_data()
#2 /opt/bitnami/apache/htdocs/vh/vendor/codeigniter4/framework/system/CodeIgniter.php(419): CodeIgniter\CodeIgniter->runController()
#3 /opt/bitnami/apache/htdocs/vh/vendor/codeigniter4/framework/system/CodeIgniter.php(326): CodeIgniter\CodeIgniter->handleRequest()
#4 /opt/bitnami/apache/htdocs/vh/index.php(37): CodeIgniter\CodeIgniter->run()
#5 {main}
CRITICAL - 2022-12-23 20:31:09 --> Undefined array key "leverage"
#0 /opt/bitnami/apache/htdocs/vh/app/Models/PortfolioModel.php(130): CodeIgniter\Debug\Exceptions->errorHandler()
#1 /opt/bitnami/apache/htdocs/vh/app/Controllers/Portfolio.php(105): App\Models\PortfolioModel->add_open_position()
#2 /opt/bitnami/apache/htdocs/vh/vendor/codeigniter4/framework/system/CodeIgniter.php(832): App\Controllers\Portfolio->open_position()
#3 /opt/bitnami/apache/htdocs/vh/vendor/codeigniter4/framework/system/CodeIgniter.php(419): CodeIgniter\CodeIgniter->runController()
#4 /opt/bitnami/apache/htdocs/vh/vendor/codeigniter4/framework/system/CodeIgniter.php(326): CodeIgniter\CodeIgniter->handleRequest()
#5 /opt/bitnami/apache/htdocs/vh/index.php(37): CodeIgniter\CodeIgniter->run()
#6 {main}
