CRITICAL - 2022-12-06 19:20:56 --> Invalid file: Adminlte\Views\aside-nav.php
#0 /opt/bitnami/apache/htdocs/vh/vendor/codeigniter4/framework/system/View/View.php(198): CodeIgniter\Exceptions\FrameworkException::forInvalidFile()
#1 /opt/bitnami/apache/htdocs/vh/vendor/codeigniter4/framework/system/View/View.php(424): CodeIgniter\View\View->render()
#2 /opt/bitnami/apache/htdocs/vh/app/Views/admin/layout/partials/aside-nav.php(104): CodeIgniter\View\View->include()
#3 /opt/bitnami/apache/htdocs/vh/vendor/codeigniter4/framework/system/View/View.php(210): include('...')
#4 /opt/bitnami/apache/htdocs/vh/vendor/codeigniter4/framework/system/View/View.php(213): CodeIgniter\View\View->CodeIgniter\View\{closure}()
#5 /opt/bitnami/apache/htdocs/vh/vendor/codeigniter4/framework/system/View/View.php(424): CodeIgniter\View\View->render()
#6 /opt/bitnami/apache/htdocs/vh/app/Views/admin/layout/partials/header.php(237): CodeIgniter\View\View->include()
#7 /opt/bitnami/apache/htdocs/vh/vendor/codeigniter4/framework/system/View/View.php(210): include('...')
#8 /opt/bitnami/apache/htdocs/vh/vendor/codeigniter4/framework/system/View/View.php(213): CodeIgniter\View\View->CodeIgniter\View\{closure}()
#9 /opt/bitnami/apache/htdocs/vh/vendor/codeigniter4/framework/system/View/View.php(424): CodeIgniter\View\View->render()
#10 /opt/bitnami/apache/htdocs/vh/app/Views/admin/layout/default.php(16): CodeIgniter\View\View->include()
#11 /opt/bitnami/apache/htdocs/vh/vendor/codeigniter4/framework/system/View/View.php(210): include('...')
#12 /opt/bitnami/apache/htdocs/vh/vendor/codeigniter4/framework/system/View/View.php(213): CodeIgniter\View\View->CodeIgniter\View\{closure}()
#13 /opt/bitnami/apache/htdocs/vh/vendor/codeigniter4/framework/system/View/View.php(226): CodeIgniter\View\View->render()
#14 /opt/bitnami/apache/htdocs/vh/vendor/codeigniter4/framework/system/Common.php(1089): CodeIgniter\View\View->render()
#15 /opt/bitnami/apache/htdocs/vh/app/Controllers/ActivityLogs.php(32): view()
#16 /opt/bitnami/apache/htdocs/vh/vendor/codeigniter4/framework/system/CodeIgniter.php(832): App\Controllers\ActivityLogs->index()
#17 /opt/bitnami/apache/htdocs/vh/vendor/codeigniter4/framework/system/CodeIgniter.php(419): CodeIgniter\CodeIgniter->runController()
#18 /opt/bitnami/apache/htdocs/vh/vendor/codeigniter4/framework/system/CodeIgniter.php(326): CodeIgniter\CodeIgniter->handleRequest()
#19 /opt/bitnami/apache/htdocs/vh/index.php(37): CodeIgniter\CodeIgniter->run()
#20 {main}
CRITICAL - 2022-12-06 19:20:59 --> Invalid file: Adminlte\Views\aside-nav.php
#0 /opt/bitnami/apache/htdocs/vh/vendor/codeigniter4/framework/system/View/View.php(198): CodeIgniter\Exceptions\FrameworkException::forInvalidFile()
#1 /opt/bitnami/apache/htdocs/vh/vendor/codeigniter4/framework/system/View/View.php(424): CodeIgniter\View\View->render()
#2 /opt/bitnami/apache/htdocs/vh/app/Views/admin/layout/partials/aside-nav.php(104): CodeIgniter\View\View->include()
#3 /opt/bitnami/apache/htdocs/vh/vendor/codeigniter4/framework/system/View/View.php(210): include('...')
#4 /opt/bitnami/apache/htdocs/vh/vendor/codeigniter4/framework/system/View/View.php(213): CodeIgniter\View\View->CodeIgniter\View\{closure}()
#5 /opt/bitnami/apache/htdocs/vh/vendor/codeigniter4/framework/system/View/View.php(424): CodeIgniter\View\View->render()
#6 /opt/bitnami/apache/htdocs/vh/app/Views/admin/layout/partials/header.php(237): CodeIgniter\View\View->include()
#7 /opt/bitnami/apache/htdocs/vh/vendor/codeigniter4/framework/system/View/View.php(210): include('...')
#8 /opt/bitnami/apache/htdocs/vh/vendor/codeigniter4/framework/system/View/View.php(213): CodeIgniter\View\View->CodeIgniter\View\{closure}()
#9 /opt/bitnami/apache/htdocs/vh/vendor/codeigniter4/framework/system/View/View.php(424): CodeIgniter\View\View->render()
#10 /opt/bitnami/apache/htdocs/vh/app/Views/admin/layout/default.php(16): CodeIgniter\View\View->include()
#11 /opt/bitnami/apache/htdocs/vh/vendor/codeigniter4/framework/system/View/View.php(210): include('...')
#12 /opt/bitnami/apache/htdocs/vh/vendor/codeigniter4/framework/system/View/View.php(213): CodeIgniter\View\View->CodeIgniter\View\{closure}()
#13 /opt/bitnami/apache/htdocs/vh/vendor/codeigniter4/framework/system/View/View.php(226): CodeIgniter\View\View->render()
#14 /opt/bitnami/apache/htdocs/vh/vendor/codeigniter4/framework/system/Common.php(1089): CodeIgniter\View\View->render()
#15 /opt/bitnami/apache/htdocs/vh/app/Controllers/Users.php(20): view()
#16 /opt/bitnami/apache/htdocs/vh/vendor/codeigniter4/framework/system/CodeIgniter.php(832): App\Controllers\Users->index()
#17 /opt/bitnami/apache/htdocs/vh/vendor/codeigniter4/framework/system/CodeIgniter.php(419): CodeIgniter\CodeIgniter->runController()
#18 /opt/bitnami/apache/htdocs/vh/vendor/codeigniter4/framework/system/CodeIgniter.php(326): CodeIgniter\CodeIgniter->handleRequest()
#19 /opt/bitnami/apache/htdocs/vh/index.php(37): CodeIgniter\CodeIgniter->run()
#20 {main}
CRITICAL - 2022-12-06 19:21:07 --> Invalid file: Adminlte\Views\aside-nav.php
#0 /opt/bitnami/apache/htdocs/vh/vendor/codeigniter4/framework/system/View/View.php(198): CodeIgniter\Exceptions\FrameworkException::forInvalidFile()
#1 /opt/bitnami/apache/htdocs/vh/vendor/codeigniter4/framework/system/View/View.php(424): CodeIgniter\View\View->render()
#2 /opt/bitnami/apache/htdocs/vh/app/Views/admin/layout/partials/aside-nav.php(104): CodeIgniter\View\View->include()
#3 /opt/bitnami/apache/htdocs/vh/vendor/codeigniter4/framework/system/View/View.php(210): include('...')
#4 /opt/bitnami/apache/htdocs/vh/vendor/codeigniter4/framework/system/View/View.php(213): CodeIgniter\View\View->CodeIgniter\View\{closure}()
#5 /opt/bitnami/apache/htdocs/vh/vendor/codeigniter4/framework/system/View/View.php(424): CodeIgniter\View\View->render()
#6 /opt/bitnami/apache/htdocs/vh/app/Views/admin/layout/partials/header.php(237): CodeIgniter\View\View->include()
#7 /opt/bitnami/apache/htdocs/vh/vendor/codeigniter4/framework/system/View/View.php(210): include('...')
#8 /opt/bitnami/apache/htdocs/vh/vendor/codeigniter4/framework/system/View/View.php(213): CodeIgniter\View\View->CodeIgniter\View\{closure}()
#9 /opt/bitnami/apache/htdocs/vh/vendor/codeigniter4/framework/system/View/View.php(424): CodeIgniter\View\View->render()
#10 /opt/bitnami/apache/htdocs/vh/app/Views/admin/layout/default.php(16): CodeIgniter\View\View->include()
#11 /opt/bitnami/apache/htdocs/vh/vendor/codeigniter4/framework/system/View/View.php(210): include('...')
#12 /opt/bitnami/apache/htdocs/vh/vendor/codeigniter4/framework/system/View/View.php(213): CodeIgniter\View\View->CodeIgniter\View\{closure}()
#13 /opt/bitnami/apache/htdocs/vh/vendor/codeigniter4/framework/system/View/View.php(226): CodeIgniter\View\View->render()
#14 /opt/bitnami/apache/htdocs/vh/vendor/codeigniter4/framework/system/Common.php(1089): CodeIgniter\View\View->render()
#15 /opt/bitnami/apache/htdocs/vh/app/Controllers/Dashboard.php(12): view()
#16 /opt/bitnami/apache/htdocs/vh/vendor/codeigniter4/framework/system/CodeIgniter.php(832): App\Controllers\Dashboard->index()
#17 /opt/bitnami/apache/htdocs/vh/vendor/codeigniter4/framework/system/CodeIgniter.php(419): CodeIgniter\CodeIgniter->runController()
#18 /opt/bitnami/apache/htdocs/vh/vendor/codeigniter4/framework/system/CodeIgniter.php(326): CodeIgniter\CodeIgniter->handleRequest()
#19 /opt/bitnami/apache/htdocs/vh/index.php(37): CodeIgniter\CodeIgniter->run()
#20 {main}
CRITICAL - 2022-12-06 20:01:52 --> Invalid file: admin/settings/export.php
#0 /opt/bitnami/apache/htdocs/vh/vendor/codeigniter4/framework/system/View/View.php(198): CodeIgniter\Exceptions\FrameworkException::forInvalidFile()
#1 /opt/bitnami/apache/htdocs/vh/vendor/codeigniter4/framework/system/Common.php(1089): CodeIgniter\View\View->render()
#2 /opt/bitnami/apache/htdocs/vh/app/Controllers/Backup.php(19): view()
#3 /opt/bitnami/apache/htdocs/vh/vendor/codeigniter4/framework/system/CodeIgniter.php(832): App\Controllers\Backup->index()
#4 /opt/bitnami/apache/htdocs/vh/vendor/codeigniter4/framework/system/CodeIgniter.php(419): CodeIgniter\CodeIgniter->runController()
#5 /opt/bitnami/apache/htdocs/vh/vendor/codeigniter4/framework/system/CodeIgniter.php(326): CodeIgniter\CodeIgniter->handleRequest()
#6 /opt/bitnami/apache/htdocs/vh/index.php(37): CodeIgniter\CodeIgniter->run()
#7 {main}
CRITICAL - 2022-12-06 20:01:54 --> Invalid file: admin/settings/export.php
#0 /opt/bitnami/apache/htdocs/vh/vendor/codeigniter4/framework/system/View/View.php(198): CodeIgniter\Exceptions\FrameworkException::forInvalidFile()
#1 /opt/bitnami/apache/htdocs/vh/vendor/codeigniter4/framework/system/Common.php(1089): CodeIgniter\View\View->render()
#2 /opt/bitnami/apache/htdocs/vh/app/Controllers/Backup.php(19): view()
#3 /opt/bitnami/apache/htdocs/vh/vendor/codeigniter4/framework/system/CodeIgniter.php(832): App\Controllers\Backup->index()
#4 /opt/bitnami/apache/htdocs/vh/vendor/codeigniter4/framework/system/CodeIgniter.php(419): CodeIgniter\CodeIgniter->runController()
#5 /opt/bitnami/apache/htdocs/vh/vendor/codeigniter4/framework/system/CodeIgniter.php(326): CodeIgniter\CodeIgniter->handleRequest()
#6 /opt/bitnami/apache/htdocs/vh/index.php(37): CodeIgniter\CodeIgniter->run()
#7 {main}
CRITICAL - 2022-12-06 20:01:59 --> Invalid file: admin/settings/export.php
#0 /opt/bitnami/apache/htdocs/vh/vendor/codeigniter4/framework/system/View/View.php(198): CodeIgniter\Exceptions\FrameworkException::forInvalidFile()
#1 /opt/bitnami/apache/htdocs/vh/vendor/codeigniter4/framework/system/Common.php(1089): CodeIgniter\View\View->render()
#2 /opt/bitnami/apache/htdocs/vh/app/Controllers/Backup.php(19): view()
#3 /opt/bitnami/apache/htdocs/vh/vendor/codeigniter4/framework/system/CodeIgniter.php(832): App\Controllers\Backup->index()
#4 /opt/bitnami/apache/htdocs/vh/vendor/codeigniter4/framework/system/CodeIgniter.php(419): CodeIgniter\CodeIgniter->runController()
#5 /opt/bitnami/apache/htdocs/vh/vendor/codeigniter4/framework/system/CodeIgniter.php(326): CodeIgniter\CodeIgniter->handleRequest()
#6 /opt/bitnami/apache/htdocs/vh/index.php(37): CodeIgniter\CodeIgniter->run()
#7 {main}
CRITICAL - 2022-12-06 20:08:57 --> syntax error, unexpected end of file, expecting "elseif" or "else" or "endif"
#0 /opt/bitnami/apache/htdocs/vh/vendor/codeigniter4/framework/system/View/View.php(213): CodeIgniter\View\View->CodeIgniter\View\{closure}()
#1 /opt/bitnami/apache/htdocs/vh/vendor/codeigniter4/framework/system/View/View.php(424): CodeIgniter\View\View->render()
#2 /opt/bitnami/apache/htdocs/vh/app/Views/admin/layout/partials/header.php(237): CodeIgniter\View\View->include()
#3 /opt/bitnami/apache/htdocs/vh/vendor/codeigniter4/framework/system/View/View.php(210): include('...')
#4 /opt/bitnami/apache/htdocs/vh/vendor/codeigniter4/framework/system/View/View.php(213): CodeIgniter\View\View->CodeIgniter\View\{closure}()
#5 /opt/bitnami/apache/htdocs/vh/vendor/codeigniter4/framework/system/View/View.php(424): CodeIgniter\View\View->render()
#6 /opt/bitnami/apache/htdocs/vh/app/Views/admin/layout/default.php(16): CodeIgniter\View\View->include()
#7 /opt/bitnami/apache/htdocs/vh/vendor/codeigniter4/framework/system/View/View.php(210): include('...')
#8 /opt/bitnami/apache/htdocs/vh/vendor/codeigniter4/framework/system/View/View.php(213): CodeIgniter\View\View->CodeIgniter\View\{closure}()
#9 /opt/bitnami/apache/htdocs/vh/vendor/codeigniter4/framework/system/View/View.php(226): CodeIgniter\View\View->render()
#10 /opt/bitnami/apache/htdocs/vh/vendor/codeigniter4/framework/system/Common.php(1089): CodeIgniter\View\View->render()
#11 /opt/bitnami/apache/htdocs/vh/app/Controllers/Dashboard.php(12): view()
#12 /opt/bitnami/apache/htdocs/vh/vendor/codeigniter4/framework/system/CodeIgniter.php(832): App\Controllers\Dashboard->index()
#13 /opt/bitnami/apache/htdocs/vh/vendor/codeigniter4/framework/system/CodeIgniter.php(419): CodeIgniter\CodeIgniter->runController()
#14 /opt/bitnami/apache/htdocs/vh/vendor/codeigniter4/framework/system/CodeIgniter.php(326): CodeIgniter\CodeIgniter->handleRequest()
#15 /opt/bitnami/apache/htdocs/vh/index.php(37): CodeIgniter\CodeIgniter->run()
#16 {main}
CRITICAL - 2022-12-06 20:39:40 --> No se puede encontrar la ruta  mientras se realiza el enrutamiento inverso.
#0 /opt/bitnami/apache/htdocs/vh/vendor/codeigniter4/framework/system/HTTP/RedirectResponse.php(56): CodeIgniter\HTTP\Exceptions\HTTPException::forInvalidRedirectRoute()
#1 /opt/bitnami/apache/htdocs/vh/vendor/codeigniter4/framework/system/Common.php(832): CodeIgniter\HTTP\RedirectResponse->route()
#2 /opt/bitnami/apache/htdocs/vh/app/Controllers/Settings.php(73): redirect()
#3 /opt/bitnami/apache/htdocs/vh/vendor/codeigniter4/framework/system/CodeIgniter.php(832): App\Controllers\Settings->companyUpdate()
#4 /opt/bitnami/apache/htdocs/vh/vendor/codeigniter4/framework/system/CodeIgniter.php(419): CodeIgniter\CodeIgniter->runController()
#5 /opt/bitnami/apache/htdocs/vh/vendor/codeigniter4/framework/system/CodeIgniter.php(326): CodeIgniter\CodeIgniter->handleRequest()
#6 /opt/bitnami/apache/htdocs/vh/index.php(37): CodeIgniter\CodeIgniter->run()
#7 {main}
CRITICAL - 2022-12-06 20:39:47 --> No se puede encontrar la ruta  mientras se realiza el enrutamiento inverso.
#0 /opt/bitnami/apache/htdocs/vh/vendor/codeigniter4/framework/system/HTTP/RedirectResponse.php(56): CodeIgniter\HTTP\Exceptions\HTTPException::forInvalidRedirectRoute()
#1 /opt/bitnami/apache/htdocs/vh/vendor/codeigniter4/framework/system/Common.php(832): CodeIgniter\HTTP\RedirectResponse->route()
#2 /opt/bitnami/apache/htdocs/vh/app/Controllers/Settings.php(73): redirect()
#3 /opt/bitnami/apache/htdocs/vh/vendor/codeigniter4/framework/system/CodeIgniter.php(832): App\Controllers\Settings->companyUpdate()
#4 /opt/bitnami/apache/htdocs/vh/vendor/codeigniter4/framework/system/CodeIgniter.php(419): CodeIgniter\CodeIgniter->runController()
#5 /opt/bitnami/apache/htdocs/vh/vendor/codeigniter4/framework/system/CodeIgniter.php(326): CodeIgniter\CodeIgniter->handleRequest()
#6 /opt/bitnami/apache/htdocs/vh/index.php(37): CodeIgniter\CodeIgniter->run()
#7 {main}
CRITICAL - 2022-12-06 20:40:00 --> No se puede encontrar la ruta  mientras se realiza el enrutamiento inverso.
#0 /opt/bitnami/apache/htdocs/vh/vendor/codeigniter4/framework/system/HTTP/RedirectResponse.php(56): CodeIgniter\HTTP\Exceptions\HTTPException::forInvalidRedirectRoute()
#1 /opt/bitnami/apache/htdocs/vh/vendor/codeigniter4/framework/system/Common.php(832): CodeIgniter\HTTP\RedirectResponse->route()
#2 /opt/bitnami/apache/htdocs/vh/app/Controllers/Settings.php(73): redirect()
#3 /opt/bitnami/apache/htdocs/vh/vendor/codeigniter4/framework/system/CodeIgniter.php(832): App\Controllers\Settings->companyUpdate()
#4 /opt/bitnami/apache/htdocs/vh/vendor/codeigniter4/framework/system/CodeIgniter.php(419): CodeIgniter\CodeIgniter->runController()
#5 /opt/bitnami/apache/htdocs/vh/vendor/codeigniter4/framework/system/CodeIgniter.php(326): CodeIgniter\CodeIgniter->handleRequest()
#6 /opt/bitnami/apache/htdocs/vh/index.php(37): CodeIgniter\CodeIgniter->run()
#7 {main}
CRITICAL - 2022-12-06 21:31:19 --> Undefined variable $_page
#0 /opt/bitnami/apache/htdocs/vh/app/Views/admin/layout/default.php(6): CodeIgniter\Debug\Exceptions->errorHandler()
#1 /opt/bitnami/apache/htdocs/vh/vendor/codeigniter4/framework/system/View/View.php(210): include('...')
#2 /opt/bitnami/apache/htdocs/vh/vendor/codeigniter4/framework/system/View/View.php(213): CodeIgniter\View\View->CodeIgniter\View\{closure}()
#3 /opt/bitnami/apache/htdocs/vh/vendor/codeigniter4/framework/system/View/View.php(226): CodeIgniter\View\View->render()
#4 /opt/bitnami/apache/htdocs/vh/vendor/codeigniter4/framework/system/Common.php(1089): CodeIgniter\View\View->render()
#5 /opt/bitnami/apache/htdocs/vh/app/Controllers/Monitor.php(12): view()
#6 /opt/bitnami/apache/htdocs/vh/vendor/codeigniter4/framework/system/CodeIgniter.php(832): App\Controllers\Monitor->index()
#7 /opt/bitnami/apache/htdocs/vh/vendor/codeigniter4/framework/system/CodeIgniter.php(419): CodeIgniter\CodeIgniter->runController()
#8 /opt/bitnami/apache/htdocs/vh/vendor/codeigniter4/framework/system/CodeIgniter.php(326): CodeIgniter\CodeIgniter->handleRequest()
#9 /opt/bitnami/apache/htdocs/vh/index.php(37): CodeIgniter\CodeIgniter->run()
#10 {main}
CRITICAL - 2022-12-06 21:31:44 --> Undefined variable $_page
#0 /opt/bitnami/apache/htdocs/vh/app/Views/admin/layout/default.php(6): CodeIgniter\Debug\Exceptions->errorHandler()
#1 /opt/bitnami/apache/htdocs/vh/vendor/codeigniter4/framework/system/View/View.php(210): include('...')
#2 /opt/bitnami/apache/htdocs/vh/vendor/codeigniter4/framework/system/View/View.php(213): CodeIgniter\View\View->CodeIgniter\View\{closure}()
#3 /opt/bitnami/apache/htdocs/vh/vendor/codeigniter4/framework/system/View/View.php(226): CodeIgniter\View\View->render()
#4 /opt/bitnami/apache/htdocs/vh/vendor/codeigniter4/framework/system/Common.php(1089): CodeIgniter\View\View->render()
#5 /opt/bitnami/apache/htdocs/vh/app/Controllers/Monitor.php(12): view()
#6 /opt/bitnami/apache/htdocs/vh/vendor/codeigniter4/framework/system/CodeIgniter.php(832): App\Controllers\Monitor->index()
#7 /opt/bitnami/apache/htdocs/vh/vendor/codeigniter4/framework/system/CodeIgniter.php(419): CodeIgniter\CodeIgniter->runController()
#8 /opt/bitnami/apache/htdocs/vh/vendor/codeigniter4/framework/system/CodeIgniter.php(326): CodeIgniter\CodeIgniter->handleRequest()
#9 /opt/bitnami/apache/htdocs/vh/index.php(37): CodeIgniter\CodeIgniter->run()
#10 {main}
CRITICAL - 2022-12-06 21:32:04 --> Undefined variable $_page
#0 /opt/bitnami/apache/htdocs/vh/app/Views/admin/layout/default.php(6): CodeIgniter\Debug\Exceptions->errorHandler()
#1 /opt/bitnami/apache/htdocs/vh/vendor/codeigniter4/framework/system/View/View.php(210): include('...')
#2 /opt/bitnami/apache/htdocs/vh/vendor/codeigniter4/framework/system/View/View.php(213): CodeIgniter\View\View->CodeIgniter\View\{closure}()
#3 /opt/bitnami/apache/htdocs/vh/vendor/codeigniter4/framework/system/View/View.php(226): CodeIgniter\View\View->render()
#4 /opt/bitnami/apache/htdocs/vh/vendor/codeigniter4/framework/system/Common.php(1089): CodeIgniter\View\View->render()
#5 /opt/bitnami/apache/htdocs/vh/app/Controllers/Monitor.php(12): view()
#6 /opt/bitnami/apache/htdocs/vh/vendor/codeigniter4/framework/system/CodeIgniter.php(832): App\Controllers\Monitor->index()
#7 /opt/bitnami/apache/htdocs/vh/vendor/codeigniter4/framework/system/CodeIgniter.php(419): CodeIgniter\CodeIgniter->runController()
#8 /opt/bitnami/apache/htdocs/vh/vendor/codeigniter4/framework/system/CodeIgniter.php(326): CodeIgniter\CodeIgniter->handleRequest()
#9 /opt/bitnami/apache/htdocs/vh/index.php(37): CodeIgniter\CodeIgniter->run()
#10 {main}
CRITICAL - 2022-12-06 21:32:06 --> Undefined variable $_page
#0 /opt/bitnami/apache/htdocs/vh/app/Views/admin/layout/default.php(6): CodeIgniter\Debug\Exceptions->errorHandler()
#1 /opt/bitnami/apache/htdocs/vh/vendor/codeigniter4/framework/system/View/View.php(210): include('...')
#2 /opt/bitnami/apache/htdocs/vh/vendor/codeigniter4/framework/system/View/View.php(213): CodeIgniter\View\View->CodeIgniter\View\{closure}()
#3 /opt/bitnami/apache/htdocs/vh/vendor/codeigniter4/framework/system/View/View.php(226): CodeIgniter\View\View->render()
#4 /opt/bitnami/apache/htdocs/vh/vendor/codeigniter4/framework/system/Common.php(1089): CodeIgniter\View\View->render()
#5 /opt/bitnami/apache/htdocs/vh/app/Controllers/Monitor.php(12): view()
#6 /opt/bitnami/apache/htdocs/vh/vendor/codeigniter4/framework/system/CodeIgniter.php(832): App\Controllers\Monitor->index()
#7 /opt/bitnami/apache/htdocs/vh/vendor/codeigniter4/framework/system/CodeIgniter.php(419): CodeIgniter\CodeIgniter->runController()
#8 /opt/bitnami/apache/htdocs/vh/vendor/codeigniter4/framework/system/CodeIgniter.php(326): CodeIgniter\CodeIgniter->handleRequest()
#9 /opt/bitnami/apache/htdocs/vh/index.php(37): CodeIgniter\CodeIgniter->run()
#10 {main}
CRITICAL - 2022-12-06 21:32:08 --> Undefined variable $_page
#0 /opt/bitnami/apache/htdocs/vh/app/Views/admin/layout/default.php(6): CodeIgniter\Debug\Exceptions->errorHandler()
#1 /opt/bitnami/apache/htdocs/vh/vendor/codeigniter4/framework/system/View/View.php(210): include('...')
#2 /opt/bitnami/apache/htdocs/vh/vendor/codeigniter4/framework/system/View/View.php(213): CodeIgniter\View\View->CodeIgniter\View\{closure}()
#3 /opt/bitnami/apache/htdocs/vh/vendor/codeigniter4/framework/system/View/View.php(226): CodeIgniter\View\View->render()
#4 /opt/bitnami/apache/htdocs/vh/vendor/codeigniter4/framework/system/Common.php(1089): CodeIgniter\View\View->render()
#5 /opt/bitnami/apache/htdocs/vh/app/Controllers/Monitor.php(12): view()
#6 /opt/bitnami/apache/htdocs/vh/vendor/codeigniter4/framework/system/CodeIgniter.php(832): App\Controllers\Monitor->index()
#7 /opt/bitnami/apache/htdocs/vh/vendor/codeigniter4/framework/system/CodeIgniter.php(419): CodeIgniter\CodeIgniter->runController()
#8 /opt/bitnami/apache/htdocs/vh/vendor/codeigniter4/framework/system/CodeIgniter.php(326): CodeIgniter\CodeIgniter->handleRequest()
#9 /opt/bitnami/apache/htdocs/vh/index.php(37): CodeIgniter\CodeIgniter->run()
#10 {main}
CRITICAL - 2022-12-06 21:45:55 --> Archivo inválido: monitor.php
#0 /opt/bitnami/apache/htdocs/vh/vendor/codeigniter4/framework/system/View/View.php(198): CodeIgniter\Exceptions\FrameworkException::forInvalidFile()
#1 /opt/bitnami/apache/htdocs/vh/vendor/codeigniter4/framework/system/Common.php(1089): CodeIgniter\View\View->render()
#2 /opt/bitnami/apache/htdocs/vh/app/Controllers/Monitor.php(14): view()
#3 /opt/bitnami/apache/htdocs/vh/vendor/codeigniter4/framework/system/CodeIgniter.php(832): App\Controllers\Monitor->index()
#4 /opt/bitnami/apache/htdocs/vh/vendor/codeigniter4/framework/system/CodeIgniter.php(419): CodeIgniter\CodeIgniter->runController()
#5 /opt/bitnami/apache/htdocs/vh/vendor/codeigniter4/framework/system/CodeIgniter.php(326): CodeIgniter\CodeIgniter->handleRequest()
#6 /opt/bitnami/apache/htdocs/vh/index.php(37): CodeIgniter\CodeIgniter->run()
#7 {main}
CRITICAL - 2022-12-06 21:46:31 --> Archivo inválido: monitor.php
#0 /opt/bitnami/apache/htdocs/vh/vendor/codeigniter4/framework/system/View/View.php(198): CodeIgniter\Exceptions\FrameworkException::forInvalidFile()
#1 /opt/bitnami/apache/htdocs/vh/vendor/codeigniter4/framework/system/Common.php(1089): CodeIgniter\View\View->render()
#2 /opt/bitnami/apache/htdocs/vh/app/Controllers/Monitor.php(14): view()
#3 /opt/bitnami/apache/htdocs/vh/vendor/codeigniter4/framework/system/CodeIgniter.php(832): App\Controllers\Monitor->index()
#4 /opt/bitnami/apache/htdocs/vh/vendor/codeigniter4/framework/system/CodeIgniter.php(419): CodeIgniter\CodeIgniter->runController()
#5 /opt/bitnami/apache/htdocs/vh/vendor/codeigniter4/framework/system/CodeIgniter.php(326): CodeIgniter\CodeIgniter->handleRequest()
#6 /opt/bitnami/apache/htdocs/vh/index.php(37): CodeIgniter\CodeIgniter->run()
#7 {main}
CRITICAL - 2022-12-06 21:46:33 --> Archivo inválido: monitor.php
#0 /opt/bitnami/apache/htdocs/vh/vendor/codeigniter4/framework/system/View/View.php(198): CodeIgniter\Exceptions\FrameworkException::forInvalidFile()
#1 /opt/bitnami/apache/htdocs/vh/vendor/codeigniter4/framework/system/Common.php(1089): CodeIgniter\View\View->render()
#2 /opt/bitnami/apache/htdocs/vh/app/Controllers/Monitor.php(14): view()
#3 /opt/bitnami/apache/htdocs/vh/vendor/codeigniter4/framework/system/CodeIgniter.php(832): App\Controllers\Monitor->index()
#4 /opt/bitnami/apache/htdocs/vh/vendor/codeigniter4/framework/system/CodeIgniter.php(419): CodeIgniter\CodeIgniter->runController()
#5 /opt/bitnami/apache/htdocs/vh/vendor/codeigniter4/framework/system/CodeIgniter.php(326): CodeIgniter\CodeIgniter->handleRequest()
#6 /opt/bitnami/apache/htdocs/vh/index.php(37): CodeIgniter\CodeIgniter->run()
#7 {main}
CRITICAL - 2022-12-06 21:58:09 --> Cannot declare class App\Controllers\Monitor, because the name is already in use
#0 [internal function]: CodeIgniter\Debug\Exceptions->shutdownHandler()
#1 {main}
CRITICAL - 2022-12-06 21:58:33 --> Cannot declare class App\Controllers\Monitor, because the name is already in use
#0 [internal function]: CodeIgniter\Debug\Exceptions->shutdownHandler()
#1 {main}
