CRITICAL - 2022-12-16 16:20:51 --> syntax error, unexpected token "}"
#0 /opt/bitnami/apache/htdocs/vh/vendor/codeigniter4/framework/system/Router/Router.php(175): CodeIgniter\Router\Router->autoRoute()
#1 /opt/bitnami/apache/htdocs/vh/vendor/codeigniter4/framework/system/CodeIgniter.php(726): CodeIgniter\Router\Router->handle()
#2 /opt/bitnami/apache/htdocs/vh/vendor/codeigniter4/framework/system/CodeIgniter.php(368): CodeIgniter\CodeIgniter->tryToRouteIt()
#3 /opt/bitnami/apache/htdocs/vh/vendor/codeigniter4/framework/system/CodeIgniter.php(326): CodeIgniter\CodeIgniter->handleRequest()
#4 /opt/bitnami/apache/htdocs/vh/index.php(37): CodeIgniter\CodeIgniter->run()
#5 {main}
CRITICAL - 2022-12-16 16:30:36 --> include(/create_wallet.php): Failed to open stream: No such file or directory
#0 /opt/bitnami/apache/htdocs/vh/app/Controllers/Contracts.php(169): CodeIgniter\Debug\Exceptions->errorHandler()
#1 /opt/bitnami/apache/htdocs/vh/app/Controllers/Contracts.php(169): include()
#2 /opt/bitnami/apache/htdocs/vh/vendor/codeigniter4/framework/system/CodeIgniter.php(832): App\Controllers\Contracts->save()
#3 /opt/bitnami/apache/htdocs/vh/vendor/codeigniter4/framework/system/CodeIgniter.php(419): CodeIgniter\CodeIgniter->runController()
#4 /opt/bitnami/apache/htdocs/vh/vendor/codeigniter4/framework/system/CodeIgniter.php(326): CodeIgniter\CodeIgniter->handleRequest()
#5 /opt/bitnami/apache/htdocs/vh/index.php(37): CodeIgniter\CodeIgniter->run()
#6 {main}
CRITICAL - 2022-12-16 16:31:03 --> include(/create_wallet.php): Failed to open stream: No such file or directory
#0 /opt/bitnami/apache/htdocs/vh/app/Controllers/Contracts.php(169): CodeIgniter\Debug\Exceptions->errorHandler()
#1 /opt/bitnami/apache/htdocs/vh/app/Controllers/Contracts.php(169): include()
#2 /opt/bitnami/apache/htdocs/vh/vendor/codeigniter4/framework/system/CodeIgniter.php(832): App\Controllers\Contracts->save()
#3 /opt/bitnami/apache/htdocs/vh/vendor/codeigniter4/framework/system/CodeIgniter.php(419): CodeIgniter\CodeIgniter->runController()
#4 /opt/bitnami/apache/htdocs/vh/vendor/codeigniter4/framework/system/CodeIgniter.php(326): CodeIgniter\CodeIgniter->handleRequest()
#5 /opt/bitnami/apache/htdocs/vh/index.php(37): CodeIgniter\CodeIgniter->run()
#6 {main}
CRITICAL - 2022-12-16 18:01:10 --> Class "App\Controllers\WalletModel" not found
#0 /opt/bitnami/apache/htdocs/vh/vendor/codeigniter4/framework/system/CodeIgniter.php(832): App\Controllers\Contracts->save()
#1 /opt/bitnami/apache/htdocs/vh/vendor/codeigniter4/framework/system/CodeIgniter.php(419): CodeIgniter\CodeIgniter->runController()
#2 /opt/bitnami/apache/htdocs/vh/vendor/codeigniter4/framework/system/CodeIgniter.php(326): CodeIgniter\CodeIgniter->handleRequest()
#3 /opt/bitnami/apache/htdocs/vh/index.php(37): CodeIgniter\CodeIgniter->run()
#4 {main}
CRITICAL - 2022-12-16 18:02:05 --> Undefined variable $logged
#0 /opt/bitnami/apache/htdocs/vh/app/Controllers/Contracts.php(175): CodeIgniter\Debug\Exceptions->errorHandler()
#1 /opt/bitnami/apache/htdocs/vh/vendor/codeigniter4/framework/system/CodeIgniter.php(832): App\Controllers\Contracts->save()
#2 /opt/bitnami/apache/htdocs/vh/vendor/codeigniter4/framework/system/CodeIgniter.php(419): CodeIgniter\CodeIgniter->runController()
#3 /opt/bitnami/apache/htdocs/vh/vendor/codeigniter4/framework/system/CodeIgniter.php(326): CodeIgniter\CodeIgniter->handleRequest()
#4 /opt/bitnami/apache/htdocs/vh/index.php(37): CodeIgniter\CodeIgniter->run()
#5 {main}
CRITICAL - 2022-12-16 18:02:37 --> Undefined variable $logged
#0 /opt/bitnami/apache/htdocs/vh/app/Controllers/Contracts.php(175): CodeIgniter\Debug\Exceptions->errorHandler()
#1 /opt/bitnami/apache/htdocs/vh/vendor/codeigniter4/framework/system/CodeIgniter.php(832): App\Controllers\Contracts->save()
#2 /opt/bitnami/apache/htdocs/vh/vendor/codeigniter4/framework/system/CodeIgniter.php(419): CodeIgniter\CodeIgniter->runController()
#3 /opt/bitnami/apache/htdocs/vh/vendor/codeigniter4/framework/system/CodeIgniter.php(326): CodeIgniter\CodeIgniter->handleRequest()
#4 /opt/bitnami/apache/htdocs/vh/index.php(37): CodeIgniter\CodeIgniter->run()
#5 {main}
CRITICAL - 2022-12-16 18:03:12 --> Call to undefined method App\Models\WalletModel::create
#0 /opt/bitnami/apache/htdocs/vh/app/Controllers/Contracts.php(177): CodeIgniter\Model->__call()
#1 /opt/bitnami/apache/htdocs/vh/vendor/codeigniter4/framework/system/CodeIgniter.php(832): App\Controllers\Contracts->save()
#2 /opt/bitnami/apache/htdocs/vh/vendor/codeigniter4/framework/system/CodeIgniter.php(419): CodeIgniter\CodeIgniter->runController()
#3 /opt/bitnami/apache/htdocs/vh/vendor/codeigniter4/framework/system/CodeIgniter.php(326): CodeIgniter\CodeIgniter->handleRequest()
#4 /opt/bitnami/apache/htdocs/vh/index.php(37): CodeIgniter\CodeIgniter->run()
#5 {main}
CRITICAL - 2022-12-16 18:05:20 --> Call to undefined method App\Models\WalletModel::create
#0 /opt/bitnami/apache/htdocs/vh/app/Controllers/Contracts.php(177): CodeIgniter\Model->__call()
#1 /opt/bitnami/apache/htdocs/vh/vendor/codeigniter4/framework/system/CodeIgniter.php(832): App\Controllers\Contracts->save()
#2 /opt/bitnami/apache/htdocs/vh/vendor/codeigniter4/framework/system/CodeIgniter.php(419): CodeIgniter\CodeIgniter->runController()
#3 /opt/bitnami/apache/htdocs/vh/vendor/codeigniter4/framework/system/CodeIgniter.php(326): CodeIgniter\CodeIgniter->handleRequest()
#4 /opt/bitnami/apache/htdocs/vh/index.php(37): CodeIgniter\CodeIgniter->run()
#5 {main}
CRITICAL - 2022-12-16 18:06:08 --> Call to undefined method App\Models\WalletModel::create
#0 /opt/bitnami/apache/htdocs/vh/app/Controllers/Contracts.php(177): CodeIgniter\Model->__call()
#1 /opt/bitnami/apache/htdocs/vh/vendor/codeigniter4/framework/system/CodeIgniter.php(832): App\Controllers\Contracts->save()
#2 /opt/bitnami/apache/htdocs/vh/vendor/codeigniter4/framework/system/CodeIgniter.php(419): CodeIgniter\CodeIgniter->runController()
#3 /opt/bitnami/apache/htdocs/vh/vendor/codeigniter4/framework/system/CodeIgniter.php(326): CodeIgniter\CodeIgniter->handleRequest()
#4 /opt/bitnami/apache/htdocs/vh/index.php(37): CodeIgniter\CodeIgniter->run()
#5 {main}
ERROR - 2022-12-16 18:10:20 --> Unknown column 'ownerID' in 'field list'
CRITICAL - 2022-12-16 18:10:20 --> Unknown column 'ownerID' in 'field list'
#0 /opt/bitnami/apache/htdocs/vh/vendor/codeigniter4/framework/system/Database/MySQLi/Connection.php(292): mysqli->query()
#1 /opt/bitnami/apache/htdocs/vh/vendor/codeigniter4/framework/system/Database/BaseConnection.php(670): CodeIgniter\Database\MySQLi\Connection->execute()
#2 /opt/bitnami/apache/htdocs/vh/vendor/codeigniter4/framework/system/Database/BaseConnection.php(598): CodeIgniter\Database\BaseConnection->simpleQuery()
#3 /opt/bitnami/apache/htdocs/vh/vendor/codeigniter4/framework/system/Database/BaseBuilder.php(1771): CodeIgniter\Database\BaseConnection->query()
#4 /opt/bitnami/apache/htdocs/vh/vendor/codeigniter4/framework/system/Model.php(239): CodeIgniter\Database\BaseBuilder->insert()
#5 /opt/bitnami/apache/htdocs/vh/vendor/codeigniter4/framework/system/BaseModel.php(738): CodeIgniter\Model->doInsert()
#6 /opt/bitnami/apache/htdocs/vh/vendor/codeigniter4/framework/system/Model.php(625): CodeIgniter\BaseModel->insert()
#7 /opt/bitnami/apache/htdocs/vh/app/Models/BaseModel.php(46): CodeIgniter\Model->insert()
#8 /opt/bitnami/apache/htdocs/vh/app/Controllers/Contracts.php(177): App\Models\BaseModel->create()
#9 /opt/bitnami/apache/htdocs/vh/vendor/codeigniter4/framework/system/CodeIgniter.php(832): App\Controllers\Contracts->save()
#10 /opt/bitnami/apache/htdocs/vh/vendor/codeigniter4/framework/system/CodeIgniter.php(419): CodeIgniter\CodeIgniter->runController()
#11 /opt/bitnami/apache/htdocs/vh/vendor/codeigniter4/framework/system/CodeIgniter.php(326): CodeIgniter\CodeIgniter->handleRequest()
#12 /opt/bitnami/apache/htdocs/vh/index.php(37): CodeIgniter\CodeIgniter->run()
#13 {main}
ERROR - 2022-12-16 22:38:24 --> Column 'contract_excerpt' cannot be null
CRITICAL - 2022-12-16 22:38:24 --> Column 'contract_excerpt' cannot be null
#0 /opt/bitnami/apache/htdocs/vh/vendor/codeigniter4/framework/system/Database/MySQLi/Connection.php(292): mysqli->query()
#1 /opt/bitnami/apache/htdocs/vh/vendor/codeigniter4/framework/system/Database/BaseConnection.php(670): CodeIgniter\Database\MySQLi\Connection->execute()
#2 /opt/bitnami/apache/htdocs/vh/vendor/codeigniter4/framework/system/Database/BaseConnection.php(598): CodeIgniter\Database\BaseConnection->simpleQuery()
#3 /opt/bitnami/apache/htdocs/vh/vendor/codeigniter4/framework/system/Database/BaseBuilder.php(1771): CodeIgniter\Database\BaseConnection->query()
#4 /opt/bitnami/apache/htdocs/vh/vendor/codeigniter4/framework/system/Model.php(239): CodeIgniter\Database\BaseBuilder->insert()
#5 /opt/bitnami/apache/htdocs/vh/vendor/codeigniter4/framework/system/BaseModel.php(738): CodeIgniter\Model->doInsert()
#6 /opt/bitnami/apache/htdocs/vh/vendor/codeigniter4/framework/system/Model.php(625): CodeIgniter\BaseModel->insert()
#7 /opt/bitnami/apache/htdocs/vh/app/Models/BaseModel.php(46): CodeIgniter\Model->insert()
#8 /opt/bitnami/apache/htdocs/vh/app/Controllers/Contracts.php(77): App\Models\BaseModel->create()
#9 /opt/bitnami/apache/htdocs/vh/vendor/codeigniter4/framework/system/CodeIgniter.php(832): App\Controllers\Contracts->save()
#10 /opt/bitnami/apache/htdocs/vh/vendor/codeigniter4/framework/system/CodeIgniter.php(419): CodeIgniter\CodeIgniter->runController()
#11 /opt/bitnami/apache/htdocs/vh/vendor/codeigniter4/framework/system/CodeIgniter.php(326): CodeIgniter\CodeIgniter->handleRequest()
#12 /opt/bitnami/apache/htdocs/vh/index.php(37): CodeIgniter\CodeIgniter->run()
#13 {main}
ERROR - 2022-12-16 22:40:22 --> Column 'contract_excerpt' cannot be null
CRITICAL - 2022-12-16 22:40:22 --> Column 'contract_excerpt' cannot be null
#0 /opt/bitnami/apache/htdocs/vh/vendor/codeigniter4/framework/system/Database/MySQLi/Connection.php(292): mysqli->query()
#1 /opt/bitnami/apache/htdocs/vh/vendor/codeigniter4/framework/system/Database/BaseConnection.php(670): CodeIgniter\Database\MySQLi\Connection->execute()
#2 /opt/bitnami/apache/htdocs/vh/vendor/codeigniter4/framework/system/Database/BaseConnection.php(598): CodeIgniter\Database\BaseConnection->simpleQuery()
#3 /opt/bitnami/apache/htdocs/vh/vendor/codeigniter4/framework/system/Database/BaseBuilder.php(1771): CodeIgniter\Database\BaseConnection->query()
#4 /opt/bitnami/apache/htdocs/vh/vendor/codeigniter4/framework/system/Model.php(239): CodeIgniter\Database\BaseBuilder->insert()
#5 /opt/bitnami/apache/htdocs/vh/vendor/codeigniter4/framework/system/BaseModel.php(738): CodeIgniter\Model->doInsert()
#6 /opt/bitnami/apache/htdocs/vh/vendor/codeigniter4/framework/system/Model.php(625): CodeIgniter\BaseModel->insert()
#7 /opt/bitnami/apache/htdocs/vh/app/Models/BaseModel.php(46): CodeIgniter\Model->insert()
#8 /opt/bitnami/apache/htdocs/vh/app/Controllers/Contracts.php(78): App\Models\BaseModel->create()
#9 /opt/bitnami/apache/htdocs/vh/vendor/codeigniter4/framework/system/CodeIgniter.php(832): App\Controllers\Contracts->save()
#10 /opt/bitnami/apache/htdocs/vh/vendor/codeigniter4/framework/system/CodeIgniter.php(419): CodeIgniter\CodeIgniter->runController()
#11 /opt/bitnami/apache/htdocs/vh/vendor/codeigniter4/framework/system/CodeIgniter.php(326): CodeIgniter\CodeIgniter->handleRequest()
#12 /opt/bitnami/apache/htdocs/vh/index.php(37): CodeIgniter\CodeIgniter->run()
#13 {main}
ERROR - 2022-12-16 22:40:50 --> Column 'contract_excerpt' cannot be null
CRITICAL - 2022-12-16 22:40:50 --> Column 'contract_excerpt' cannot be null
#0 /opt/bitnami/apache/htdocs/vh/vendor/codeigniter4/framework/system/Database/MySQLi/Connection.php(292): mysqli->query()
#1 /opt/bitnami/apache/htdocs/vh/vendor/codeigniter4/framework/system/Database/BaseConnection.php(670): CodeIgniter\Database\MySQLi\Connection->execute()
#2 /opt/bitnami/apache/htdocs/vh/vendor/codeigniter4/framework/system/Database/BaseConnection.php(598): CodeIgniter\Database\BaseConnection->simpleQuery()
#3 /opt/bitnami/apache/htdocs/vh/vendor/codeigniter4/framework/system/Database/BaseBuilder.php(1771): CodeIgniter\Database\BaseConnection->query()
#4 /opt/bitnami/apache/htdocs/vh/vendor/codeigniter4/framework/system/Model.php(239): CodeIgniter\Database\BaseBuilder->insert()
#5 /opt/bitnami/apache/htdocs/vh/vendor/codeigniter4/framework/system/BaseModel.php(738): CodeIgniter\Model->doInsert()
#6 /opt/bitnami/apache/htdocs/vh/vendor/codeigniter4/framework/system/Model.php(625): CodeIgniter\BaseModel->insert()
#7 /opt/bitnami/apache/htdocs/vh/app/Models/BaseModel.php(46): CodeIgniter\Model->insert()
#8 /opt/bitnami/apache/htdocs/vh/app/Controllers/Contracts.php(78): App\Models\BaseModel->create()
#9 /opt/bitnami/apache/htdocs/vh/vendor/codeigniter4/framework/system/CodeIgniter.php(832): App\Controllers\Contracts->save()
#10 /opt/bitnami/apache/htdocs/vh/vendor/codeigniter4/framework/system/CodeIgniter.php(419): CodeIgniter\CodeIgniter->runController()
#11 /opt/bitnami/apache/htdocs/vh/vendor/codeigniter4/framework/system/CodeIgniter.php(326): CodeIgniter\CodeIgniter->handleRequest()
#12 /opt/bitnami/apache/htdocs/vh/index.php(37): CodeIgniter\CodeIgniter->run()
#13 {main}
ERROR - 2022-12-16 22:41:34 --> Column 'contract_excerpt' cannot be null
CRITICAL - 2022-12-16 22:41:34 --> Column 'contract_excerpt' cannot be null
#0 /opt/bitnami/apache/htdocs/vh/vendor/codeigniter4/framework/system/Database/MySQLi/Connection.php(292): mysqli->query()
#1 /opt/bitnami/apache/htdocs/vh/vendor/codeigniter4/framework/system/Database/BaseConnection.php(670): CodeIgniter\Database\MySQLi\Connection->execute()
#2 /opt/bitnami/apache/htdocs/vh/vendor/codeigniter4/framework/system/Database/BaseConnection.php(598): CodeIgniter\Database\BaseConnection->simpleQuery()
#3 /opt/bitnami/apache/htdocs/vh/vendor/codeigniter4/framework/system/Database/BaseBuilder.php(1771): CodeIgniter\Database\BaseConnection->query()
#4 /opt/bitnami/apache/htdocs/vh/vendor/codeigniter4/framework/system/Model.php(239): CodeIgniter\Database\BaseBuilder->insert()
#5 /opt/bitnami/apache/htdocs/vh/vendor/codeigniter4/framework/system/BaseModel.php(738): CodeIgniter\Model->doInsert()
#6 /opt/bitnami/apache/htdocs/vh/vendor/codeigniter4/framework/system/Model.php(625): CodeIgniter\BaseModel->insert()
#7 /opt/bitnami/apache/htdocs/vh/app/Models/BaseModel.php(46): CodeIgniter\Model->insert()
#8 /opt/bitnami/apache/htdocs/vh/app/Controllers/Contracts.php(96): App\Models\BaseModel->create()
#9 /opt/bitnami/apache/htdocs/vh/vendor/codeigniter4/framework/system/CodeIgniter.php(832): App\Controllers\Contracts->save()
#10 /opt/bitnami/apache/htdocs/vh/vendor/codeigniter4/framework/system/CodeIgniter.php(419): CodeIgniter\CodeIgniter->runController()
#11 /opt/bitnami/apache/htdocs/vh/vendor/codeigniter4/framework/system/CodeIgniter.php(326): CodeIgniter\CodeIgniter->handleRequest()
#12 /opt/bitnami/apache/htdocs/vh/index.php(37): CodeIgniter\CodeIgniter->run()
#13 {main}
ERROR - 2022-12-16 22:41:52 --> Column 'contract_excerpt' cannot be null
CRITICAL - 2022-12-16 22:41:52 --> Column 'contract_excerpt' cannot be null
#0 /opt/bitnami/apache/htdocs/vh/vendor/codeigniter4/framework/system/Database/MySQLi/Connection.php(292): mysqli->query()
#1 /opt/bitnami/apache/htdocs/vh/vendor/codeigniter4/framework/system/Database/BaseConnection.php(670): CodeIgniter\Database\MySQLi\Connection->execute()
#2 /opt/bitnami/apache/htdocs/vh/vendor/codeigniter4/framework/system/Database/BaseConnection.php(598): CodeIgniter\Database\BaseConnection->simpleQuery()
#3 /opt/bitnami/apache/htdocs/vh/vendor/codeigniter4/framework/system/Database/BaseBuilder.php(1771): CodeIgniter\Database\BaseConnection->query()
#4 /opt/bitnami/apache/htdocs/vh/vendor/codeigniter4/framework/system/Model.php(239): CodeIgniter\Database\BaseBuilder->insert()
#5 /opt/bitnami/apache/htdocs/vh/vendor/codeigniter4/framework/system/BaseModel.php(738): CodeIgniter\Model->doInsert()
#6 /opt/bitnami/apache/htdocs/vh/vendor/codeigniter4/framework/system/Model.php(625): CodeIgniter\BaseModel->insert()
#7 /opt/bitnami/apache/htdocs/vh/app/Models/BaseModel.php(46): CodeIgniter\Model->insert()
#8 /opt/bitnami/apache/htdocs/vh/app/Controllers/Contracts.php(96): App\Models\BaseModel->create()
#9 /opt/bitnami/apache/htdocs/vh/vendor/codeigniter4/framework/system/CodeIgniter.php(832): App\Controllers\Contracts->save()
#10 /opt/bitnami/apache/htdocs/vh/vendor/codeigniter4/framework/system/CodeIgniter.php(419): CodeIgniter\CodeIgniter->runController()
#11 /opt/bitnami/apache/htdocs/vh/vendor/codeigniter4/framework/system/CodeIgniter.php(326): CodeIgniter\CodeIgniter->handleRequest()
#12 /opt/bitnami/apache/htdocs/vh/index.php(37): CodeIgniter\CodeIgniter->run()
#13 {main}
