CRITICAL - 2022-12-24 01:27:14 --> Trying to access array offset on value of type null
#0 /opt/bitnami/apache/htdocs/vh/app/Controllers/Contracts.php(77): CodeIgniter\Debug\Exceptions->errorHandler()
#1 /opt/bitnami/apache/htdocs/vh/vendor/codeigniter4/framework/system/CodeIgniter.php(832): App\Controllers\Contracts->contract_data()
#2 /opt/bitnami/apache/htdocs/vh/vendor/codeigniter4/framework/system/CodeIgniter.php(419): CodeIgniter\CodeIgniter->runController()
#3 /opt/bitnami/apache/htdocs/vh/vendor/codeigniter4/framework/system/CodeIgniter.php(326): CodeIgniter\CodeIgniter->handleRequest()
#4 /opt/bitnami/apache/htdocs/vh/index.php(37): CodeIgniter\CodeIgniter->run()
#5 {main}
CRITICAL - 2022-12-24 08:43:04 --> Trying to access array offset on value of type null
#0 /opt/bitnami/apache/htdocs/vh/app/Controllers/Contracts.php(77): CodeIgniter\Debug\Exceptions->errorHandler()
#1 /opt/bitnami/apache/htdocs/vh/vendor/codeigniter4/framework/system/CodeIgniter.php(832): App\Controllers\Contracts->contract_data()
#2 /opt/bitnami/apache/htdocs/vh/vendor/codeigniter4/framework/system/CodeIgniter.php(419): CodeIgniter\CodeIgniter->runController()
#3 /opt/bitnami/apache/htdocs/vh/vendor/codeigniter4/framework/system/CodeIgniter.php(326): CodeIgniter\CodeIgniter->handleRequest()
#4 /opt/bitnami/apache/htdocs/vh/index.php(37): CodeIgniter\CodeIgniter->run()
#5 {main}
CRITICAL - 2022-12-24 08:44:29 --> Trying to access array offset on value of type null
#0 /opt/bitnami/apache/htdocs/vh/app/Controllers/Contracts.php(77): CodeIgniter\Debug\Exceptions->errorHandler()
#1 /opt/bitnami/apache/htdocs/vh/vendor/codeigniter4/framework/system/CodeIgniter.php(832): App\Controllers\Contracts->contract_data()
#2 /opt/bitnami/apache/htdocs/vh/vendor/codeigniter4/framework/system/CodeIgniter.php(419): CodeIgniter\CodeIgniter->runController()
#3 /opt/bitnami/apache/htdocs/vh/vendor/codeigniter4/framework/system/CodeIgniter.php(326): CodeIgniter\CodeIgniter->handleRequest()
#4 /opt/bitnami/apache/htdocs/vh/index.php(37): CodeIgniter\CodeIgniter->run()
#5 {main}
CRITICAL - 2022-12-24 08:52:47 --> Trying to access array offset on value of type null
#0 /opt/bitnami/apache/htdocs/vh/app/Controllers/Contracts.php(77): CodeIgniter\Debug\Exceptions->errorHandler()
#1 /opt/bitnami/apache/htdocs/vh/vendor/codeigniter4/framework/system/CodeIgniter.php(832): App\Controllers\Contracts->contract_data()
#2 /opt/bitnami/apache/htdocs/vh/vendor/codeigniter4/framework/system/CodeIgniter.php(419): CodeIgniter\CodeIgniter->runController()
#3 /opt/bitnami/apache/htdocs/vh/vendor/codeigniter4/framework/system/CodeIgniter.php(326): CodeIgniter\CodeIgniter->handleRequest()
#4 /opt/bitnami/apache/htdocs/vh/index.php(37): CodeIgniter\CodeIgniter->run()
#5 {main}
CRITICAL - 2022-12-24 08:58:51 --> Trying to access array offset on value of type null
#0 /opt/bitnami/apache/htdocs/vh/app/Controllers/Contracts.php(77): CodeIgniter\Debug\Exceptions->errorHandler()
#1 /opt/bitnami/apache/htdocs/vh/vendor/codeigniter4/framework/system/CodeIgniter.php(832): App\Controllers\Contracts->contract_data()
#2 /opt/bitnami/apache/htdocs/vh/vendor/codeigniter4/framework/system/CodeIgniter.php(419): CodeIgniter\CodeIgniter->runController()
#3 /opt/bitnami/apache/htdocs/vh/vendor/codeigniter4/framework/system/CodeIgniter.php(326): CodeIgniter\CodeIgniter->handleRequest()
#4 /opt/bitnami/apache/htdocs/vh/index.php(37): CodeIgniter\CodeIgniter->run()
#5 {main}
CRITICAL - 2022-12-24 08:59:35 --> Trying to access array offset on value of type null
#0 /opt/bitnami/apache/htdocs/vh/app/Controllers/Contracts.php(77): CodeIgniter\Debug\Exceptions->errorHandler()
#1 /opt/bitnami/apache/htdocs/vh/vendor/codeigniter4/framework/system/CodeIgniter.php(832): App\Controllers\Contracts->contract_data()
#2 /opt/bitnami/apache/htdocs/vh/vendor/codeigniter4/framework/system/CodeIgniter.php(419): CodeIgniter\CodeIgniter->runController()
#3 /opt/bitnami/apache/htdocs/vh/vendor/codeigniter4/framework/system/CodeIgniter.php(326): CodeIgniter\CodeIgniter->handleRequest()
#4 /opt/bitnami/apache/htdocs/vh/index.php(37): CodeIgniter\CodeIgniter->run()
#5 {main}
CRITICAL - 2022-12-24 09:00:24 --> Trying to access array offset on value of type null
#0 /opt/bitnami/apache/htdocs/vh/app/Controllers/Contracts.php(77): CodeIgniter\Debug\Exceptions->errorHandler()
#1 /opt/bitnami/apache/htdocs/vh/vendor/codeigniter4/framework/system/CodeIgniter.php(832): App\Controllers\Contracts->contract_data()
#2 /opt/bitnami/apache/htdocs/vh/vendor/codeigniter4/framework/system/CodeIgniter.php(419): CodeIgniter\CodeIgniter->runController()
#3 /opt/bitnami/apache/htdocs/vh/vendor/codeigniter4/framework/system/CodeIgniter.php(326): CodeIgniter\CodeIgniter->handleRequest()
#4 /opt/bitnami/apache/htdocs/vh/index.php(37): CodeIgniter\CodeIgniter->run()
#5 {main}
CRITICAL - 2022-12-24 09:02:48 --> Trying to access array offset on value of type null
#0 /opt/bitnami/apache/htdocs/vh/app/Controllers/Contracts.php(77): CodeIgniter\Debug\Exceptions->errorHandler()
#1 /opt/bitnami/apache/htdocs/vh/vendor/codeigniter4/framework/system/CodeIgniter.php(832): App\Controllers\Contracts->contract_data()
#2 /opt/bitnami/apache/htdocs/vh/vendor/codeigniter4/framework/system/CodeIgniter.php(419): CodeIgniter\CodeIgniter->runController()
#3 /opt/bitnami/apache/htdocs/vh/vendor/codeigniter4/framework/system/CodeIgniter.php(326): CodeIgniter\CodeIgniter->handleRequest()
#4 /opt/bitnami/apache/htdocs/vh/index.php(37): CodeIgniter\CodeIgniter->run()
#5 {main}
CRITICAL - 2022-12-24 09:02:56 --> Trying to access array offset on value of type null
#0 /opt/bitnami/apache/htdocs/vh/app/Controllers/Contracts.php(77): CodeIgniter\Debug\Exceptions->errorHandler()
#1 /opt/bitnami/apache/htdocs/vh/vendor/codeigniter4/framework/system/CodeIgniter.php(832): App\Controllers\Contracts->contract_data()
#2 /opt/bitnami/apache/htdocs/vh/vendor/codeigniter4/framework/system/CodeIgniter.php(419): CodeIgniter\CodeIgniter->runController()
#3 /opt/bitnami/apache/htdocs/vh/vendor/codeigniter4/framework/system/CodeIgniter.php(326): CodeIgniter\CodeIgniter->handleRequest()
#4 /opt/bitnami/apache/htdocs/vh/index.php(37): CodeIgniter\CodeIgniter->run()
#5 {main}
CRITICAL - 2022-12-24 09:04:10 --> Trying to access array offset on value of type null
#0 /opt/bitnami/apache/htdocs/vh/app/Controllers/Contracts.php(77): CodeIgniter\Debug\Exceptions->errorHandler()
#1 /opt/bitnami/apache/htdocs/vh/vendor/codeigniter4/framework/system/CodeIgniter.php(832): App\Controllers\Contracts->contract_data()
#2 /opt/bitnami/apache/htdocs/vh/vendor/codeigniter4/framework/system/CodeIgniter.php(419): CodeIgniter\CodeIgniter->runController()
#3 /opt/bitnami/apache/htdocs/vh/vendor/codeigniter4/framework/system/CodeIgniter.php(326): CodeIgniter\CodeIgniter->handleRequest()
#4 /opt/bitnami/apache/htdocs/vh/index.php(37): CodeIgniter\CodeIgniter->run()
#5 {main}
CRITICAL - 2022-12-24 09:05:43 --> Trying to access array offset on value of type null
#0 /opt/bitnami/apache/htdocs/vh/app/Controllers/Contracts.php(77): CodeIgniter\Debug\Exceptions->errorHandler()
#1 /opt/bitnami/apache/htdocs/vh/vendor/codeigniter4/framework/system/CodeIgniter.php(832): App\Controllers\Contracts->contract_data()
#2 /opt/bitnami/apache/htdocs/vh/vendor/codeigniter4/framework/system/CodeIgniter.php(419): CodeIgniter\CodeIgniter->runController()
#3 /opt/bitnami/apache/htdocs/vh/vendor/codeigniter4/framework/system/CodeIgniter.php(326): CodeIgniter\CodeIgniter->handleRequest()
#4 /opt/bitnami/apache/htdocs/vh/index.php(37): CodeIgniter\CodeIgniter->run()
#5 {main}
CRITICAL - 2022-12-24 09:20:25 --> Trying to access array offset on value of type null
#0 /opt/bitnami/apache/htdocs/vh/app/Controllers/Contracts.php(77): CodeIgniter\Debug\Exceptions->errorHandler()
#1 /opt/bitnami/apache/htdocs/vh/vendor/codeigniter4/framework/system/CodeIgniter.php(832): App\Controllers\Contracts->contract_data()
#2 /opt/bitnami/apache/htdocs/vh/vendor/codeigniter4/framework/system/CodeIgniter.php(419): CodeIgniter\CodeIgniter->runController()
#3 /opt/bitnami/apache/htdocs/vh/vendor/codeigniter4/framework/system/CodeIgniter.php(326): CodeIgniter\CodeIgniter->handleRequest()
#4 /opt/bitnami/apache/htdocs/vh/index.php(37): CodeIgniter\CodeIgniter->run()
#5 {main}
CRITICAL - 2022-12-24 09:22:49 --> Trying to access array offset on value of type null
#0 /opt/bitnami/apache/htdocs/vh/app/Controllers/Contracts.php(77): CodeIgniter\Debug\Exceptions->errorHandler()
#1 /opt/bitnami/apache/htdocs/vh/vendor/codeigniter4/framework/system/CodeIgniter.php(832): App\Controllers\Contracts->contract_data()
#2 /opt/bitnami/apache/htdocs/vh/vendor/codeigniter4/framework/system/CodeIgniter.php(419): CodeIgniter\CodeIgniter->runController()
#3 /opt/bitnami/apache/htdocs/vh/vendor/codeigniter4/framework/system/CodeIgniter.php(326): CodeIgniter\CodeIgniter->handleRequest()
#4 /opt/bitnami/apache/htdocs/vh/index.php(37): CodeIgniter\CodeIgniter->run()
#5 {main}
CRITICAL - 2022-12-24 09:22:55 --> Trying to access array offset on value of type null
#0 /opt/bitnami/apache/htdocs/vh/app/Controllers/Contracts.php(77): CodeIgniter\Debug\Exceptions->errorHandler()
#1 /opt/bitnami/apache/htdocs/vh/vendor/codeigniter4/framework/system/CodeIgniter.php(832): App\Controllers\Contracts->contract_data()
#2 /opt/bitnami/apache/htdocs/vh/vendor/codeigniter4/framework/system/CodeIgniter.php(419): CodeIgniter\CodeIgniter->runController()
#3 /opt/bitnami/apache/htdocs/vh/vendor/codeigniter4/framework/system/CodeIgniter.php(326): CodeIgniter\CodeIgniter->handleRequest()
#4 /opt/bitnami/apache/htdocs/vh/index.php(37): CodeIgniter\CodeIgniter->run()
#5 {main}
CRITICAL - 2022-12-24 09:23:47 --> Trying to access array offset on value of type null
#0 /opt/bitnami/apache/htdocs/vh/app/Controllers/Contracts.php(77): CodeIgniter\Debug\Exceptions->errorHandler()
#1 /opt/bitnami/apache/htdocs/vh/vendor/codeigniter4/framework/system/CodeIgniter.php(832): App\Controllers\Contracts->contract_data()
#2 /opt/bitnami/apache/htdocs/vh/vendor/codeigniter4/framework/system/CodeIgniter.php(419): CodeIgniter\CodeIgniter->runController()
#3 /opt/bitnami/apache/htdocs/vh/vendor/codeigniter4/framework/system/CodeIgniter.php(326): CodeIgniter\CodeIgniter->handleRequest()
#4 /opt/bitnami/apache/htdocs/vh/index.php(37): CodeIgniter\CodeIgniter->run()
#5 {main}
CRITICAL - 2022-12-24 09:25:50 --> Trying to access array offset on value of type null
#0 /opt/bitnami/apache/htdocs/vh/app/Controllers/Contracts.php(77): CodeIgniter\Debug\Exceptions->errorHandler()
#1 /opt/bitnami/apache/htdocs/vh/vendor/codeigniter4/framework/system/CodeIgniter.php(832): App\Controllers\Contracts->contract_data()
#2 /opt/bitnami/apache/htdocs/vh/vendor/codeigniter4/framework/system/CodeIgniter.php(419): CodeIgniter\CodeIgniter->runController()
#3 /opt/bitnami/apache/htdocs/vh/vendor/codeigniter4/framework/system/CodeIgniter.php(326): CodeIgniter\CodeIgniter->handleRequest()
#4 /opt/bitnami/apache/htdocs/vh/index.php(37): CodeIgniter\CodeIgniter->run()
#5 {main}
CRITICAL - 2022-12-24 09:26:06 --> Trying to access array offset on value of type null
#0 /opt/bitnami/apache/htdocs/vh/app/Controllers/Contracts.php(77): CodeIgniter\Debug\Exceptions->errorHandler()
#1 /opt/bitnami/apache/htdocs/vh/vendor/codeigniter4/framework/system/CodeIgniter.php(832): App\Controllers\Contracts->contract_data()
#2 /opt/bitnami/apache/htdocs/vh/vendor/codeigniter4/framework/system/CodeIgniter.php(419): CodeIgniter\CodeIgniter->runController()
#3 /opt/bitnami/apache/htdocs/vh/vendor/codeigniter4/framework/system/CodeIgniter.php(326): CodeIgniter\CodeIgniter->handleRequest()
#4 /opt/bitnami/apache/htdocs/vh/index.php(37): CodeIgniter\CodeIgniter->run()
#5 {main}
CRITICAL - 2022-12-24 09:30:07 --> Trying to access array offset on value of type null
#0 /opt/bitnami/apache/htdocs/vh/app/Controllers/Contracts.php(77): CodeIgniter\Debug\Exceptions->errorHandler()
#1 /opt/bitnami/apache/htdocs/vh/vendor/codeigniter4/framework/system/CodeIgniter.php(832): App\Controllers\Contracts->contract_data()
#2 /opt/bitnami/apache/htdocs/vh/vendor/codeigniter4/framework/system/CodeIgniter.php(419): CodeIgniter\CodeIgniter->runController()
#3 /opt/bitnami/apache/htdocs/vh/vendor/codeigniter4/framework/system/CodeIgniter.php(326): CodeIgniter\CodeIgniter->handleRequest()
#4 /opt/bitnami/apache/htdocs/vh/index.php(37): CodeIgniter\CodeIgniter->run()
#5 {main}
CRITICAL - 2022-12-24 09:30:21 --> Trying to access array offset on value of type null
#0 /opt/bitnami/apache/htdocs/vh/app/Controllers/Contracts.php(77): CodeIgniter\Debug\Exceptions->errorHandler()
#1 /opt/bitnami/apache/htdocs/vh/vendor/codeigniter4/framework/system/CodeIgniter.php(832): App\Controllers\Contracts->contract_data()
#2 /opt/bitnami/apache/htdocs/vh/vendor/codeigniter4/framework/system/CodeIgniter.php(419): CodeIgniter\CodeIgniter->runController()
#3 /opt/bitnami/apache/htdocs/vh/vendor/codeigniter4/framework/system/CodeIgniter.php(326): CodeIgniter\CodeIgniter->handleRequest()
#4 /opt/bitnami/apache/htdocs/vh/index.php(37): CodeIgniter\CodeIgniter->run()
#5 {main}
CRITICAL - 2022-12-24 09:32:03 --> Trying to access array offset on value of type null
#0 /opt/bitnami/apache/htdocs/vh/app/Controllers/Contracts.php(77): CodeIgniter\Debug\Exceptions->errorHandler()
#1 /opt/bitnami/apache/htdocs/vh/vendor/codeigniter4/framework/system/CodeIgniter.php(832): App\Controllers\Contracts->contract_data()
#2 /opt/bitnami/apache/htdocs/vh/vendor/codeigniter4/framework/system/CodeIgniter.php(419): CodeIgniter\CodeIgniter->runController()
#3 /opt/bitnami/apache/htdocs/vh/vendor/codeigniter4/framework/system/CodeIgniter.php(326): CodeIgniter\CodeIgniter->handleRequest()
#4 /opt/bitnami/apache/htdocs/vh/index.php(37): CodeIgniter\CodeIgniter->run()
#5 {main}
CRITICAL - 2022-12-24 09:32:08 --> Trying to access array offset on value of type null
#0 /opt/bitnami/apache/htdocs/vh/app/Controllers/Contracts.php(77): CodeIgniter\Debug\Exceptions->errorHandler()
#1 /opt/bitnami/apache/htdocs/vh/vendor/codeigniter4/framework/system/CodeIgniter.php(832): App\Controllers\Contracts->contract_data()
#2 /opt/bitnami/apache/htdocs/vh/vendor/codeigniter4/framework/system/CodeIgniter.php(419): CodeIgniter\CodeIgniter->runController()
#3 /opt/bitnami/apache/htdocs/vh/vendor/codeigniter4/framework/system/CodeIgniter.php(326): CodeIgniter\CodeIgniter->handleRequest()
#4 /opt/bitnami/apache/htdocs/vh/index.php(37): CodeIgniter\CodeIgniter->run()
#5 {main}
CRITICAL - 2022-12-24 09:32:25 --> Trying to access array offset on value of type null
#0 /opt/bitnami/apache/htdocs/vh/app/Controllers/Contracts.php(77): CodeIgniter\Debug\Exceptions->errorHandler()
#1 /opt/bitnami/apache/htdocs/vh/vendor/codeigniter4/framework/system/CodeIgniter.php(832): App\Controllers\Contracts->contract_data()
#2 /opt/bitnami/apache/htdocs/vh/vendor/codeigniter4/framework/system/CodeIgniter.php(419): CodeIgniter\CodeIgniter->runController()
#3 /opt/bitnami/apache/htdocs/vh/vendor/codeigniter4/framework/system/CodeIgniter.php(326): CodeIgniter\CodeIgniter->handleRequest()
#4 /opt/bitnami/apache/htdocs/vh/index.php(37): CodeIgniter\CodeIgniter->run()
#5 {main}
CRITICAL - 2022-12-24 09:33:57 --> Trying to access array offset on value of type null
#0 /opt/bitnami/apache/htdocs/vh/app/Controllers/Contracts.php(77): CodeIgniter\Debug\Exceptions->errorHandler()
#1 /opt/bitnami/apache/htdocs/vh/vendor/codeigniter4/framework/system/CodeIgniter.php(832): App\Controllers\Contracts->contract_data()
#2 /opt/bitnami/apache/htdocs/vh/vendor/codeigniter4/framework/system/CodeIgniter.php(419): CodeIgniter\CodeIgniter->runController()
#3 /opt/bitnami/apache/htdocs/vh/vendor/codeigniter4/framework/system/CodeIgniter.php(326): CodeIgniter\CodeIgniter->handleRequest()
#4 /opt/bitnami/apache/htdocs/vh/index.php(37): CodeIgniter\CodeIgniter->run()
#5 {main}
CRITICAL - 2022-12-24 09:34:15 --> Trying to access array offset on value of type null
#0 /opt/bitnami/apache/htdocs/vh/app/Controllers/Contracts.php(77): CodeIgniter\Debug\Exceptions->errorHandler()
#1 /opt/bitnami/apache/htdocs/vh/vendor/codeigniter4/framework/system/CodeIgniter.php(832): App\Controllers\Contracts->contract_data()
#2 /opt/bitnami/apache/htdocs/vh/vendor/codeigniter4/framework/system/CodeIgniter.php(419): CodeIgniter\CodeIgniter->runController()
#3 /opt/bitnami/apache/htdocs/vh/vendor/codeigniter4/framework/system/CodeIgniter.php(326): CodeIgniter\CodeIgniter->handleRequest()
#4 /opt/bitnami/apache/htdocs/vh/index.php(37): CodeIgniter\CodeIgniter->run()
#5 {main}
CRITICAL - 2022-12-24 09:37:14 --> Trying to access array offset on value of type null
#0 /opt/bitnami/apache/htdocs/vh/app/Controllers/Contracts.php(77): CodeIgniter\Debug\Exceptions->errorHandler()
#1 /opt/bitnami/apache/htdocs/vh/vendor/codeigniter4/framework/system/CodeIgniter.php(832): App\Controllers\Contracts->contract_data()
#2 /opt/bitnami/apache/htdocs/vh/vendor/codeigniter4/framework/system/CodeIgniter.php(419): CodeIgniter\CodeIgniter->runController()
#3 /opt/bitnami/apache/htdocs/vh/vendor/codeigniter4/framework/system/CodeIgniter.php(326): CodeIgniter\CodeIgniter->handleRequest()
#4 /opt/bitnami/apache/htdocs/vh/index.php(37): CodeIgniter\CodeIgniter->run()
#5 {main}
CRITICAL - 2022-12-24 09:38:13 --> Trying to access array offset on value of type null
#0 /opt/bitnami/apache/htdocs/vh/app/Controllers/Contracts.php(77): CodeIgniter\Debug\Exceptions->errorHandler()
#1 /opt/bitnami/apache/htdocs/vh/vendor/codeigniter4/framework/system/CodeIgniter.php(832): App\Controllers\Contracts->contract_data()
#2 /opt/bitnami/apache/htdocs/vh/vendor/codeigniter4/framework/system/CodeIgniter.php(419): CodeIgniter\CodeIgniter->runController()
#3 /opt/bitnami/apache/htdocs/vh/vendor/codeigniter4/framework/system/CodeIgniter.php(326): CodeIgniter\CodeIgniter->handleRequest()
#4 /opt/bitnami/apache/htdocs/vh/index.php(37): CodeIgniter\CodeIgniter->run()
#5 {main}
CRITICAL - 2022-12-24 09:39:23 --> Trying to access array offset on value of type null
#0 /opt/bitnami/apache/htdocs/vh/app/Controllers/Contracts.php(77): CodeIgniter\Debug\Exceptions->errorHandler()
#1 /opt/bitnami/apache/htdocs/vh/vendor/codeigniter4/framework/system/CodeIgniter.php(832): App\Controllers\Contracts->contract_data()
#2 /opt/bitnami/apache/htdocs/vh/vendor/codeigniter4/framework/system/CodeIgniter.php(419): CodeIgniter\CodeIgniter->runController()
#3 /opt/bitnami/apache/htdocs/vh/vendor/codeigniter4/framework/system/CodeIgniter.php(326): CodeIgniter\CodeIgniter->handleRequest()
#4 /opt/bitnami/apache/htdocs/vh/index.php(37): CodeIgniter\CodeIgniter->run()
#5 {main}
CRITICAL - 2022-12-24 09:42:57 --> Trying to access array offset on value of type null
#0 /opt/bitnami/apache/htdocs/vh/app/Controllers/Contracts.php(77): CodeIgniter\Debug\Exceptions->errorHandler()
#1 /opt/bitnami/apache/htdocs/vh/vendor/codeigniter4/framework/system/CodeIgniter.php(832): App\Controllers\Contracts->contract_data()
#2 /opt/bitnami/apache/htdocs/vh/vendor/codeigniter4/framework/system/CodeIgniter.php(419): CodeIgniter\CodeIgniter->runController()
#3 /opt/bitnami/apache/htdocs/vh/vendor/codeigniter4/framework/system/CodeIgniter.php(326): CodeIgniter\CodeIgniter->handleRequest()
#4 /opt/bitnami/apache/htdocs/vh/index.php(37): CodeIgniter\CodeIgniter->run()
#5 {main}
CRITICAL - 2022-12-24 09:43:04 --> Trying to access array offset on value of type null
#0 /opt/bitnami/apache/htdocs/vh/app/Controllers/Contracts.php(77): CodeIgniter\Debug\Exceptions->errorHandler()
#1 /opt/bitnami/apache/htdocs/vh/vendor/codeigniter4/framework/system/CodeIgniter.php(832): App\Controllers\Contracts->contract_data()
#2 /opt/bitnami/apache/htdocs/vh/vendor/codeigniter4/framework/system/CodeIgniter.php(419): CodeIgniter\CodeIgniter->runController()
#3 /opt/bitnami/apache/htdocs/vh/vendor/codeigniter4/framework/system/CodeIgniter.php(326): CodeIgniter\CodeIgniter->handleRequest()
#4 /opt/bitnami/apache/htdocs/vh/index.php(37): CodeIgniter\CodeIgniter->run()
#5 {main}
CRITICAL - 2022-12-24 09:47:35 --> Trying to access array offset on value of type null
#0 /opt/bitnami/apache/htdocs/vh/app/Controllers/Contracts.php(77): CodeIgniter\Debug\Exceptions->errorHandler()
#1 /opt/bitnami/apache/htdocs/vh/vendor/codeigniter4/framework/system/CodeIgniter.php(832): App\Controllers\Contracts->contract_data()
#2 /opt/bitnami/apache/htdocs/vh/vendor/codeigniter4/framework/system/CodeIgniter.php(419): CodeIgniter\CodeIgniter->runController()
#3 /opt/bitnami/apache/htdocs/vh/vendor/codeigniter4/framework/system/CodeIgniter.php(326): CodeIgniter\CodeIgniter->handleRequest()
#4 /opt/bitnami/apache/htdocs/vh/index.php(37): CodeIgniter\CodeIgniter->run()
#5 {main}
CRITICAL - 2022-12-24 09:49:16 --> Trying to access array offset on value of type null
#0 /opt/bitnami/apache/htdocs/vh/app/Controllers/Contracts.php(77): CodeIgniter\Debug\Exceptions->errorHandler()
#1 /opt/bitnami/apache/htdocs/vh/vendor/codeigniter4/framework/system/CodeIgniter.php(832): App\Controllers\Contracts->contract_data()
#2 /opt/bitnami/apache/htdocs/vh/vendor/codeigniter4/framework/system/CodeIgniter.php(419): CodeIgniter\CodeIgniter->runController()
#3 /opt/bitnami/apache/htdocs/vh/vendor/codeigniter4/framework/system/CodeIgniter.php(326): CodeIgniter\CodeIgniter->handleRequest()
#4 /opt/bitnami/apache/htdocs/vh/index.php(37): CodeIgniter\CodeIgniter->run()
#5 {main}
CRITICAL - 2022-12-24 09:50:47 --> Trying to access array offset on value of type null
#0 /opt/bitnami/apache/htdocs/vh/app/Controllers/Contracts.php(77): CodeIgniter\Debug\Exceptions->errorHandler()
#1 /opt/bitnami/apache/htdocs/vh/vendor/codeigniter4/framework/system/CodeIgniter.php(832): App\Controllers\Contracts->contract_data()
#2 /opt/bitnami/apache/htdocs/vh/vendor/codeigniter4/framework/system/CodeIgniter.php(419): CodeIgniter\CodeIgniter->runController()
#3 /opt/bitnami/apache/htdocs/vh/vendor/codeigniter4/framework/system/CodeIgniter.php(326): CodeIgniter\CodeIgniter->handleRequest()
#4 /opt/bitnami/apache/htdocs/vh/index.php(37): CodeIgniter\CodeIgniter->run()
#5 {main}
CRITICAL - 2022-12-24 09:51:48 --> Trying to access array offset on value of type null
#0 /opt/bitnami/apache/htdocs/vh/app/Controllers/Contracts.php(77): CodeIgniter\Debug\Exceptions->errorHandler()
#1 /opt/bitnami/apache/htdocs/vh/vendor/codeigniter4/framework/system/CodeIgniter.php(832): App\Controllers\Contracts->contract_data()
#2 /opt/bitnami/apache/htdocs/vh/vendor/codeigniter4/framework/system/CodeIgniter.php(419): CodeIgniter\CodeIgniter->runController()
#3 /opt/bitnami/apache/htdocs/vh/vendor/codeigniter4/framework/system/CodeIgniter.php(326): CodeIgniter\CodeIgniter->handleRequest()
#4 /opt/bitnami/apache/htdocs/vh/index.php(37): CodeIgniter\CodeIgniter->run()
#5 {main}
CRITICAL - 2022-12-24 09:52:09 --> Trying to access array offset on value of type null
#0 /opt/bitnami/apache/htdocs/vh/app/Controllers/Contracts.php(77): CodeIgniter\Debug\Exceptions->errorHandler()
#1 /opt/bitnami/apache/htdocs/vh/vendor/codeigniter4/framework/system/CodeIgniter.php(832): App\Controllers\Contracts->contract_data()
#2 /opt/bitnami/apache/htdocs/vh/vendor/codeigniter4/framework/system/CodeIgniter.php(419): CodeIgniter\CodeIgniter->runController()
#3 /opt/bitnami/apache/htdocs/vh/vendor/codeigniter4/framework/system/CodeIgniter.php(326): CodeIgniter\CodeIgniter->handleRequest()
#4 /opt/bitnami/apache/htdocs/vh/index.php(37): CodeIgniter\CodeIgniter->run()
#5 {main}
CRITICAL - 2022-12-24 09:52:15 --> Undefined array key "contract_type"
#0 /opt/bitnami/apache/htdocs/vh/app/Controllers/Portfolio.php(93): CodeIgniter\Debug\Exceptions->errorHandler()
#1 /opt/bitnami/apache/htdocs/vh/vendor/codeigniter4/framework/system/CodeIgniter.php(832): App\Controllers\Portfolio->open_position()
#2 /opt/bitnami/apache/htdocs/vh/vendor/codeigniter4/framework/system/CodeIgniter.php(419): CodeIgniter\CodeIgniter->runController()
#3 /opt/bitnami/apache/htdocs/vh/vendor/codeigniter4/framework/system/CodeIgniter.php(326): CodeIgniter\CodeIgniter->handleRequest()
#4 /opt/bitnami/apache/htdocs/vh/index.php(37): CodeIgniter\CodeIgniter->run()
#5 {main}
CRITICAL - 2022-12-24 09:52:16 --> Undefined array key "contract_type"
#0 /opt/bitnami/apache/htdocs/vh/app/Controllers/Portfolio.php(93): CodeIgniter\Debug\Exceptions->errorHandler()
#1 /opt/bitnami/apache/htdocs/vh/vendor/codeigniter4/framework/system/CodeIgniter.php(832): App\Controllers\Portfolio->open_position()
#2 /opt/bitnami/apache/htdocs/vh/vendor/codeigniter4/framework/system/CodeIgniter.php(419): CodeIgniter\CodeIgniter->runController()
#3 /opt/bitnami/apache/htdocs/vh/vendor/codeigniter4/framework/system/CodeIgniter.php(326): CodeIgniter\CodeIgniter->handleRequest()
#4 /opt/bitnami/apache/htdocs/vh/index.php(37): CodeIgniter\CodeIgniter->run()
#5 {main}
CRITICAL - 2022-12-24 09:53:15 --> Trying to access array offset on value of type null
#0 /opt/bitnami/apache/htdocs/vh/app/Controllers/Contracts.php(77): CodeIgniter\Debug\Exceptions->errorHandler()
#1 /opt/bitnami/apache/htdocs/vh/vendor/codeigniter4/framework/system/CodeIgniter.php(832): App\Controllers\Contracts->contract_data()
#2 /opt/bitnami/apache/htdocs/vh/vendor/codeigniter4/framework/system/CodeIgniter.php(419): CodeIgniter\CodeIgniter->runController()
#3 /opt/bitnami/apache/htdocs/vh/vendor/codeigniter4/framework/system/CodeIgniter.php(326): CodeIgniter\CodeIgniter->handleRequest()
#4 /opt/bitnami/apache/htdocs/vh/index.php(37): CodeIgniter\CodeIgniter->run()
#5 {main}
CRITICAL - 2022-12-24 09:53:34 --> Trying to access array offset on value of type null
#0 /opt/bitnami/apache/htdocs/vh/app/Controllers/Contracts.php(77): CodeIgniter\Debug\Exceptions->errorHandler()
#1 /opt/bitnami/apache/htdocs/vh/vendor/codeigniter4/framework/system/CodeIgniter.php(832): App\Controllers\Contracts->contract_data()
#2 /opt/bitnami/apache/htdocs/vh/vendor/codeigniter4/framework/system/CodeIgniter.php(419): CodeIgniter\CodeIgniter->runController()
#3 /opt/bitnami/apache/htdocs/vh/vendor/codeigniter4/framework/system/CodeIgniter.php(326): CodeIgniter\CodeIgniter->handleRequest()
#4 /opt/bitnami/apache/htdocs/vh/index.php(37): CodeIgniter\CodeIgniter->run()
#5 {main}
CRITICAL - 2022-12-24 09:54:45 --> Trying to access array offset on value of type null
#0 /opt/bitnami/apache/htdocs/vh/app/Controllers/Contracts.php(77): CodeIgniter\Debug\Exceptions->errorHandler()
#1 /opt/bitnami/apache/htdocs/vh/vendor/codeigniter4/framework/system/CodeIgniter.php(832): App\Controllers\Contracts->contract_data()
#2 /opt/bitnami/apache/htdocs/vh/vendor/codeigniter4/framework/system/CodeIgniter.php(419): CodeIgniter\CodeIgniter->runController()
#3 /opt/bitnami/apache/htdocs/vh/vendor/codeigniter4/framework/system/CodeIgniter.php(326): CodeIgniter\CodeIgniter->handleRequest()
#4 /opt/bitnami/apache/htdocs/vh/index.php(37): CodeIgniter\CodeIgniter->run()
#5 {main}
CRITICAL - 2022-12-24 09:56:11 --> Trying to access array offset on value of type null
#0 /opt/bitnami/apache/htdocs/vh/app/Controllers/Contracts.php(77): CodeIgniter\Debug\Exceptions->errorHandler()
#1 /opt/bitnami/apache/htdocs/vh/vendor/codeigniter4/framework/system/CodeIgniter.php(832): App\Controllers\Contracts->contract_data()
#2 /opt/bitnami/apache/htdocs/vh/vendor/codeigniter4/framework/system/CodeIgniter.php(419): CodeIgniter\CodeIgniter->runController()
#3 /opt/bitnami/apache/htdocs/vh/vendor/codeigniter4/framework/system/CodeIgniter.php(326): CodeIgniter\CodeIgniter->handleRequest()
#4 /opt/bitnami/apache/htdocs/vh/index.php(37): CodeIgniter\CodeIgniter->run()
#5 {main}
CRITICAL - 2022-12-24 09:58:01 --> Trying to access array offset on value of type null
#0 /opt/bitnami/apache/htdocs/vh/app/Controllers/Contracts.php(77): CodeIgniter\Debug\Exceptions->errorHandler()
#1 /opt/bitnami/apache/htdocs/vh/vendor/codeigniter4/framework/system/CodeIgniter.php(832): App\Controllers\Contracts->contract_data()
#2 /opt/bitnami/apache/htdocs/vh/vendor/codeigniter4/framework/system/CodeIgniter.php(419): CodeIgniter\CodeIgniter->runController()
#3 /opt/bitnami/apache/htdocs/vh/vendor/codeigniter4/framework/system/CodeIgniter.php(326): CodeIgniter\CodeIgniter->handleRequest()
#4 /opt/bitnami/apache/htdocs/vh/index.php(37): CodeIgniter\CodeIgniter->run()
#5 {main}
CRITICAL - 2022-12-24 10:31:18 --> Call to undefined method App\Models\PortfolioModel::getById
#0 /opt/bitnami/apache/htdocs/vh/app/Controllers/Portfolio.php(58): CodeIgniter\Model->__call()
#1 /opt/bitnami/apache/htdocs/vh/vendor/codeigniter4/framework/system/CodeIgniter.php(832): App\Controllers\Portfolio->get_position_units()
#2 /opt/bitnami/apache/htdocs/vh/vendor/codeigniter4/framework/system/CodeIgniter.php(419): CodeIgniter\CodeIgniter->runController()
#3 /opt/bitnami/apache/htdocs/vh/vendor/codeigniter4/framework/system/CodeIgniter.php(326): CodeIgniter\CodeIgniter->handleRequest()
#4 /opt/bitnami/apache/htdocs/vh/index.php(37): CodeIgniter\CodeIgniter->run()
#5 {main}
CRITICAL - 2022-12-24 10:31:56 --> Call to undefined method App\Models\PortfolioModel::getById
#0 /opt/bitnami/apache/htdocs/vh/app/Controllers/Portfolio.php(58): CodeIgniter\Model->__call()
#1 /opt/bitnami/apache/htdocs/vh/vendor/codeigniter4/framework/system/CodeIgniter.php(832): App\Controllers\Portfolio->get_position_units()
#2 /opt/bitnami/apache/htdocs/vh/vendor/codeigniter4/framework/system/CodeIgniter.php(419): CodeIgniter\CodeIgniter->runController()
#3 /opt/bitnami/apache/htdocs/vh/vendor/codeigniter4/framework/system/CodeIgniter.php(326): CodeIgniter\CodeIgniter->handleRequest()
#4 /opt/bitnami/apache/htdocs/vh/index.php(37): CodeIgniter\CodeIgniter->run()
#5 {main}
CRITICAL - 2022-12-24 10:33:48 --> Call to undefined method App\Models\PortfolioModel::getById
#0 /opt/bitnami/apache/htdocs/vh/app/Controllers/Portfolio.php(58): CodeIgniter\Model->__call()
#1 /opt/bitnami/apache/htdocs/vh/vendor/codeigniter4/framework/system/CodeIgniter.php(832): App\Controllers\Portfolio->get_position_units()
#2 /opt/bitnami/apache/htdocs/vh/vendor/codeigniter4/framework/system/CodeIgniter.php(419): CodeIgniter\CodeIgniter->runController()
#3 /opt/bitnami/apache/htdocs/vh/vendor/codeigniter4/framework/system/CodeIgniter.php(326): CodeIgniter\CodeIgniter->handleRequest()
#4 /opt/bitnami/apache/htdocs/vh/index.php(37): CodeIgniter\CodeIgniter->run()
#5 {main}
CRITICAL - 2022-12-24 10:35:06 --> Undefined array key "untis"
#0 /opt/bitnami/apache/htdocs/vh/app/Controllers/Portfolio.php(60): CodeIgniter\Debug\Exceptions->errorHandler()
#1 /opt/bitnami/apache/htdocs/vh/vendor/codeigniter4/framework/system/CodeIgniter.php(832): App\Controllers\Portfolio->get_position_units()
#2 /opt/bitnami/apache/htdocs/vh/vendor/codeigniter4/framework/system/CodeIgniter.php(419): CodeIgniter\CodeIgniter->runController()
#3 /opt/bitnami/apache/htdocs/vh/vendor/codeigniter4/framework/system/CodeIgniter.php(326): CodeIgniter\CodeIgniter->handleRequest()
#4 /opt/bitnami/apache/htdocs/vh/index.php(37): CodeIgniter\CodeIgniter->run()
#5 {main}
CRITICAL - 2022-12-24 10:35:27 --> Undefined array key "untis"
#0 /opt/bitnami/apache/htdocs/vh/app/Controllers/Portfolio.php(60): CodeIgniter\Debug\Exceptions->errorHandler()
#1 /opt/bitnami/apache/htdocs/vh/vendor/codeigniter4/framework/system/CodeIgniter.php(832): App\Controllers\Portfolio->get_position_units()
#2 /opt/bitnami/apache/htdocs/vh/vendor/codeigniter4/framework/system/CodeIgniter.php(419): CodeIgniter\CodeIgniter->runController()
#3 /opt/bitnami/apache/htdocs/vh/vendor/codeigniter4/framework/system/CodeIgniter.php(326): CodeIgniter\CodeIgniter->handleRequest()
#4 /opt/bitnami/apache/htdocs/vh/index.php(37): CodeIgniter\CodeIgniter->run()
#5 {main}
CRITICAL - 2022-12-24 10:36:05 --> Undefined array key "untis"
#0 /opt/bitnami/apache/htdocs/vh/app/Controllers/Portfolio.php(60): CodeIgniter\Debug\Exceptions->errorHandler()
#1 /opt/bitnami/apache/htdocs/vh/vendor/codeigniter4/framework/system/CodeIgniter.php(832): App\Controllers\Portfolio->get_position_units()
#2 /opt/bitnami/apache/htdocs/vh/vendor/codeigniter4/framework/system/CodeIgniter.php(419): CodeIgniter\CodeIgniter->runController()
#3 /opt/bitnami/apache/htdocs/vh/vendor/codeigniter4/framework/system/CodeIgniter.php(326): CodeIgniter\CodeIgniter->handleRequest()
#4 /opt/bitnami/apache/htdocs/vh/index.php(37): CodeIgniter\CodeIgniter->run()
#5 {main}
CRITICAL - 2022-12-24 13:37:00 --> La acción que solicitaste no está permitida
#0 /opt/bitnami/apache/htdocs/vh/vendor/codeigniter4/framework/system/Security/Security.php(289): CodeIgniter\Security\Exceptions\SecurityException::forDisallowedAction()
#1 /opt/bitnami/apache/htdocs/vh/vendor/codeigniter4/framework/system/Filters/CSRF.php(53): CodeIgniter\Security\Security->verify()
#2 /opt/bitnami/apache/htdocs/vh/vendor/codeigniter4/framework/system/Filters/Filters.php(173): CodeIgniter\Filters\CSRF->before()
#3 /opt/bitnami/apache/htdocs/vh/vendor/codeigniter4/framework/system/CodeIgniter.php(393): CodeIgniter\Filters\Filters->run()
#4 /opt/bitnami/apache/htdocs/vh/vendor/codeigniter4/framework/system/CodeIgniter.php(326): CodeIgniter\CodeIgniter->handleRequest()
#5 /opt/bitnami/apache/htdocs/vh/index.php(37): CodeIgniter\CodeIgniter->run()
#6 {main}
CRITICAL - 2022-12-24 13:37:13 --> La acción que solicitaste no está permitida
#0 /opt/bitnami/apache/htdocs/vh/vendor/codeigniter4/framework/system/Security/Security.php(289): CodeIgniter\Security\Exceptions\SecurityException::forDisallowedAction()
#1 /opt/bitnami/apache/htdocs/vh/vendor/codeigniter4/framework/system/Filters/CSRF.php(53): CodeIgniter\Security\Security->verify()
#2 /opt/bitnami/apache/htdocs/vh/vendor/codeigniter4/framework/system/Filters/Filters.php(173): CodeIgniter\Filters\CSRF->before()
#3 /opt/bitnami/apache/htdocs/vh/vendor/codeigniter4/framework/system/CodeIgniter.php(393): CodeIgniter\Filters\Filters->run()
#4 /opt/bitnami/apache/htdocs/vh/vendor/codeigniter4/framework/system/CodeIgniter.php(326): CodeIgniter\CodeIgniter->handleRequest()
#5 /opt/bitnami/apache/htdocs/vh/index.php(37): CodeIgniter\CodeIgniter->run()
#6 {main}
CRITICAL - 2022-12-24 13:37:49 --> La acción que solicitaste no está permitida
#0 /opt/bitnami/apache/htdocs/vh/vendor/codeigniter4/framework/system/Security/Security.php(289): CodeIgniter\Security\Exceptions\SecurityException::forDisallowedAction()
#1 /opt/bitnami/apache/htdocs/vh/vendor/codeigniter4/framework/system/Filters/CSRF.php(53): CodeIgniter\Security\Security->verify()
#2 /opt/bitnami/apache/htdocs/vh/vendor/codeigniter4/framework/system/Filters/Filters.php(173): CodeIgniter\Filters\CSRF->before()
#3 /opt/bitnami/apache/htdocs/vh/vendor/codeigniter4/framework/system/CodeIgniter.php(393): CodeIgniter\Filters\Filters->run()
#4 /opt/bitnami/apache/htdocs/vh/vendor/codeigniter4/framework/system/CodeIgniter.php(326): CodeIgniter\CodeIgniter->handleRequest()
#5 /opt/bitnami/apache/htdocs/vh/index.php(37): CodeIgniter\CodeIgniter->run()
#6 {main}
CRITICAL - 2022-12-24 14:05:26 --> Undefined array key "price"
#0 /opt/bitnami/apache/htdocs/vh/app/Controllers/Portfolio.php(61): CodeIgniter\Debug\Exceptions->errorHandler()
#1 /opt/bitnami/apache/htdocs/vh/vendor/codeigniter4/framework/system/CodeIgniter.php(832): App\Controllers\Portfolio->get_position_partial()
#2 /opt/bitnami/apache/htdocs/vh/vendor/codeigniter4/framework/system/CodeIgniter.php(419): CodeIgniter\CodeIgniter->runController()
#3 /opt/bitnami/apache/htdocs/vh/vendor/codeigniter4/framework/system/CodeIgniter.php(326): CodeIgniter\CodeIgniter->handleRequest()
#4 /opt/bitnami/apache/htdocs/vh/index.php(37): CodeIgniter\CodeIgniter->run()
#5 {main}
CRITICAL - 2022-12-24 14:06:03 --> Undefined array key "price"
#0 /opt/bitnami/apache/htdocs/vh/app/Controllers/Portfolio.php(61): CodeIgniter\Debug\Exceptions->errorHandler()
#1 /opt/bitnami/apache/htdocs/vh/vendor/codeigniter4/framework/system/CodeIgniter.php(832): App\Controllers\Portfolio->get_position_partial()
#2 /opt/bitnami/apache/htdocs/vh/vendor/codeigniter4/framework/system/CodeIgniter.php(419): CodeIgniter\CodeIgniter->runController()
#3 /opt/bitnami/apache/htdocs/vh/vendor/codeigniter4/framework/system/CodeIgniter.php(326): CodeIgniter\CodeIgniter->handleRequest()
#4 /opt/bitnami/apache/htdocs/vh/index.php(37): CodeIgniter\CodeIgniter->run()
#5 {main}
CRITICAL - 2022-12-24 14:06:09 --> Undefined array key "price"
#0 /opt/bitnami/apache/htdocs/vh/app/Controllers/Portfolio.php(61): CodeIgniter\Debug\Exceptions->errorHandler()
#1 /opt/bitnami/apache/htdocs/vh/vendor/codeigniter4/framework/system/CodeIgniter.php(832): App\Controllers\Portfolio->get_position_partial()
#2 /opt/bitnami/apache/htdocs/vh/vendor/codeigniter4/framework/system/CodeIgniter.php(419): CodeIgniter\CodeIgniter->runController()
#3 /opt/bitnami/apache/htdocs/vh/vendor/codeigniter4/framework/system/CodeIgniter.php(326): CodeIgniter\CodeIgniter->handleRequest()
#4 /opt/bitnami/apache/htdocs/vh/index.php(37): CodeIgniter\CodeIgniter->run()
#5 {main}
CRITICAL - 2022-12-24 15:19:53 --> Undefined array key "leverage"
#0 /opt/bitnami/apache/htdocs/vh/app/Models/PortfolioModel.php(130): CodeIgniter\Debug\Exceptions->errorHandler()
#1 /opt/bitnami/apache/htdocs/vh/app/Controllers/Portfolio.php(118): App\Models\PortfolioModel->add_open_position()
#2 /opt/bitnami/apache/htdocs/vh/vendor/codeigniter4/framework/system/CodeIgniter.php(832): App\Controllers\Portfolio->open_position()
#3 /opt/bitnami/apache/htdocs/vh/vendor/codeigniter4/framework/system/CodeIgniter.php(419): CodeIgniter\CodeIgniter->runController()
#4 /opt/bitnami/apache/htdocs/vh/vendor/codeigniter4/framework/system/CodeIgniter.php(326): CodeIgniter\CodeIgniter->handleRequest()
#5 /opt/bitnami/apache/htdocs/vh/index.php(37): CodeIgniter\CodeIgniter->run()
#6 {main}
CRITICAL - 2022-12-24 15:19:56 --> Undefined array key "leverage"
#0 /opt/bitnami/apache/htdocs/vh/app/Models/PortfolioModel.php(130): CodeIgniter\Debug\Exceptions->errorHandler()
#1 /opt/bitnami/apache/htdocs/vh/app/Controllers/Portfolio.php(118): App\Models\PortfolioModel->add_open_position()
#2 /opt/bitnami/apache/htdocs/vh/vendor/codeigniter4/framework/system/CodeIgniter.php(832): App\Controllers\Portfolio->open_position()
#3 /opt/bitnami/apache/htdocs/vh/vendor/codeigniter4/framework/system/CodeIgniter.php(419): CodeIgniter\CodeIgniter->runController()
#4 /opt/bitnami/apache/htdocs/vh/vendor/codeigniter4/framework/system/CodeIgniter.php(326): CodeIgniter\CodeIgniter->handleRequest()
#5 /opt/bitnami/apache/htdocs/vh/index.php(37): CodeIgniter\CodeIgniter->run()
#6 {main}
CRITICAL - 2022-12-24 18:08:48 --> La acción que solicitaste no está permitida
#0 /opt/bitnami/apache/htdocs/vh/vendor/codeigniter4/framework/system/Security/Security.php(289): CodeIgniter\Security\Exceptions\SecurityException::forDisallowedAction()
#1 /opt/bitnami/apache/htdocs/vh/vendor/codeigniter4/framework/system/Filters/CSRF.php(53): CodeIgniter\Security\Security->verify()
#2 /opt/bitnami/apache/htdocs/vh/vendor/codeigniter4/framework/system/Filters/Filters.php(173): CodeIgniter\Filters\CSRF->before()
#3 /opt/bitnami/apache/htdocs/vh/vendor/codeigniter4/framework/system/CodeIgniter.php(393): CodeIgniter\Filters\Filters->run()
#4 /opt/bitnami/apache/htdocs/vh/vendor/codeigniter4/framework/system/CodeIgniter.php(326): CodeIgniter\CodeIgniter->handleRequest()
#5 /opt/bitnami/apache/htdocs/vh/index.php(37): CodeIgniter\CodeIgniter->run()
#6 {main}
CRITICAL - 2022-12-24 18:08:56 --> La acción que solicitaste no está permitida
#0 /opt/bitnami/apache/htdocs/vh/vendor/codeigniter4/framework/system/Security/Security.php(289): CodeIgniter\Security\Exceptions\SecurityException::forDisallowedAction()
#1 /opt/bitnami/apache/htdocs/vh/vendor/codeigniter4/framework/system/Filters/CSRF.php(53): CodeIgniter\Security\Security->verify()
#2 /opt/bitnami/apache/htdocs/vh/vendor/codeigniter4/framework/system/Filters/Filters.php(173): CodeIgniter\Filters\CSRF->before()
#3 /opt/bitnami/apache/htdocs/vh/vendor/codeigniter4/framework/system/CodeIgniter.php(393): CodeIgniter\Filters\Filters->run()
#4 /opt/bitnami/apache/htdocs/vh/vendor/codeigniter4/framework/system/CodeIgniter.php(326): CodeIgniter\CodeIgniter->handleRequest()
#5 /opt/bitnami/apache/htdocs/vh/index.php(37): CodeIgniter\CodeIgniter->run()
#6 {main}
CRITICAL - 2022-12-24 18:09:02 --> La acción que solicitaste no está permitida
#0 /opt/bitnami/apache/htdocs/vh/vendor/codeigniter4/framework/system/Security/Security.php(289): CodeIgniter\Security\Exceptions\SecurityException::forDisallowedAction()
#1 /opt/bitnami/apache/htdocs/vh/vendor/codeigniter4/framework/system/Filters/CSRF.php(53): CodeIgniter\Security\Security->verify()
#2 /opt/bitnami/apache/htdocs/vh/vendor/codeigniter4/framework/system/Filters/Filters.php(173): CodeIgniter\Filters\CSRF->before()
#3 /opt/bitnami/apache/htdocs/vh/vendor/codeigniter4/framework/system/CodeIgniter.php(393): CodeIgniter\Filters\Filters->run()
#4 /opt/bitnami/apache/htdocs/vh/vendor/codeigniter4/framework/system/CodeIgniter.php(326): CodeIgniter\CodeIgniter->handleRequest()
#5 /opt/bitnami/apache/htdocs/vh/index.php(37): CodeIgniter\CodeIgniter->run()
#6 {main}
CRITICAL - 2022-12-24 18:09:15 --> La acción que solicitaste no está permitida
#0 /opt/bitnami/apache/htdocs/vh/vendor/codeigniter4/framework/system/Security/Security.php(289): CodeIgniter\Security\Exceptions\SecurityException::forDisallowedAction()
#1 /opt/bitnami/apache/htdocs/vh/vendor/codeigniter4/framework/system/Filters/CSRF.php(53): CodeIgniter\Security\Security->verify()
#2 /opt/bitnami/apache/htdocs/vh/vendor/codeigniter4/framework/system/Filters/Filters.php(173): CodeIgniter\Filters\CSRF->before()
#3 /opt/bitnami/apache/htdocs/vh/vendor/codeigniter4/framework/system/CodeIgniter.php(393): CodeIgniter\Filters\Filters->run()
#4 /opt/bitnami/apache/htdocs/vh/vendor/codeigniter4/framework/system/CodeIgniter.php(326): CodeIgniter\CodeIgniter->handleRequest()
#5 /opt/bitnami/apache/htdocs/vh/index.php(37): CodeIgniter\CodeIgniter->run()
#6 {main}
CRITICAL - 2022-12-24 18:09:22 --> La acción que solicitaste no está permitida
#0 /opt/bitnami/apache/htdocs/vh/vendor/codeigniter4/framework/system/Security/Security.php(289): CodeIgniter\Security\Exceptions\SecurityException::forDisallowedAction()
#1 /opt/bitnami/apache/htdocs/vh/vendor/codeigniter4/framework/system/Filters/CSRF.php(53): CodeIgniter\Security\Security->verify()
#2 /opt/bitnami/apache/htdocs/vh/vendor/codeigniter4/framework/system/Filters/Filters.php(173): CodeIgniter\Filters\CSRF->before()
#3 /opt/bitnami/apache/htdocs/vh/vendor/codeigniter4/framework/system/CodeIgniter.php(393): CodeIgniter\Filters\Filters->run()
#4 /opt/bitnami/apache/htdocs/vh/vendor/codeigniter4/framework/system/CodeIgniter.php(326): CodeIgniter\CodeIgniter->handleRequest()
#5 /opt/bitnami/apache/htdocs/vh/index.php(37): CodeIgniter\CodeIgniter->run()
#6 {main}
CRITICAL - 2022-12-24 18:09:23 --> La acción que solicitaste no está permitida
#0 /opt/bitnami/apache/htdocs/vh/vendor/codeigniter4/framework/system/Security/Security.php(289): CodeIgniter\Security\Exceptions\SecurityException::forDisallowedAction()
#1 /opt/bitnami/apache/htdocs/vh/vendor/codeigniter4/framework/system/Filters/CSRF.php(53): CodeIgniter\Security\Security->verify()
#2 /opt/bitnami/apache/htdocs/vh/vendor/codeigniter4/framework/system/Filters/Filters.php(173): CodeIgniter\Filters\CSRF->before()
#3 /opt/bitnami/apache/htdocs/vh/vendor/codeigniter4/framework/system/CodeIgniter.php(393): CodeIgniter\Filters\Filters->run()
#4 /opt/bitnami/apache/htdocs/vh/vendor/codeigniter4/framework/system/CodeIgniter.php(326): CodeIgniter\CodeIgniter->handleRequest()
#5 /opt/bitnami/apache/htdocs/vh/index.php(37): CodeIgniter\CodeIgniter->run()
#6 {main}
CRITICAL - 2022-12-24 18:09:28 --> La acción que solicitaste no está permitida
#0 /opt/bitnami/apache/htdocs/vh/vendor/codeigniter4/framework/system/Security/Security.php(289): CodeIgniter\Security\Exceptions\SecurityException::forDisallowedAction()
#1 /opt/bitnami/apache/htdocs/vh/vendor/codeigniter4/framework/system/Filters/CSRF.php(53): CodeIgniter\Security\Security->verify()
#2 /opt/bitnami/apache/htdocs/vh/vendor/codeigniter4/framework/system/Filters/Filters.php(173): CodeIgniter\Filters\CSRF->before()
#3 /opt/bitnami/apache/htdocs/vh/vendor/codeigniter4/framework/system/CodeIgniter.php(393): CodeIgniter\Filters\Filters->run()
#4 /opt/bitnami/apache/htdocs/vh/vendor/codeigniter4/framework/system/CodeIgniter.php(326): CodeIgniter\CodeIgniter->handleRequest()
#5 /opt/bitnami/apache/htdocs/vh/index.php(37): CodeIgniter\CodeIgniter->run()
#6 {main}
CRITICAL - 2022-12-24 18:09:43 --> La acción que solicitaste no está permitida
#0 /opt/bitnami/apache/htdocs/vh/vendor/codeigniter4/framework/system/Security/Security.php(289): CodeIgniter\Security\Exceptions\SecurityException::forDisallowedAction()
#1 /opt/bitnami/apache/htdocs/vh/vendor/codeigniter4/framework/system/Filters/CSRF.php(53): CodeIgniter\Security\Security->verify()
#2 /opt/bitnami/apache/htdocs/vh/vendor/codeigniter4/framework/system/Filters/Filters.php(173): CodeIgniter\Filters\CSRF->before()
#3 /opt/bitnami/apache/htdocs/vh/vendor/codeigniter4/framework/system/CodeIgniter.php(393): CodeIgniter\Filters\Filters->run()
#4 /opt/bitnami/apache/htdocs/vh/vendor/codeigniter4/framework/system/CodeIgniter.php(326): CodeIgniter\CodeIgniter->handleRequest()
#5 /opt/bitnami/apache/htdocs/vh/index.php(37): CodeIgniter\CodeIgniter->run()
#6 {main}
CRITICAL - 2022-12-24 18:09:50 --> La acción que solicitaste no está permitida
#0 /opt/bitnami/apache/htdocs/vh/vendor/codeigniter4/framework/system/Security/Security.php(289): CodeIgniter\Security\Exceptions\SecurityException::forDisallowedAction()
#1 /opt/bitnami/apache/htdocs/vh/vendor/codeigniter4/framework/system/Filters/CSRF.php(53): CodeIgniter\Security\Security->verify()
#2 /opt/bitnami/apache/htdocs/vh/vendor/codeigniter4/framework/system/Filters/Filters.php(173): CodeIgniter\Filters\CSRF->before()
#3 /opt/bitnami/apache/htdocs/vh/vendor/codeigniter4/framework/system/CodeIgniter.php(393): CodeIgniter\Filters\Filters->run()
#4 /opt/bitnami/apache/htdocs/vh/vendor/codeigniter4/framework/system/CodeIgniter.php(326): CodeIgniter\CodeIgniter->handleRequest()
#5 /opt/bitnami/apache/htdocs/vh/index.php(37): CodeIgniter\CodeIgniter->run()
#6 {main}
CRITICAL - 2022-12-24 18:09:56 --> La acción que solicitaste no está permitida
#0 /opt/bitnami/apache/htdocs/vh/vendor/codeigniter4/framework/system/Security/Security.php(289): CodeIgniter\Security\Exceptions\SecurityException::forDisallowedAction()
#1 /opt/bitnami/apache/htdocs/vh/vendor/codeigniter4/framework/system/Filters/CSRF.php(53): CodeIgniter\Security\Security->verify()
#2 /opt/bitnami/apache/htdocs/vh/vendor/codeigniter4/framework/system/Filters/Filters.php(173): CodeIgniter\Filters\CSRF->before()
#3 /opt/bitnami/apache/htdocs/vh/vendor/codeigniter4/framework/system/CodeIgniter.php(393): CodeIgniter\Filters\Filters->run()
#4 /opt/bitnami/apache/htdocs/vh/vendor/codeigniter4/framework/system/CodeIgniter.php(326): CodeIgniter\CodeIgniter->handleRequest()
#5 /opt/bitnami/apache/htdocs/vh/index.php(37): CodeIgniter\CodeIgniter->run()
#6 {main}
CRITICAL - 2022-12-24 18:10:01 --> La acción que solicitaste no está permitida
#0 /opt/bitnami/apache/htdocs/vh/vendor/codeigniter4/framework/system/Security/Security.php(289): CodeIgniter\Security\Exceptions\SecurityException::forDisallowedAction()
#1 /opt/bitnami/apache/htdocs/vh/vendor/codeigniter4/framework/system/Filters/CSRF.php(53): CodeIgniter\Security\Security->verify()
#2 /opt/bitnami/apache/htdocs/vh/vendor/codeigniter4/framework/system/Filters/Filters.php(173): CodeIgniter\Filters\CSRF->before()
#3 /opt/bitnami/apache/htdocs/vh/vendor/codeigniter4/framework/system/CodeIgniter.php(393): CodeIgniter\Filters\Filters->run()
#4 /opt/bitnami/apache/htdocs/vh/vendor/codeigniter4/framework/system/CodeIgniter.php(326): CodeIgniter\CodeIgniter->handleRequest()
#5 /opt/bitnami/apache/htdocs/vh/index.php(37): CodeIgniter\CodeIgniter->run()
#6 {main}
CRITICAL - 2022-12-24 18:10:12 --> La acción que solicitaste no está permitida
#0 /opt/bitnami/apache/htdocs/vh/vendor/codeigniter4/framework/system/Security/Security.php(289): CodeIgniter\Security\Exceptions\SecurityException::forDisallowedAction()
#1 /opt/bitnami/apache/htdocs/vh/vendor/codeigniter4/framework/system/Filters/CSRF.php(53): CodeIgniter\Security\Security->verify()
#2 /opt/bitnami/apache/htdocs/vh/vendor/codeigniter4/framework/system/Filters/Filters.php(173): CodeIgniter\Filters\CSRF->before()
#3 /opt/bitnami/apache/htdocs/vh/vendor/codeigniter4/framework/system/CodeIgniter.php(393): CodeIgniter\Filters\Filters->run()
#4 /opt/bitnami/apache/htdocs/vh/vendor/codeigniter4/framework/system/CodeIgniter.php(326): CodeIgniter\CodeIgniter->handleRequest()
#5 /opt/bitnami/apache/htdocs/vh/index.php(37): CodeIgniter\CodeIgniter->run()
#6 {main}
