CRITICAL - 2022-12-10 20:55:58 --> Undefined variable $totalTime
#0 /opt/bitnami/apache/htdocs/vh/vendor/codeigniter4/framework/system/Debug/Toolbar/Views/toolbar.tpl.php(40): CodeIgniter\Debug\Exceptions->errorHandler()
#1 /opt/bitnami/apache/htdocs/vh/vendor/codeigniter4/framework/system/Debug/Toolbar.php(501): include('...')
#2 /opt/bitnami/apache/htdocs/vh/vendor/codeigniter4/framework/system/Debug/Toolbar.php(464): CodeIgniter\Debug\Toolbar->format()
#3 /opt/bitnami/apache/htdocs/vh/app/Config/Events.php(48): CodeIgniter\Debug\Toolbar->respond()
#4 /opt/bitnami/apache/htdocs/vh/vendor/codeigniter4/framework/system/Events/Events.php(149): CodeIgniter\Events\Events::Config\{closure}()
#5 /opt/bitnami/apache/htdocs/vh/vendor/codeigniter4/framework/system/CodeIgniter.php(308): CodeIgniter\Events\Events::trigger()
#6 /opt/bitnami/apache/htdocs/vh/index.php(37): CodeIgniter\CodeIgniter->run()
#7 {main}
CRITICAL - 2022-12-10 23:05:22 --> Class "App\Controllers\ContractsModel" not found
#0 /opt/bitnami/apache/htdocs/vh/vendor/codeigniter4/framework/system/CodeIgniter.php(832): App\Controllers\Contracts->save()
#1 /opt/bitnami/apache/htdocs/vh/vendor/codeigniter4/framework/system/CodeIgniter.php(419): CodeIgniter\CodeIgniter->runController()
#2 /opt/bitnami/apache/htdocs/vh/vendor/codeigniter4/framework/system/CodeIgniter.php(326): CodeIgniter\CodeIgniter->handleRequest()
#3 /opt/bitnami/apache/htdocs/vh/index.php(37): CodeIgniter\CodeIgniter->run()
#4 {main}
CRITICAL - 2022-12-10 23:05:55 --> Class "App\Controllers\ContractsModel" not found
#0 /opt/bitnami/apache/htdocs/vh/vendor/codeigniter4/framework/system/CodeIgniter.php(832): App\Controllers\Contracts->save()
#1 /opt/bitnami/apache/htdocs/vh/vendor/codeigniter4/framework/system/CodeIgniter.php(419): CodeIgniter\CodeIgniter->runController()
#2 /opt/bitnami/apache/htdocs/vh/vendor/codeigniter4/framework/system/CodeIgniter.php(326): CodeIgniter\CodeIgniter->handleRequest()
#3 /opt/bitnami/apache/htdocs/vh/index.php(37): CodeIgniter\CodeIgniter->run()
#4 {main}
CRITICAL - 2022-12-10 23:06:04 --> Class "App\Controllers\ContractsModel" not found
#0 /opt/bitnami/apache/htdocs/vh/vendor/codeigniter4/framework/system/CodeIgniter.php(832): App\Controllers\Contracts->save()
#1 /opt/bitnami/apache/htdocs/vh/vendor/codeigniter4/framework/system/CodeIgniter.php(419): CodeIgniter\CodeIgniter->runController()
#2 /opt/bitnami/apache/htdocs/vh/vendor/codeigniter4/framework/system/CodeIgniter.php(326): CodeIgniter\CodeIgniter->handleRequest()
#3 /opt/bitnami/apache/htdocs/vh/index.php(37): CodeIgniter\CodeIgniter->run()
#4 {main}
CRITICAL - 2022-12-10 23:06:29 --> Class "App\Controllers\ContractModel" not found
#0 /opt/bitnami/apache/htdocs/vh/vendor/codeigniter4/framework/system/CodeIgniter.php(832): App\Controllers\Contracts->save()
#1 /opt/bitnami/apache/htdocs/vh/vendor/codeigniter4/framework/system/CodeIgniter.php(419): CodeIgniter\CodeIgniter->runController()
#2 /opt/bitnami/apache/htdocs/vh/vendor/codeigniter4/framework/system/CodeIgniter.php(326): CodeIgniter\CodeIgniter->handleRequest()
#3 /opt/bitnami/apache/htdocs/vh/index.php(37): CodeIgniter\CodeIgniter->run()
#4 {main}
CRITICAL - 2022-12-10 23:07:12 --> Class "App\Controllers\ContractModel" not found
#0 /opt/bitnami/apache/htdocs/vh/vendor/codeigniter4/framework/system/CodeIgniter.php(832): App\Controllers\Contracts->save()
#1 /opt/bitnami/apache/htdocs/vh/vendor/codeigniter4/framework/system/CodeIgniter.php(419): CodeIgniter\CodeIgniter->runController()
#2 /opt/bitnami/apache/htdocs/vh/vendor/codeigniter4/framework/system/CodeIgniter.php(326): CodeIgniter\CodeIgniter->handleRequest()
#3 /opt/bitnami/apache/htdocs/vh/index.php(37): CodeIgniter\CodeIgniter->run()
#4 {main}
ERROR - 2022-12-10 23:08:51 --> Unknown column 'title' in 'field list'
CRITICAL - 2022-12-10 23:08:51 --> Unknown column 'title' in 'field list'
#0 /opt/bitnami/apache/htdocs/vh/vendor/codeigniter4/framework/system/Database/MySQLi/Connection.php(292): mysqli->query()
#1 /opt/bitnami/apache/htdocs/vh/vendor/codeigniter4/framework/system/Database/BaseConnection.php(670): CodeIgniter\Database\MySQLi\Connection->execute()
#2 /opt/bitnami/apache/htdocs/vh/vendor/codeigniter4/framework/system/Database/BaseConnection.php(598): CodeIgniter\Database\BaseConnection->simpleQuery()
#3 /opt/bitnami/apache/htdocs/vh/vendor/codeigniter4/framework/system/Database/BaseBuilder.php(1771): CodeIgniter\Database\BaseConnection->query()
#4 /opt/bitnami/apache/htdocs/vh/vendor/codeigniter4/framework/system/Model.php(239): CodeIgniter\Database\BaseBuilder->insert()
#5 /opt/bitnami/apache/htdocs/vh/vendor/codeigniter4/framework/system/BaseModel.php(738): CodeIgniter\Model->doInsert()
#6 /opt/bitnami/apache/htdocs/vh/vendor/codeigniter4/framework/system/Model.php(625): CodeIgniter\BaseModel->insert()
#7 /opt/bitnami/apache/htdocs/vh/app/Models/BaseModel.php(46): CodeIgniter\Model->insert()
#8 /opt/bitnami/apache/htdocs/vh/app/Controllers/Contracts.php(37): App\Models\BaseModel->create()
#9 /opt/bitnami/apache/htdocs/vh/vendor/codeigniter4/framework/system/CodeIgniter.php(832): App\Controllers\Contracts->save()
#10 /opt/bitnami/apache/htdocs/vh/vendor/codeigniter4/framework/system/CodeIgniter.php(419): CodeIgniter\CodeIgniter->runController()
#11 /opt/bitnami/apache/htdocs/vh/vendor/codeigniter4/framework/system/CodeIgniter.php(326): CodeIgniter\CodeIgniter->handleRequest()
#12 /opt/bitnami/apache/htdocs/vh/index.php(37): CodeIgniter\CodeIgniter->run()
#13 {main}
CRITICAL - 2022-12-10 23:27:53 --> Call to undefined method CodeIgniter\Session\Session::set_flashdata()
#0 /opt/bitnami/apache/htdocs/vh/vendor/codeigniter4/framework/system/CodeIgniter.php(832): App\Controllers\Contracts->index()
#1 /opt/bitnami/apache/htdocs/vh/vendor/codeigniter4/framework/system/CodeIgniter.php(419): CodeIgniter\CodeIgniter->runController()
#2 /opt/bitnami/apache/htdocs/vh/vendor/codeigniter4/framework/system/CodeIgniter.php(326): CodeIgniter\CodeIgniter->handleRequest()
#3 /opt/bitnami/apache/htdocs/vh/index.php(37): CodeIgniter\CodeIgniter->run()
#4 {main}
CRITICAL - 2022-12-10 23:28:22 --> Call to undefined method CodeIgniter\Session\Session::set_flashdata()
#0 /opt/bitnami/apache/htdocs/vh/vendor/codeigniter4/framework/system/CodeIgniter.php(832): App\Controllers\Contracts->index()
#1 /opt/bitnami/apache/htdocs/vh/vendor/codeigniter4/framework/system/CodeIgniter.php(419): CodeIgniter\CodeIgniter->runController()
#2 /opt/bitnami/apache/htdocs/vh/vendor/codeigniter4/framework/system/CodeIgniter.php(326): CodeIgniter\CodeIgniter->handleRequest()
#3 /opt/bitnami/apache/htdocs/vh/index.php(37): CodeIgniter\CodeIgniter->run()
#4 {main}
CRITICAL - 2022-12-10 23:29:02 --> Call to a member function with() on string
#0 /opt/bitnami/apache/htdocs/vh/vendor/codeigniter4/framework/system/CodeIgniter.php(832): App\Controllers\Contracts->index()
#1 /opt/bitnami/apache/htdocs/vh/vendor/codeigniter4/framework/system/CodeIgniter.php(419): CodeIgniter\CodeIgniter->runController()
#2 /opt/bitnami/apache/htdocs/vh/vendor/codeigniter4/framework/system/CodeIgniter.php(326): CodeIgniter\CodeIgniter->handleRequest()
#3 /opt/bitnami/apache/htdocs/vh/index.php(37): CodeIgniter\CodeIgniter->run()
#4 {main}
CRITICAL - 2022-12-10 23:29:12 --> Call to a member function with() on string
#0 /opt/bitnami/apache/htdocs/vh/vendor/codeigniter4/framework/system/CodeIgniter.php(832): App\Controllers\Contracts->index()
#1 /opt/bitnami/apache/htdocs/vh/vendor/codeigniter4/framework/system/CodeIgniter.php(419): CodeIgniter\CodeIgniter->runController()
#2 /opt/bitnami/apache/htdocs/vh/vendor/codeigniter4/framework/system/CodeIgniter.php(326): CodeIgniter\CodeIgniter->handleRequest()
#3 /opt/bitnami/apache/htdocs/vh/index.php(37): CodeIgniter\CodeIgniter->run()
#4 {main}
CRITICAL - 2022-12-10 23:30:24 --> Call to a member function and() on string
#0 /opt/bitnami/apache/htdocs/vh/vendor/codeigniter4/framework/system/CodeIgniter.php(832): App\Controllers\Contracts->index()
#1 /opt/bitnami/apache/htdocs/vh/vendor/codeigniter4/framework/system/CodeIgniter.php(419): CodeIgniter\CodeIgniter->runController()
#2 /opt/bitnami/apache/htdocs/vh/vendor/codeigniter4/framework/system/CodeIgniter.php(326): CodeIgniter\CodeIgniter->handleRequest()
#3 /opt/bitnami/apache/htdocs/vh/index.php(37): CodeIgniter\CodeIgniter->run()
#4 {main}
