CRITICAL - 2022-12-13 07:03:36 --> Undefined variable $key
#0 /opt/bitnami/apache/htdocs/vh/app/Views/exchange/contracts/create.php(455): CodeIgniter\Debug\Exceptions->errorHandler()
#1 /opt/bitnami/apache/htdocs/vh/vendor/codeigniter4/framework/system/View/View.php(210): include('...')
#2 /opt/bitnami/apache/htdocs/vh/vendor/codeigniter4/framework/system/View/View.php(213): CodeIgniter\View\View->CodeIgniter\View\{closure}()
#3 /opt/bitnami/apache/htdocs/vh/vendor/codeigniter4/framework/system/Common.php(1089): CodeIgniter\View\View->render()
#4 /opt/bitnami/apache/htdocs/vh/app/Controllers/Contracts.php(27): view()
#5 /opt/bitnami/apache/htdocs/vh/vendor/codeigniter4/framework/system/CodeIgniter.php(832): App\Controllers\Contracts->create()
#6 /opt/bitnami/apache/htdocs/vh/vendor/codeigniter4/framework/system/CodeIgniter.php(419): CodeIgniter\CodeIgniter->runController()
#7 /opt/bitnami/apache/htdocs/vh/vendor/codeigniter4/framework/system/CodeIgniter.php(326): CodeIgniter\CodeIgniter->handleRequest()
#8 /opt/bitnami/apache/htdocs/vh/index.php(37): CodeIgniter\CodeIgniter->run()
#9 {main}
CRITICAL - 2022-12-13 07:54:51 --> min_value no es una regla de validación válida.
#0 /opt/bitnami/apache/htdocs/vh/vendor/codeigniter4/framework/system/Validation/Validation.php(300): CodeIgniter\Validation\Exceptions\ValidationException::forRuleNotFound()
#1 /opt/bitnami/apache/htdocs/vh/vendor/codeigniter4/framework/system/Validation/Validation.php(157): CodeIgniter\Validation\Validation->processRules()
#2 /opt/bitnami/apache/htdocs/vh/vendor/codeigniter4/framework/system/Controller.php(160): CodeIgniter\Validation\Validation->run()
#3 /opt/bitnami/apache/htdocs/vh/app/Controllers/Contracts.php(75): CodeIgniter\Controller->validate()
#4 /opt/bitnami/apache/htdocs/vh/vendor/codeigniter4/framework/system/CodeIgniter.php(832): App\Controllers\Contracts->save()
#5 /opt/bitnami/apache/htdocs/vh/vendor/codeigniter4/framework/system/CodeIgniter.php(419): CodeIgniter\CodeIgniter->runController()
#6 /opt/bitnami/apache/htdocs/vh/vendor/codeigniter4/framework/system/CodeIgniter.php(326): CodeIgniter\CodeIgniter->handleRequest()
#7 /opt/bitnami/apache/htdocs/vh/index.php(37): CodeIgniter\CodeIgniter->run()
#8 {main}
CRITICAL - 2022-12-13 07:55:10 --> min_value no es una regla de validación válida.
#0 /opt/bitnami/apache/htdocs/vh/vendor/codeigniter4/framework/system/Validation/Validation.php(300): CodeIgniter\Validation\Exceptions\ValidationException::forRuleNotFound()
#1 /opt/bitnami/apache/htdocs/vh/vendor/codeigniter4/framework/system/Validation/Validation.php(157): CodeIgniter\Validation\Validation->processRules()
#2 /opt/bitnami/apache/htdocs/vh/vendor/codeigniter4/framework/system/Controller.php(160): CodeIgniter\Validation\Validation->run()
#3 /opt/bitnami/apache/htdocs/vh/app/Controllers/Contracts.php(75): CodeIgniter\Controller->validate()
#4 /opt/bitnami/apache/htdocs/vh/vendor/codeigniter4/framework/system/CodeIgniter.php(832): App\Controllers\Contracts->save()
#5 /opt/bitnami/apache/htdocs/vh/vendor/codeigniter4/framework/system/CodeIgniter.php(419): CodeIgniter\CodeIgniter->runController()
#6 /opt/bitnami/apache/htdocs/vh/vendor/codeigniter4/framework/system/CodeIgniter.php(326): CodeIgniter\CodeIgniter->handleRequest()
#7 /opt/bitnami/apache/htdocs/vh/index.php(37): CodeIgniter\CodeIgniter->run()
#8 {main}
CRITICAL - 2022-12-13 07:58:48 --> min_selection no es una regla de validación válida.
#0 /opt/bitnami/apache/htdocs/vh/vendor/codeigniter4/framework/system/Validation/Validation.php(300): CodeIgniter\Validation\Exceptions\ValidationException::forRuleNotFound()
#1 /opt/bitnami/apache/htdocs/vh/vendor/codeigniter4/framework/system/Validation/Validation.php(157): CodeIgniter\Validation\Validation->processRules()
#2 /opt/bitnami/apache/htdocs/vh/vendor/codeigniter4/framework/system/Controller.php(160): CodeIgniter\Validation\Validation->run()
#3 /opt/bitnami/apache/htdocs/vh/app/Controllers/Contracts.php(75): CodeIgniter\Controller->validate()
#4 /opt/bitnami/apache/htdocs/vh/vendor/codeigniter4/framework/system/CodeIgniter.php(832): App\Controllers\Contracts->save()
#5 /opt/bitnami/apache/htdocs/vh/vendor/codeigniter4/framework/system/CodeIgniter.php(419): CodeIgniter\CodeIgniter->runController()
#6 /opt/bitnami/apache/htdocs/vh/vendor/codeigniter4/framework/system/CodeIgniter.php(326): CodeIgniter\CodeIgniter->handleRequest()
#7 /opt/bitnami/apache/htdocs/vh/index.php(37): CodeIgniter\CodeIgniter->run()
#8 {main}
CRITICAL - 2022-12-13 08:00:32 --> minvalue no es una regla de validación válida.
#0 /opt/bitnami/apache/htdocs/vh/vendor/codeigniter4/framework/system/Validation/Validation.php(300): CodeIgniter\Validation\Exceptions\ValidationException::forRuleNotFound()
#1 /opt/bitnami/apache/htdocs/vh/vendor/codeigniter4/framework/system/Validation/Validation.php(157): CodeIgniter\Validation\Validation->processRules()
#2 /opt/bitnami/apache/htdocs/vh/vendor/codeigniter4/framework/system/Controller.php(160): CodeIgniter\Validation\Validation->run()
#3 /opt/bitnami/apache/htdocs/vh/app/Controllers/Contracts.php(75): CodeIgniter\Controller->validate()
#4 /opt/bitnami/apache/htdocs/vh/vendor/codeigniter4/framework/system/CodeIgniter.php(832): App\Controllers\Contracts->save()
#5 /opt/bitnami/apache/htdocs/vh/vendor/codeigniter4/framework/system/CodeIgniter.php(419): CodeIgniter\CodeIgniter->runController()
#6 /opt/bitnami/apache/htdocs/vh/vendor/codeigniter4/framework/system/CodeIgniter.php(326): CodeIgniter\CodeIgniter->handleRequest()
#7 /opt/bitnami/apache/htdocs/vh/index.php(37): CodeIgniter\CodeIgniter->run()
#8 {main}
CRITICAL - 2022-12-13 08:01:26 --> minvalue no es una regla de validación válida.
#0 /opt/bitnami/apache/htdocs/vh/vendor/codeigniter4/framework/system/Validation/Validation.php(300): CodeIgniter\Validation\Exceptions\ValidationException::forRuleNotFound()
#1 /opt/bitnami/apache/htdocs/vh/vendor/codeigniter4/framework/system/Validation/Validation.php(157): CodeIgniter\Validation\Validation->processRules()
#2 /opt/bitnami/apache/htdocs/vh/vendor/codeigniter4/framework/system/Controller.php(160): CodeIgniter\Validation\Validation->run()
#3 /opt/bitnami/apache/htdocs/vh/app/Controllers/Contracts.php(75): CodeIgniter\Controller->validate()
#4 /opt/bitnami/apache/htdocs/vh/vendor/codeigniter4/framework/system/CodeIgniter.php(832): App\Controllers\Contracts->save()
#5 /opt/bitnami/apache/htdocs/vh/vendor/codeigniter4/framework/system/CodeIgniter.php(419): CodeIgniter\CodeIgniter->runController()
#6 /opt/bitnami/apache/htdocs/vh/vendor/codeigniter4/framework/system/CodeIgniter.php(326): CodeIgniter\CodeIgniter->handleRequest()
#7 /opt/bitnami/apache/htdocs/vh/index.php(37): CodeIgniter\CodeIgniter->run()
#8 {main}
CRITICAL - 2022-12-13 08:01:52 --> checkmax no es una regla de validación válida.
#0 /opt/bitnami/apache/htdocs/vh/vendor/codeigniter4/framework/system/Validation/Validation.php(300): CodeIgniter\Validation\Exceptions\ValidationException::forRuleNotFound()
#1 /opt/bitnami/apache/htdocs/vh/vendor/codeigniter4/framework/system/Validation/Validation.php(157): CodeIgniter\Validation\Validation->processRules()
#2 /opt/bitnami/apache/htdocs/vh/vendor/codeigniter4/framework/system/Controller.php(160): CodeIgniter\Validation\Validation->run()
#3 /opt/bitnami/apache/htdocs/vh/app/Controllers/Contracts.php(75): CodeIgniter\Controller->validate()
#4 /opt/bitnami/apache/htdocs/vh/vendor/codeigniter4/framework/system/CodeIgniter.php(832): App\Controllers\Contracts->save()
#5 /opt/bitnami/apache/htdocs/vh/vendor/codeigniter4/framework/system/CodeIgniter.php(419): CodeIgniter\CodeIgniter->runController()
#6 /opt/bitnami/apache/htdocs/vh/vendor/codeigniter4/framework/system/CodeIgniter.php(326): CodeIgniter\CodeIgniter->handleRequest()
#7 /opt/bitnami/apache/htdocs/vh/index.php(37): CodeIgniter\CodeIgniter->run()
#8 {main}
CRITICAL - 2022-12-13 08:27:38 --> Array callback must have exactly two elements
#0 /opt/bitnami/apache/htdocs/vh/vendor/codeigniter4/framework/system/View/View.php(210): include()
#1 /opt/bitnami/apache/htdocs/vh/vendor/codeigniter4/framework/system/View/View.php(213): CodeIgniter\View\View->CodeIgniter\View\{closure}()
#2 /opt/bitnami/apache/htdocs/vh/vendor/codeigniter4/framework/system/Common.php(1089): CodeIgniter\View\View->render()
#3 /opt/bitnami/apache/htdocs/vh/app/Controllers/Contracts.php(59): view()
#4 /opt/bitnami/apache/htdocs/vh/vendor/codeigniter4/framework/system/CodeIgniter.php(832): App\Controllers\Contracts->save()
#5 /opt/bitnami/apache/htdocs/vh/vendor/codeigniter4/framework/system/CodeIgniter.php(419): CodeIgniter\CodeIgniter->runController()
#6 /opt/bitnami/apache/htdocs/vh/vendor/codeigniter4/framework/system/CodeIgniter.php(326): CodeIgniter\CodeIgniter->handleRequest()
#7 /opt/bitnami/apache/htdocs/vh/index.php(37): CodeIgniter\CodeIgniter->run()
#8 {main}
CRITICAL - 2022-12-13 08:28:35 --> Array callback must have exactly two elements
#0 /opt/bitnami/apache/htdocs/vh/vendor/codeigniter4/framework/system/View/View.php(210): include()
#1 /opt/bitnami/apache/htdocs/vh/vendor/codeigniter4/framework/system/View/View.php(213): CodeIgniter\View\View->CodeIgniter\View\{closure}()
#2 /opt/bitnami/apache/htdocs/vh/vendor/codeigniter4/framework/system/Common.php(1089): CodeIgniter\View\View->render()
#3 /opt/bitnami/apache/htdocs/vh/app/Controllers/Contracts.php(59): view()
#4 /opt/bitnami/apache/htdocs/vh/vendor/codeigniter4/framework/system/CodeIgniter.php(832): App\Controllers\Contracts->save()
#5 /opt/bitnami/apache/htdocs/vh/vendor/codeigniter4/framework/system/CodeIgniter.php(419): CodeIgniter\CodeIgniter->runController()
#6 /opt/bitnami/apache/htdocs/vh/vendor/codeigniter4/framework/system/CodeIgniter.php(326): CodeIgniter\CodeIgniter->handleRequest()
#7 /opt/bitnami/apache/htdocs/vh/index.php(37): CodeIgniter\CodeIgniter->run()
#8 {main}
CRITICAL - 2022-12-13 08:29:39 --> Undefined array key "contract-title"
#0 /opt/bitnami/apache/htdocs/vh/app/Views/exchange/contracts/create.php(402): CodeIgniter\Debug\Exceptions->errorHandler()
#1 /opt/bitnami/apache/htdocs/vh/vendor/codeigniter4/framework/system/View/View.php(210): include('...')
#2 /opt/bitnami/apache/htdocs/vh/vendor/codeigniter4/framework/system/View/View.php(213): CodeIgniter\View\View->CodeIgniter\View\{closure}()
#3 /opt/bitnami/apache/htdocs/vh/vendor/codeigniter4/framework/system/Common.php(1089): CodeIgniter\View\View->render()
#4 /opt/bitnami/apache/htdocs/vh/app/Controllers/Contracts.php(27): view()
#5 /opt/bitnami/apache/htdocs/vh/vendor/codeigniter4/framework/system/CodeIgniter.php(832): App\Controllers\Contracts->create()
#6 /opt/bitnami/apache/htdocs/vh/vendor/codeigniter4/framework/system/CodeIgniter.php(419): CodeIgniter\CodeIgniter->runController()
#7 /opt/bitnami/apache/htdocs/vh/vendor/codeigniter4/framework/system/CodeIgniter.php(326): CodeIgniter\CodeIgniter->handleRequest()
#8 /opt/bitnami/apache/htdocs/vh/index.php(37): CodeIgniter\CodeIgniter->run()
#9 {main}
CRITICAL - 2022-12-13 08:29:42 --> Undefined array key "contract-title"
#0 /opt/bitnami/apache/htdocs/vh/app/Views/exchange/contracts/create.php(402): CodeIgniter\Debug\Exceptions->errorHandler()
#1 /opt/bitnami/apache/htdocs/vh/vendor/codeigniter4/framework/system/View/View.php(210): include('...')
#2 /opt/bitnami/apache/htdocs/vh/vendor/codeigniter4/framework/system/View/View.php(213): CodeIgniter\View\View->CodeIgniter\View\{closure}()
#3 /opt/bitnami/apache/htdocs/vh/vendor/codeigniter4/framework/system/Common.php(1089): CodeIgniter\View\View->render()
#4 /opt/bitnami/apache/htdocs/vh/app/Controllers/Contracts.php(27): view()
#5 /opt/bitnami/apache/htdocs/vh/vendor/codeigniter4/framework/system/CodeIgniter.php(832): App\Controllers\Contracts->create()
#6 /opt/bitnami/apache/htdocs/vh/vendor/codeigniter4/framework/system/CodeIgniter.php(419): CodeIgniter\CodeIgniter->runController()
#7 /opt/bitnami/apache/htdocs/vh/vendor/codeigniter4/framework/system/CodeIgniter.php(326): CodeIgniter\CodeIgniter->handleRequest()
#8 /opt/bitnami/apache/htdocs/vh/index.php(37): CodeIgniter\CodeIgniter->run()
#9 {main}
CRITICAL - 2022-12-13 08:29:49 --> Undefined array key "contract-title"
#0 /opt/bitnami/apache/htdocs/vh/app/Views/exchange/contracts/create.php(402): CodeIgniter\Debug\Exceptions->errorHandler()
#1 /opt/bitnami/apache/htdocs/vh/vendor/codeigniter4/framework/system/View/View.php(210): include('...')
#2 /opt/bitnami/apache/htdocs/vh/vendor/codeigniter4/framework/system/View/View.php(213): CodeIgniter\View\View->CodeIgniter\View\{closure}()
#3 /opt/bitnami/apache/htdocs/vh/vendor/codeigniter4/framework/system/Common.php(1089): CodeIgniter\View\View->render()
#4 /opt/bitnami/apache/htdocs/vh/app/Controllers/Contracts.php(27): view()
#5 /opt/bitnami/apache/htdocs/vh/vendor/codeigniter4/framework/system/CodeIgniter.php(832): App\Controllers\Contracts->create()
#6 /opt/bitnami/apache/htdocs/vh/vendor/codeigniter4/framework/system/CodeIgniter.php(419): CodeIgniter\CodeIgniter->runController()
#7 /opt/bitnami/apache/htdocs/vh/vendor/codeigniter4/framework/system/CodeIgniter.php(326): CodeIgniter\CodeIgniter->handleRequest()
#8 /opt/bitnami/apache/htdocs/vh/index.php(37): CodeIgniter\CodeIgniter->run()
#9 {main}
CRITICAL - 2022-12-13 08:30:11 --> Undefined array key "contract-title"
#0 /opt/bitnami/apache/htdocs/vh/app/Views/exchange/contracts/create.php(402): CodeIgniter\Debug\Exceptions->errorHandler()
#1 /opt/bitnami/apache/htdocs/vh/vendor/codeigniter4/framework/system/View/View.php(210): include('...')
#2 /opt/bitnami/apache/htdocs/vh/vendor/codeigniter4/framework/system/View/View.php(213): CodeIgniter\View\View->CodeIgniter\View\{closure}()
#3 /opt/bitnami/apache/htdocs/vh/vendor/codeigniter4/framework/system/Common.php(1089): CodeIgniter\View\View->render()
#4 /opt/bitnami/apache/htdocs/vh/app/Controllers/Contracts.php(27): view()
#5 /opt/bitnami/apache/htdocs/vh/vendor/codeigniter4/framework/system/CodeIgniter.php(832): App\Controllers\Contracts->create()
#6 /opt/bitnami/apache/htdocs/vh/vendor/codeigniter4/framework/system/CodeIgniter.php(419): CodeIgniter\CodeIgniter->runController()
#7 /opt/bitnami/apache/htdocs/vh/vendor/codeigniter4/framework/system/CodeIgniter.php(326): CodeIgniter\CodeIgniter->handleRequest()
#8 /opt/bitnami/apache/htdocs/vh/index.php(37): CodeIgniter\CodeIgniter->run()
#9 {main}
CRITICAL - 2022-12-13 08:30:14 --> Undefined array key "contract-title"
#0 /opt/bitnami/apache/htdocs/vh/app/Views/exchange/contracts/create.php(402): CodeIgniter\Debug\Exceptions->errorHandler()
#1 /opt/bitnami/apache/htdocs/vh/vendor/codeigniter4/framework/system/View/View.php(210): include('...')
#2 /opt/bitnami/apache/htdocs/vh/vendor/codeigniter4/framework/system/View/View.php(213): CodeIgniter\View\View->CodeIgniter\View\{closure}()
#3 /opt/bitnami/apache/htdocs/vh/vendor/codeigniter4/framework/system/Common.php(1089): CodeIgniter\View\View->render()
#4 /opt/bitnami/apache/htdocs/vh/app/Controllers/Contracts.php(27): view()
#5 /opt/bitnami/apache/htdocs/vh/vendor/codeigniter4/framework/system/CodeIgniter.php(832): App\Controllers\Contracts->create()
#6 /opt/bitnami/apache/htdocs/vh/vendor/codeigniter4/framework/system/CodeIgniter.php(419): CodeIgniter\CodeIgniter->runController()
#7 /opt/bitnami/apache/htdocs/vh/vendor/codeigniter4/framework/system/CodeIgniter.php(326): CodeIgniter\CodeIgniter->handleRequest()
#8 /opt/bitnami/apache/htdocs/vh/index.php(37): CodeIgniter\CodeIgniter->run()
#9 {main}
CRITICAL - 2022-12-13 08:30:39 --> Undefined array key "contract-title"
#0 /opt/bitnami/apache/htdocs/vh/app/Views/exchange/contracts/create.php(402): CodeIgniter\Debug\Exceptions->errorHandler()
#1 /opt/bitnami/apache/htdocs/vh/vendor/codeigniter4/framework/system/View/View.php(210): include('...')
#2 /opt/bitnami/apache/htdocs/vh/vendor/codeigniter4/framework/system/View/View.php(213): CodeIgniter\View\View->CodeIgniter\View\{closure}()
#3 /opt/bitnami/apache/htdocs/vh/vendor/codeigniter4/framework/system/Common.php(1089): CodeIgniter\View\View->render()
#4 /opt/bitnami/apache/htdocs/vh/app/Controllers/Contracts.php(27): view()
#5 /opt/bitnami/apache/htdocs/vh/vendor/codeigniter4/framework/system/CodeIgniter.php(832): App\Controllers\Contracts->create()
#6 /opt/bitnami/apache/htdocs/vh/vendor/codeigniter4/framework/system/CodeIgniter.php(419): CodeIgniter\CodeIgniter->runController()
#7 /opt/bitnami/apache/htdocs/vh/vendor/codeigniter4/framework/system/CodeIgniter.php(326): CodeIgniter\CodeIgniter->handleRequest()
#8 /opt/bitnami/apache/htdocs/vh/index.php(37): CodeIgniter\CodeIgniter->run()
#9 {main}
CRITICAL - 2022-12-13 08:32:04 --> Undefined array key "contract-title"
#0 /opt/bitnami/apache/htdocs/vh/app/Views/exchange/contracts/create.php(404): CodeIgniter\Debug\Exceptions->errorHandler()
#1 /opt/bitnami/apache/htdocs/vh/vendor/codeigniter4/framework/system/View/View.php(210): include('...')
#2 /opt/bitnami/apache/htdocs/vh/vendor/codeigniter4/framework/system/View/View.php(213): CodeIgniter\View\View->CodeIgniter\View\{closure}()
#3 /opt/bitnami/apache/htdocs/vh/vendor/codeigniter4/framework/system/Common.php(1089): CodeIgniter\View\View->render()
#4 /opt/bitnami/apache/htdocs/vh/app/Controllers/Contracts.php(27): view()
#5 /opt/bitnami/apache/htdocs/vh/vendor/codeigniter4/framework/system/CodeIgniter.php(832): App\Controllers\Contracts->create()
#6 /opt/bitnami/apache/htdocs/vh/vendor/codeigniter4/framework/system/CodeIgniter.php(419): CodeIgniter\CodeIgniter->runController()
#7 /opt/bitnami/apache/htdocs/vh/vendor/codeigniter4/framework/system/CodeIgniter.php(326): CodeIgniter\CodeIgniter->handleRequest()
#8 /opt/bitnami/apache/htdocs/vh/index.php(37): CodeIgniter\CodeIgniter->run()
#9 {main}
CRITICAL - 2022-12-13 08:32:27 --> Undefined array key "contract-title"
#0 /opt/bitnami/apache/htdocs/vh/app/Views/exchange/contracts/create.php(404): CodeIgniter\Debug\Exceptions->errorHandler()
#1 /opt/bitnami/apache/htdocs/vh/vendor/codeigniter4/framework/system/View/View.php(210): include('...')
#2 /opt/bitnami/apache/htdocs/vh/vendor/codeigniter4/framework/system/View/View.php(213): CodeIgniter\View\View->CodeIgniter\View\{closure}()
#3 /opt/bitnami/apache/htdocs/vh/vendor/codeigniter4/framework/system/Common.php(1089): CodeIgniter\View\View->render()
#4 /opt/bitnami/apache/htdocs/vh/app/Controllers/Contracts.php(27): view()
#5 /opt/bitnami/apache/htdocs/vh/vendor/codeigniter4/framework/system/CodeIgniter.php(832): App\Controllers\Contracts->create()
#6 /opt/bitnami/apache/htdocs/vh/vendor/codeigniter4/framework/system/CodeIgniter.php(419): CodeIgniter\CodeIgniter->runController()
#7 /opt/bitnami/apache/htdocs/vh/vendor/codeigniter4/framework/system/CodeIgniter.php(326): CodeIgniter\CodeIgniter->handleRequest()
#8 /opt/bitnami/apache/htdocs/vh/index.php(37): CodeIgniter\CodeIgniter->run()
#9 {main}
CRITICAL - 2022-12-13 08:45:35 --> syntax error, unexpected token "isset", expecting "("
#0 /opt/bitnami/apache/htdocs/vh/vendor/codeigniter4/framework/system/View/View.php(213): CodeIgniter\View\View->CodeIgniter\View\{closure}()
#1 /opt/bitnami/apache/htdocs/vh/vendor/codeigniter4/framework/system/Common.php(1089): CodeIgniter\View\View->render()
#2 /opt/bitnami/apache/htdocs/vh/app/Controllers/Contracts.php(60): view()
#3 /opt/bitnami/apache/htdocs/vh/vendor/codeigniter4/framework/system/CodeIgniter.php(832): App\Controllers\Contracts->save()
#4 /opt/bitnami/apache/htdocs/vh/vendor/codeigniter4/framework/system/CodeIgniter.php(419): CodeIgniter\CodeIgniter->runController()
#5 /opt/bitnami/apache/htdocs/vh/vendor/codeigniter4/framework/system/CodeIgniter.php(326): CodeIgniter\CodeIgniter->handleRequest()
#6 /opt/bitnami/apache/htdocs/vh/index.php(37): CodeIgniter\CodeIgniter->run()
#7 {main}
CRITICAL - 2022-12-13 10:42:38 --> Cannot access offset of type string on string
#0 /opt/bitnami/apache/htdocs/vh/vendor/codeigniter4/framework/system/View/View.php(210): include()
#1 /opt/bitnami/apache/htdocs/vh/vendor/codeigniter4/framework/system/View/View.php(213): CodeIgniter\View\View->CodeIgniter\View\{closure}()
#2 /opt/bitnami/apache/htdocs/vh/vendor/codeigniter4/framework/system/Common.php(1089): CodeIgniter\View\View->render()
#3 /opt/bitnami/apache/htdocs/vh/app/Controllers/Contracts.php(43): view()
#4 /opt/bitnami/apache/htdocs/vh/vendor/codeigniter4/framework/system/CodeIgniter.php(832): App\Controllers\Contracts->save()
#5 /opt/bitnami/apache/htdocs/vh/vendor/codeigniter4/framework/system/CodeIgniter.php(419): CodeIgniter\CodeIgniter->runController()
#6 /opt/bitnami/apache/htdocs/vh/vendor/codeigniter4/framework/system/CodeIgniter.php(326): CodeIgniter\CodeIgniter->handleRequest()
#7 /opt/bitnami/apache/htdocs/vh/index.php(37): CodeIgniter\CodeIgniter->run()
#8 {main}
CRITICAL - 2022-12-13 10:44:42 --> Undefined array key "errors"
#0 /opt/bitnami/apache/htdocs/vh/app/Views/exchange/contracts/create.php(21): CodeIgniter\Debug\Exceptions->errorHandler()
#1 /opt/bitnami/apache/htdocs/vh/vendor/codeigniter4/framework/system/View/View.php(210): include('...')
#2 /opt/bitnami/apache/htdocs/vh/vendor/codeigniter4/framework/system/View/View.php(213): CodeIgniter\View\View->CodeIgniter\View\{closure}()
#3 /opt/bitnami/apache/htdocs/vh/vendor/codeigniter4/framework/system/Common.php(1089): CodeIgniter\View\View->render()
#4 /opt/bitnami/apache/htdocs/vh/app/Controllers/Contracts.php(45): view()
#5 /opt/bitnami/apache/htdocs/vh/vendor/codeigniter4/framework/system/CodeIgniter.php(832): App\Controllers\Contracts->save()
#6 /opt/bitnami/apache/htdocs/vh/vendor/codeigniter4/framework/system/CodeIgniter.php(419): CodeIgniter\CodeIgniter->runController()
#7 /opt/bitnami/apache/htdocs/vh/vendor/codeigniter4/framework/system/CodeIgniter.php(326): CodeIgniter\CodeIgniter->handleRequest()
#8 /opt/bitnami/apache/htdocs/vh/index.php(37): CodeIgniter\CodeIgniter->run()
#9 {main}
CRITICAL - 2022-12-13 10:44:59 --> Undefined array key "errors"
#0 /opt/bitnami/apache/htdocs/vh/app/Views/exchange/contracts/create.php(21): CodeIgniter\Debug\Exceptions->errorHandler()
#1 /opt/bitnami/apache/htdocs/vh/vendor/codeigniter4/framework/system/View/View.php(210): include('...')
#2 /opt/bitnami/apache/htdocs/vh/vendor/codeigniter4/framework/system/View/View.php(213): CodeIgniter\View\View->CodeIgniter\View\{closure}()
#3 /opt/bitnami/apache/htdocs/vh/vendor/codeigniter4/framework/system/Common.php(1089): CodeIgniter\View\View->render()
#4 /opt/bitnami/apache/htdocs/vh/app/Controllers/Contracts.php(45): view()
#5 /opt/bitnami/apache/htdocs/vh/vendor/codeigniter4/framework/system/CodeIgniter.php(832): App\Controllers\Contracts->save()
#6 /opt/bitnami/apache/htdocs/vh/vendor/codeigniter4/framework/system/CodeIgniter.php(419): CodeIgniter\CodeIgniter->runController()
#7 /opt/bitnami/apache/htdocs/vh/vendor/codeigniter4/framework/system/CodeIgniter.php(326): CodeIgniter\CodeIgniter->handleRequest()
#8 /opt/bitnami/apache/htdocs/vh/index.php(37): CodeIgniter\CodeIgniter->run()
#9 {main}
CRITICAL - 2022-12-13 10:46:11 --> foreach() argument must be of type array|object, string given
#0 /opt/bitnami/apache/htdocs/vh/app/Views/exchange/contracts/create.php(21): CodeIgniter\Debug\Exceptions->errorHandler()
#1 /opt/bitnami/apache/htdocs/vh/vendor/codeigniter4/framework/system/View/View.php(210): include('...')
#2 /opt/bitnami/apache/htdocs/vh/vendor/codeigniter4/framework/system/View/View.php(213): CodeIgniter\View\View->CodeIgniter\View\{closure}()
#3 /opt/bitnami/apache/htdocs/vh/vendor/codeigniter4/framework/system/Common.php(1089): CodeIgniter\View\View->render()
#4 /opt/bitnami/apache/htdocs/vh/app/Controllers/Contracts.php(45): view()
#5 /opt/bitnami/apache/htdocs/vh/vendor/codeigniter4/framework/system/CodeIgniter.php(832): App\Controllers\Contracts->save()
#6 /opt/bitnami/apache/htdocs/vh/vendor/codeigniter4/framework/system/CodeIgniter.php(419): CodeIgniter\CodeIgniter->runController()
#7 /opt/bitnami/apache/htdocs/vh/vendor/codeigniter4/framework/system/CodeIgniter.php(326): CodeIgniter\CodeIgniter->handleRequest()
#8 /opt/bitnami/apache/htdocs/vh/index.php(37): CodeIgniter\CodeIgniter->run()
#9 {main}
CRITICAL - 2022-12-13 10:47:02 --> foreach() argument must be of type array|object, string given
#0 /opt/bitnami/apache/htdocs/vh/app/Views/exchange/contracts/create.php(21): CodeIgniter\Debug\Exceptions->errorHandler()
#1 /opt/bitnami/apache/htdocs/vh/vendor/codeigniter4/framework/system/View/View.php(210): include('...')
#2 /opt/bitnami/apache/htdocs/vh/vendor/codeigniter4/framework/system/View/View.php(213): CodeIgniter\View\View->CodeIgniter\View\{closure}()
#3 /opt/bitnami/apache/htdocs/vh/vendor/codeigniter4/framework/system/Common.php(1089): CodeIgniter\View\View->render()
#4 /opt/bitnami/apache/htdocs/vh/app/Controllers/Contracts.php(45): view()
#5 /opt/bitnami/apache/htdocs/vh/vendor/codeigniter4/framework/system/CodeIgniter.php(832): App\Controllers\Contracts->save()
#6 /opt/bitnami/apache/htdocs/vh/vendor/codeigniter4/framework/system/CodeIgniter.php(419): CodeIgniter\CodeIgniter->runController()
#7 /opt/bitnami/apache/htdocs/vh/vendor/codeigniter4/framework/system/CodeIgniter.php(326): CodeIgniter\CodeIgniter->handleRequest()
#8 /opt/bitnami/apache/htdocs/vh/index.php(37): CodeIgniter\CodeIgniter->run()
#9 {main}
CRITICAL - 2022-12-13 10:55:11 --> Undefined variable $datas
#0 /opt/bitnami/apache/htdocs/vh/app/Controllers/Contracts.php(43): CodeIgniter\Debug\Exceptions->errorHandler()
#1 /opt/bitnami/apache/htdocs/vh/vendor/codeigniter4/framework/system/CodeIgniter.php(832): App\Controllers\Contracts->save()
#2 /opt/bitnami/apache/htdocs/vh/vendor/codeigniter4/framework/system/CodeIgniter.php(419): CodeIgniter\CodeIgniter->runController()
#3 /opt/bitnami/apache/htdocs/vh/vendor/codeigniter4/framework/system/CodeIgniter.php(326): CodeIgniter\CodeIgniter->handleRequest()
#4 /opt/bitnami/apache/htdocs/vh/index.php(37): CodeIgniter\CodeIgniter->run()
#5 {main}
CRITICAL - 2022-12-13 10:55:27 --> Undefined variable $datas
#0 /opt/bitnami/apache/htdocs/vh/app/Controllers/Contracts.php(43): CodeIgniter\Debug\Exceptions->errorHandler()
#1 /opt/bitnami/apache/htdocs/vh/vendor/codeigniter4/framework/system/CodeIgniter.php(832): App\Controllers\Contracts->save()
#2 /opt/bitnami/apache/htdocs/vh/vendor/codeigniter4/framework/system/CodeIgniter.php(419): CodeIgniter\CodeIgniter->runController()
#3 /opt/bitnami/apache/htdocs/vh/vendor/codeigniter4/framework/system/CodeIgniter.php(326): CodeIgniter\CodeIgniter->handleRequest()
#4 /opt/bitnami/apache/htdocs/vh/index.php(37): CodeIgniter\CodeIgniter->run()
#5 {main}
CRITICAL - 2022-12-13 10:55:58 --> Undefined variable $datas
#0 /opt/bitnami/apache/htdocs/vh/app/Controllers/Contracts.php(43): CodeIgniter\Debug\Exceptions->errorHandler()
#1 /opt/bitnami/apache/htdocs/vh/vendor/codeigniter4/framework/system/CodeIgniter.php(832): App\Controllers\Contracts->save()
#2 /opt/bitnami/apache/htdocs/vh/vendor/codeigniter4/framework/system/CodeIgniter.php(419): CodeIgniter\CodeIgniter->runController()
#3 /opt/bitnami/apache/htdocs/vh/vendor/codeigniter4/framework/system/CodeIgniter.php(326): CodeIgniter\CodeIgniter->handleRequest()
#4 /opt/bitnami/apache/htdocs/vh/index.php(37): CodeIgniter\CodeIgniter->run()
#5 {main}
CRITICAL - 2022-12-13 12:34:52 --> syntax error, unexpected token "echo"
#0 /opt/bitnami/apache/htdocs/vh/vendor/codeigniter4/framework/system/View/View.php(213): CodeIgniter\View\View->CodeIgniter\View\{closure}()
#1 /opt/bitnami/apache/htdocs/vh/vendor/codeigniter4/framework/system/Common.php(1089): CodeIgniter\View\View->render()
#2 /opt/bitnami/apache/htdocs/vh/app/Controllers/Contracts.php(27): view()
#3 /opt/bitnami/apache/htdocs/vh/vendor/codeigniter4/framework/system/CodeIgniter.php(832): App\Controllers\Contracts->create()
#4 /opt/bitnami/apache/htdocs/vh/vendor/codeigniter4/framework/system/CodeIgniter.php(419): CodeIgniter\CodeIgniter->runController()
#5 /opt/bitnami/apache/htdocs/vh/vendor/codeigniter4/framework/system/CodeIgniter.php(326): CodeIgniter\CodeIgniter->handleRequest()
#6 /opt/bitnami/apache/htdocs/vh/index.php(37): CodeIgniter\CodeIgniter->run()
#7 {main}
CRITICAL - 2022-12-13 12:35:13 --> Undefined array key "contract_exp_date_input"
#0 /opt/bitnami/apache/htdocs/vh/app/Views/exchange/contracts/create.php(207): CodeIgniter\Debug\Exceptions->errorHandler()
#1 /opt/bitnami/apache/htdocs/vh/vendor/codeigniter4/framework/system/View/View.php(210): include('...')
#2 /opt/bitnami/apache/htdocs/vh/vendor/codeigniter4/framework/system/View/View.php(213): CodeIgniter\View\View->CodeIgniter\View\{closure}()
#3 /opt/bitnami/apache/htdocs/vh/vendor/codeigniter4/framework/system/Common.php(1089): CodeIgniter\View\View->render()
#4 /opt/bitnami/apache/htdocs/vh/app/Controllers/Contracts.php(27): view()
#5 /opt/bitnami/apache/htdocs/vh/vendor/codeigniter4/framework/system/CodeIgniter.php(832): App\Controllers\Contracts->create()
#6 /opt/bitnami/apache/htdocs/vh/vendor/codeigniter4/framework/system/CodeIgniter.php(419): CodeIgniter\CodeIgniter->runController()
#7 /opt/bitnami/apache/htdocs/vh/vendor/codeigniter4/framework/system/CodeIgniter.php(326): CodeIgniter\CodeIgniter->handleRequest()
#8 /opt/bitnami/apache/htdocs/vh/index.php(37): CodeIgniter\CodeIgniter->run()
#9 {main}
CRITICAL - 2022-12-13 12:44:33 --> date(): Argument #2 ($timestamp) must be of type ?int, string given
#0 /opt/bitnami/apache/htdocs/vh/app/Views/exchange/contracts/create.php(560): date()
#1 /opt/bitnami/apache/htdocs/vh/vendor/codeigniter4/framework/system/View/View.php(210): include('...')
#2 /opt/bitnami/apache/htdocs/vh/vendor/codeigniter4/framework/system/View/View.php(213): CodeIgniter\View\View->CodeIgniter\View\{closure}()
#3 /opt/bitnami/apache/htdocs/vh/vendor/codeigniter4/framework/system/Common.php(1089): CodeIgniter\View\View->render()
#4 /opt/bitnami/apache/htdocs/vh/app/Controllers/Contracts.php(66): view()
#5 /opt/bitnami/apache/htdocs/vh/vendor/codeigniter4/framework/system/CodeIgniter.php(832): App\Controllers\Contracts->save()
#6 /opt/bitnami/apache/htdocs/vh/vendor/codeigniter4/framework/system/CodeIgniter.php(419): CodeIgniter\CodeIgniter->runController()
#7 /opt/bitnami/apache/htdocs/vh/vendor/codeigniter4/framework/system/CodeIgniter.php(326): CodeIgniter\CodeIgniter->handleRequest()
#8 /opt/bitnami/apache/htdocs/vh/index.php(37): CodeIgniter\CodeIgniter->run()
#9 {main}
CRITICAL - 2022-12-13 12:45:10 --> date(): Argument #2 ($timestamp) must be of type ?int, string given
#0 /opt/bitnami/apache/htdocs/vh/app/Views/exchange/contracts/create.php(560): date()
#1 /opt/bitnami/apache/htdocs/vh/vendor/codeigniter4/framework/system/View/View.php(210): include('...')
#2 /opt/bitnami/apache/htdocs/vh/vendor/codeigniter4/framework/system/View/View.php(213): CodeIgniter\View\View->CodeIgniter\View\{closure}()
#3 /opt/bitnami/apache/htdocs/vh/vendor/codeigniter4/framework/system/Common.php(1089): CodeIgniter\View\View->render()
#4 /opt/bitnami/apache/htdocs/vh/app/Controllers/Contracts.php(66): view()
#5 /opt/bitnami/apache/htdocs/vh/vendor/codeigniter4/framework/system/CodeIgniter.php(832): App\Controllers\Contracts->save()
#6 /opt/bitnami/apache/htdocs/vh/vendor/codeigniter4/framework/system/CodeIgniter.php(419): CodeIgniter\CodeIgniter->runController()
#7 /opt/bitnami/apache/htdocs/vh/vendor/codeigniter4/framework/system/CodeIgniter.php(326): CodeIgniter\CodeIgniter->handleRequest()
#8 /opt/bitnami/apache/htdocs/vh/index.php(37): CodeIgniter\CodeIgniter->run()
#9 {main}
CRITICAL - 2022-12-13 12:45:30 --> date(): Argument #2 ($timestamp) must be of type ?int, string given
#0 /opt/bitnami/apache/htdocs/vh/app/Views/exchange/contracts/create.php(560): date()
#1 /opt/bitnami/apache/htdocs/vh/vendor/codeigniter4/framework/system/View/View.php(210): include('...')
#2 /opt/bitnami/apache/htdocs/vh/vendor/codeigniter4/framework/system/View/View.php(213): CodeIgniter\View\View->CodeIgniter\View\{closure}()
#3 /opt/bitnami/apache/htdocs/vh/vendor/codeigniter4/framework/system/Common.php(1089): CodeIgniter\View\View->render()
#4 /opt/bitnami/apache/htdocs/vh/app/Controllers/Contracts.php(66): view()
#5 /opt/bitnami/apache/htdocs/vh/vendor/codeigniter4/framework/system/CodeIgniter.php(832): App\Controllers\Contracts->save()
#6 /opt/bitnami/apache/htdocs/vh/vendor/codeigniter4/framework/system/CodeIgniter.php(419): CodeIgniter\CodeIgniter->runController()
#7 /opt/bitnami/apache/htdocs/vh/vendor/codeigniter4/framework/system/CodeIgniter.php(326): CodeIgniter\CodeIgniter->handleRequest()
#8 /opt/bitnami/apache/htdocs/vh/index.php(37): CodeIgniter\CodeIgniter->run()
#9 {main}
CRITICAL - 2022-12-13 13:38:45 --> date(): Argument #2 ($timestamp) must be of type ?int, string given
#0 /opt/bitnami/apache/htdocs/vh/app/Views/exchange/contracts/create.php(56): date()
#1 /opt/bitnami/apache/htdocs/vh/vendor/codeigniter4/framework/system/View/View.php(210): include('...')
#2 /opt/bitnami/apache/htdocs/vh/vendor/codeigniter4/framework/system/View/View.php(213): CodeIgniter\View\View->CodeIgniter\View\{closure}()
#3 /opt/bitnami/apache/htdocs/vh/vendor/codeigniter4/framework/system/Common.php(1089): CodeIgniter\View\View->render()
#4 /opt/bitnami/apache/htdocs/vh/app/Controllers/Contracts.php(66): view()
#5 /opt/bitnami/apache/htdocs/vh/vendor/codeigniter4/framework/system/CodeIgniter.php(832): App\Controllers\Contracts->save()
#6 /opt/bitnami/apache/htdocs/vh/vendor/codeigniter4/framework/system/CodeIgniter.php(419): CodeIgniter\CodeIgniter->runController()
#7 /opt/bitnami/apache/htdocs/vh/vendor/codeigniter4/framework/system/CodeIgniter.php(326): CodeIgniter\CodeIgniter->handleRequest()
#8 /opt/bitnami/apache/htdocs/vh/index.php(37): CodeIgniter\CodeIgniter->run()
#9 {main}
CRITICAL - 2022-12-13 14:47:23 --> date(): Argument #2 ($timestamp) must be of type ?int, string given
#0 /opt/bitnami/apache/htdocs/vh/app/Views/exchange/contracts/create.php(47): date()
#1 /opt/bitnami/apache/htdocs/vh/vendor/codeigniter4/framework/system/View/View.php(210): include('...')
#2 /opt/bitnami/apache/htdocs/vh/vendor/codeigniter4/framework/system/View/View.php(213): CodeIgniter\View\View->CodeIgniter\View\{closure}()
#3 /opt/bitnami/apache/htdocs/vh/vendor/codeigniter4/framework/system/Common.php(1089): CodeIgniter\View\View->render()
#4 /opt/bitnami/apache/htdocs/vh/app/Controllers/Contracts.php(66): view()
#5 /opt/bitnami/apache/htdocs/vh/vendor/codeigniter4/framework/system/CodeIgniter.php(832): App\Controllers\Contracts->save()
#6 /opt/bitnami/apache/htdocs/vh/vendor/codeigniter4/framework/system/CodeIgniter.php(419): CodeIgniter\CodeIgniter->runController()
#7 /opt/bitnami/apache/htdocs/vh/vendor/codeigniter4/framework/system/CodeIgniter.php(326): CodeIgniter\CodeIgniter->handleRequest()
#8 /opt/bitnami/apache/htdocs/vh/index.php(37): CodeIgniter\CodeIgniter->run()
#9 {main}
CRITICAL - 2022-12-13 15:44:39 --> date(): Argument #2 ($timestamp) must be of type ?int, string given
#0 /opt/bitnami/apache/htdocs/vh/app/Views/exchange/contracts/create.php(47): date()
#1 /opt/bitnami/apache/htdocs/vh/vendor/codeigniter4/framework/system/View/View.php(210): include('...')
#2 /opt/bitnami/apache/htdocs/vh/vendor/codeigniter4/framework/system/View/View.php(213): CodeIgniter\View\View->CodeIgniter\View\{closure}()
#3 /opt/bitnami/apache/htdocs/vh/vendor/codeigniter4/framework/system/Common.php(1089): CodeIgniter\View\View->render()
#4 /opt/bitnami/apache/htdocs/vh/app/Controllers/Contracts.php(66): view()
#5 /opt/bitnami/apache/htdocs/vh/vendor/codeigniter4/framework/system/CodeIgniter.php(832): App\Controllers\Contracts->save()
#6 /opt/bitnami/apache/htdocs/vh/vendor/codeigniter4/framework/system/CodeIgniter.php(419): CodeIgniter\CodeIgniter->runController()
#7 /opt/bitnami/apache/htdocs/vh/vendor/codeigniter4/framework/system/CodeIgniter.php(326): CodeIgniter\CodeIgniter->handleRequest()
#8 /opt/bitnami/apache/htdocs/vh/index.php(37): CodeIgniter\CodeIgniter->run()
#9 {main}
CRITICAL - 2022-12-13 15:50:02 --> date(): Argument #2 ($timestamp) must be of type ?int, string given
#0 /opt/bitnami/apache/htdocs/vh/app/Views/exchange/contracts/create.php(55): date()
#1 /opt/bitnami/apache/htdocs/vh/vendor/codeigniter4/framework/system/View/View.php(210): include('...')
#2 /opt/bitnami/apache/htdocs/vh/vendor/codeigniter4/framework/system/View/View.php(213): CodeIgniter\View\View->CodeIgniter\View\{closure}()
#3 /opt/bitnami/apache/htdocs/vh/vendor/codeigniter4/framework/system/Common.php(1089): CodeIgniter\View\View->render()
#4 /opt/bitnami/apache/htdocs/vh/app/Controllers/Contracts.php(66): view()
#5 /opt/bitnami/apache/htdocs/vh/vendor/codeigniter4/framework/system/CodeIgniter.php(832): App\Controllers\Contracts->save()
#6 /opt/bitnami/apache/htdocs/vh/vendor/codeigniter4/framework/system/CodeIgniter.php(419): CodeIgniter\CodeIgniter->runController()
#7 /opt/bitnami/apache/htdocs/vh/vendor/codeigniter4/framework/system/CodeIgniter.php(326): CodeIgniter\CodeIgniter->handleRequest()
#8 /opt/bitnami/apache/htdocs/vh/index.php(37): CodeIgniter\CodeIgniter->run()
#9 {main}
CRITICAL - 2022-12-13 15:56:05 --> date(): Argument #2 ($timestamp) must be of type ?int, string given
#0 /opt/bitnami/apache/htdocs/vh/app/Views/exchange/contracts/create.php(48): date()
#1 /opt/bitnami/apache/htdocs/vh/vendor/codeigniter4/framework/system/View/View.php(210): include('...')
#2 /opt/bitnami/apache/htdocs/vh/vendor/codeigniter4/framework/system/View/View.php(213): CodeIgniter\View\View->CodeIgniter\View\{closure}()
#3 /opt/bitnami/apache/htdocs/vh/vendor/codeigniter4/framework/system/Common.php(1089): CodeIgniter\View\View->render()
#4 /opt/bitnami/apache/htdocs/vh/app/Controllers/Contracts.php(66): view()
#5 /opt/bitnami/apache/htdocs/vh/vendor/codeigniter4/framework/system/CodeIgniter.php(832): App\Controllers\Contracts->save()
#6 /opt/bitnami/apache/htdocs/vh/vendor/codeigniter4/framework/system/CodeIgniter.php(419): CodeIgniter\CodeIgniter->runController()
#7 /opt/bitnami/apache/htdocs/vh/vendor/codeigniter4/framework/system/CodeIgniter.php(326): CodeIgniter\CodeIgniter->handleRequest()
#8 /opt/bitnami/apache/htdocs/vh/index.php(37): CodeIgniter\CodeIgniter->run()
#9 {main}
CRITICAL - 2022-12-13 15:56:22 --> date(): Argument #2 ($timestamp) must be of type ?int, string given
#0 /opt/bitnami/apache/htdocs/vh/app/Views/exchange/contracts/create.php(48): date()
#1 /opt/bitnami/apache/htdocs/vh/vendor/codeigniter4/framework/system/View/View.php(210): include('...')
#2 /opt/bitnami/apache/htdocs/vh/vendor/codeigniter4/framework/system/View/View.php(213): CodeIgniter\View\View->CodeIgniter\View\{closure}()
#3 /opt/bitnami/apache/htdocs/vh/vendor/codeigniter4/framework/system/Common.php(1089): CodeIgniter\View\View->render()
#4 /opt/bitnami/apache/htdocs/vh/app/Controllers/Contracts.php(66): view()
#5 /opt/bitnami/apache/htdocs/vh/vendor/codeigniter4/framework/system/CodeIgniter.php(832): App\Controllers\Contracts->save()
#6 /opt/bitnami/apache/htdocs/vh/vendor/codeigniter4/framework/system/CodeIgniter.php(419): CodeIgniter\CodeIgniter->runController()
#7 /opt/bitnami/apache/htdocs/vh/vendor/codeigniter4/framework/system/CodeIgniter.php(326): CodeIgniter\CodeIgniter->handleRequest()
#8 /opt/bitnami/apache/htdocs/vh/index.php(37): CodeIgniter\CodeIgniter->run()
#9 {main}
CRITICAL - 2022-12-13 15:57:16 --> date(): Argument #2 ($timestamp) must be of type ?int, string given
#0 /opt/bitnami/apache/htdocs/vh/app/Views/exchange/contracts/create.php(48): date()
#1 /opt/bitnami/apache/htdocs/vh/vendor/codeigniter4/framework/system/View/View.php(210): include('...')
#2 /opt/bitnami/apache/htdocs/vh/vendor/codeigniter4/framework/system/View/View.php(213): CodeIgniter\View\View->CodeIgniter\View\{closure}()
#3 /opt/bitnami/apache/htdocs/vh/vendor/codeigniter4/framework/system/Common.php(1089): CodeIgniter\View\View->render()
#4 /opt/bitnami/apache/htdocs/vh/app/Controllers/Contracts.php(66): view()
#5 /opt/bitnami/apache/htdocs/vh/vendor/codeigniter4/framework/system/CodeIgniter.php(832): App\Controllers\Contracts->save()
#6 /opt/bitnami/apache/htdocs/vh/vendor/codeigniter4/framework/system/CodeIgniter.php(419): CodeIgniter\CodeIgniter->runController()
#7 /opt/bitnami/apache/htdocs/vh/vendor/codeigniter4/framework/system/CodeIgniter.php(326): CodeIgniter\CodeIgniter->handleRequest()
#8 /opt/bitnami/apache/htdocs/vh/index.php(37): CodeIgniter\CodeIgniter->run()
#9 {main}
CRITICAL - 2022-12-13 16:47:48 --> date(): Argument #2 ($timestamp) must be of type ?int, string given
#0 /opt/bitnami/apache/htdocs/vh/app/Views/exchange/contracts/create.php(48): date()
#1 /opt/bitnami/apache/htdocs/vh/vendor/codeigniter4/framework/system/View/View.php(210): include('...')
#2 /opt/bitnami/apache/htdocs/vh/vendor/codeigniter4/framework/system/View/View.php(213): CodeIgniter\View\View->CodeIgniter\View\{closure}()
#3 /opt/bitnami/apache/htdocs/vh/vendor/codeigniter4/framework/system/Common.php(1089): CodeIgniter\View\View->render()
#4 /opt/bitnami/apache/htdocs/vh/app/Controllers/Contracts.php(66): view()
#5 /opt/bitnami/apache/htdocs/vh/vendor/codeigniter4/framework/system/CodeIgniter.php(832): App\Controllers\Contracts->save()
#6 /opt/bitnami/apache/htdocs/vh/vendor/codeigniter4/framework/system/CodeIgniter.php(419): CodeIgniter\CodeIgniter->runController()
#7 /opt/bitnami/apache/htdocs/vh/vendor/codeigniter4/framework/system/CodeIgniter.php(326): CodeIgniter\CodeIgniter->handleRequest()
#8 /opt/bitnami/apache/htdocs/vh/index.php(37): CodeIgniter\CodeIgniter->run()
#9 {main}
CRITICAL - 2022-12-13 16:55:39 --> syntax error, unexpected token "}"
#0 /opt/bitnami/apache/htdocs/vh/vendor/codeigniter4/framework/system/View/View.php(213): CodeIgniter\View\View->CodeIgniter\View\{closure}()
#1 /opt/bitnami/apache/htdocs/vh/vendor/codeigniter4/framework/system/Common.php(1089): CodeIgniter\View\View->render()
#2 /opt/bitnami/apache/htdocs/vh/app/Controllers/Contracts.php(27): view()
#3 /opt/bitnami/apache/htdocs/vh/vendor/codeigniter4/framework/system/CodeIgniter.php(832): App\Controllers\Contracts->create()
#4 /opt/bitnami/apache/htdocs/vh/vendor/codeigniter4/framework/system/CodeIgniter.php(419): CodeIgniter\CodeIgniter->runController()
#5 /opt/bitnami/apache/htdocs/vh/vendor/codeigniter4/framework/system/CodeIgniter.php(326): CodeIgniter\CodeIgniter->handleRequest()
#6 /opt/bitnami/apache/htdocs/vh/index.php(37): CodeIgniter\CodeIgniter->run()
#7 {main}
CRITICAL - 2022-12-13 17:35:03 --> syntax error, unexpected double-quote mark
#0 /opt/bitnami/apache/htdocs/vh/vendor/codeigniter4/framework/system/Language/Language.php(223): CodeIgniter\Language\Language->requireFile()
#1 /opt/bitnami/apache/htdocs/vh/vendor/codeigniter4/framework/system/Language/Language.php(164): CodeIgniter\Language\Language->load()
#2 /opt/bitnami/apache/htdocs/vh/vendor/codeigniter4/framework/system/Language/Language.php(99): CodeIgniter\Language\Language->parseLine()
#3 /opt/bitnami/apache/htdocs/vh/vendor/codeigniter4/framework/system/Common.php(721): CodeIgniter\Language\Language->getLine()
#4 /opt/bitnami/apache/htdocs/vh/app/Controllers/Contracts.php(43): lang()
#5 /opt/bitnami/apache/htdocs/vh/vendor/codeigniter4/framework/system/CodeIgniter.php(832): App\Controllers\Contracts->save()
#6 /opt/bitnami/apache/htdocs/vh/vendor/codeigniter4/framework/system/CodeIgniter.php(419): CodeIgniter\CodeIgniter->runController()
#7 /opt/bitnami/apache/htdocs/vh/vendor/codeigniter4/framework/system/CodeIgniter.php(326): CodeIgniter\CodeIgniter->handleRequest()
#8 /opt/bitnami/apache/htdocs/vh/index.php(37): CodeIgniter\CodeIgniter->run()
#9 {main}
CRITICAL - 2022-12-13 22:17:53 --> Cannot use object of type stdClass as array
#0 /opt/bitnami/apache/htdocs/vh/vendor/codeigniter4/framework/system/View/View.php(210): include()
#1 /opt/bitnami/apache/htdocs/vh/vendor/codeigniter4/framework/system/View/View.php(213): CodeIgniter\View\View->CodeIgniter\View\{closure}()
#2 /opt/bitnami/apache/htdocs/vh/vendor/codeigniter4/framework/system/Common.php(1089): CodeIgniter\View\View->render()
#3 /opt/bitnami/apache/htdocs/vh/app/Controllers/Contracts.php(20): view()
#4 /opt/bitnami/apache/htdocs/vh/vendor/codeigniter4/framework/system/CodeIgniter.php(832): App\Controllers\Contracts->index()
#5 /opt/bitnami/apache/htdocs/vh/vendor/codeigniter4/framework/system/CodeIgniter.php(419): CodeIgniter\CodeIgniter->runController()
#6 /opt/bitnami/apache/htdocs/vh/vendor/codeigniter4/framework/system/CodeIgniter.php(326): CodeIgniter\CodeIgniter->handleRequest()
#7 /opt/bitnami/apache/htdocs/vh/index.php(37): CodeIgniter\CodeIgniter->run()
#8 {main}
CRITICAL - 2022-12-13 22:25:35 --> Object of class stdClass could not be converted to string
#0 /opt/bitnami/apache/htdocs/vh/vendor/codeigniter4/framework/system/View/View.php(210): include()
#1 /opt/bitnami/apache/htdocs/vh/vendor/codeigniter4/framework/system/View/View.php(213): CodeIgniter\View\View->CodeIgniter\View\{closure}()
#2 /opt/bitnami/apache/htdocs/vh/vendor/codeigniter4/framework/system/Common.php(1089): CodeIgniter\View\View->render()
#3 /opt/bitnami/apache/htdocs/vh/app/Controllers/Contracts.php(20): view()
#4 /opt/bitnami/apache/htdocs/vh/vendor/codeigniter4/framework/system/CodeIgniter.php(832): App\Controllers\Contracts->index()
#5 /opt/bitnami/apache/htdocs/vh/vendor/codeigniter4/framework/system/CodeIgniter.php(419): CodeIgniter\CodeIgniter->runController()
#6 /opt/bitnami/apache/htdocs/vh/vendor/codeigniter4/framework/system/CodeIgniter.php(326): CodeIgniter\CodeIgniter->handleRequest()
#7 /opt/bitnami/apache/htdocs/vh/index.php(37): CodeIgniter\CodeIgniter->run()
#8 {main}
CRITICAL - 2022-12-13 22:25:47 --> Object of class stdClass could not be converted to string
#0 /opt/bitnami/apache/htdocs/vh/vendor/codeigniter4/framework/system/View/View.php(210): include()
#1 /opt/bitnami/apache/htdocs/vh/vendor/codeigniter4/framework/system/View/View.php(213): CodeIgniter\View\View->CodeIgniter\View\{closure}()
#2 /opt/bitnami/apache/htdocs/vh/vendor/codeigniter4/framework/system/Common.php(1089): CodeIgniter\View\View->render()
#3 /opt/bitnami/apache/htdocs/vh/app/Controllers/Contracts.php(20): view()
#4 /opt/bitnami/apache/htdocs/vh/vendor/codeigniter4/framework/system/CodeIgniter.php(832): App\Controllers\Contracts->index()
#5 /opt/bitnami/apache/htdocs/vh/vendor/codeigniter4/framework/system/CodeIgniter.php(419): CodeIgniter\CodeIgniter->runController()
#6 /opt/bitnami/apache/htdocs/vh/vendor/codeigniter4/framework/system/CodeIgniter.php(326): CodeIgniter\CodeIgniter->handleRequest()
#7 /opt/bitnami/apache/htdocs/vh/index.php(37): CodeIgniter\CodeIgniter->run()
#8 {main}
